Loading Train_Validation set
Splitting Data
Transforming Train set
Transforming Validation set
The train set contains 684315 images, in 2674 batches
The validation set contains 171079 images, in 669 batches
Computing train data mean
step1
step2
1/669
tensor(0.0122)
2/669
tensor(0.0122)
3/669
tensor(0.0129)
4/669
tensor(0.0132)
5/669
tensor(0.0129)
6/669
tensor(0.0128)
7/669
tensor(0.0130)
8/669
tensor(0.0130)
9/669
tensor(0.0128)
10/669
tensor(0.0131)
11/669
tensor(0.0129)
12/669
tensor(0.0131)
13/669
tensor(0.0131)
14/669
tensor(0.0130)
15/669
tensor(0.0132)
16/669
tensor(0.0133)
17/669
tensor(0.0133)
18/669
tensor(0.0132)
19/669
tensor(0.0132)
20/669
tensor(0.0132)
21/669
tensor(0.0132)
22/669
tensor(0.0132)
23/669
tensor(0.0132)
24/669
tensor(0.0131)
25/669
tensor(0.0131)
26/669
tensor(0.0132)
27/669
tensor(0.0132)
28/669
tensor(0.0132)
29/669
tensor(0.0132)
30/669
tensor(0.0132)
31/669
tensor(0.0133)
32/669
tensor(0.0133)
33/669
tensor(0.0133)
34/669
tensor(0.0132)
35/669
tensor(0.0133)
36/669
tensor(0.0133)
37/669
tensor(0.0133)
38/669
tensor(0.0133)
39/669
tensor(0.0133)
40/669
tensor(0.0133)
41/669
tensor(0.0132)
42/669
tensor(0.0132)
43/669
tensor(0.0132)
44/669
tensor(0.0133)
45/669
tensor(0.0133)
46/669
tensor(0.0133)
47/669
tensor(0.0133)
48/669
tensor(0.0133)
49/669
tensor(0.0134)
50/669
tensor(0.0133)
51/669
tensor(0.0133)
52/669
tensor(0.0134)
53/669
tensor(0.0133)
54/669
tensor(0.0133)
55/669
tensor(0.0133)
56/669
tensor(0.0133)
57/669
tensor(0.0133)
58/669
tensor(0.0132)
59/669
tensor(0.0132)
60/669
tensor(0.0133)
61/669
tensor(0.0133)
62/669
tensor(0.0133)
63/669
tensor(0.0133)
64/669
tensor(0.0133)
65/669
tensor(0.0133)
66/669
tensor(0.0133)
67/669
tensor(0.0133)
68/669
tensor(0.0133)
69/669
tensor(0.0133)
70/669
tensor(0.0133)
71/669
tensor(0.0132)
72/669
tensor(0.0132)
73/669
tensor(0.0133)
74/669
tensor(0.0132)
75/669
tensor(0.0132)
76/669
tensor(0.0133)
77/669
tensor(0.0133)
78/669
tensor(0.0133)
79/669
tensor(0.0133)
80/669
tensor(0.0133)
81/669
tensor(0.0132)
82/669
tensor(0.0133)
83/669
tensor(0.0133)
84/669
tensor(0.0132)
85/669
tensor(0.0132)
86/669
tensor(0.0132)
87/669
tensor(0.0132)
88/669
tensor(0.0132)
89/669
tensor(0.0132)
90/669
tensor(0.0132)
91/669
tensor(0.0131)
92/669
tensor(0.0132)
93/669
tensor(0.0132)
94/669
tensor(0.0132)
95/669
tensor(0.0132)
96/669
tensor(0.0132)
97/669
tensor(0.0132)
98/669
tensor(0.0132)
99/669
tensor(0.0132)
100/669
tensor(0.0132)
101/669
tensor(0.0132)
102/669
tensor(0.0132)
103/669
tensor(0.0132)
104/669
tensor(0.0132)
105/669
tensor(0.0132)
106/669
tensor(0.0132)
107/669
tensor(0.0132)
108/669
tensor(0.0132)
109/669
tensor(0.0132)
110/669
tensor(0.0132)
111/669
tensor(0.0132)
112/669
tensor(0.0132)
113/669
tensor(0.0132)
114/669
tensor(0.0132)
115/669
tensor(0.0131)
116/669
tensor(0.0131)
117/669
tensor(0.0131)
118/669
tensor(0.0131)
119/669
tensor(0.0131)
120/669
tensor(0.0131)
121/669
tensor(0.0131)
122/669
tensor(0.0131)
123/669
tensor(0.0131)
124/669
tensor(0.0131)
125/669
tensor(0.0131)
126/669
tensor(0.0131)
127/669
tensor(0.0131)
128/669
tensor(0.0132)
129/669
tensor(0.0132)
130/669
tensor(0.0132)
131/669
tensor(0.0132)
132/669
tensor(0.0132)
133/669
tensor(0.0132)
134/669
tensor(0.0132)
135/669
tensor(0.0132)
136/669
tensor(0.0132)
137/669
tensor(0.0132)
138/669
tensor(0.0132)
139/669
tensor(0.0132)
140/669
tensor(0.0132)
141/669
tensor(0.0132)
142/669
tensor(0.0132)
143/669
tensor(0.0132)
144/669
tensor(0.0132)
145/669
tensor(0.0132)
146/669
tensor(0.0132)
147/669
tensor(0.0132)
148/669
tensor(0.0132)
149/669
tensor(0.0131)
150/669
tensor(0.0131)
151/669
tensor(0.0131)
152/669
tensor(0.0131)
153/669
tensor(0.0131)
154/669
tensor(0.0131)
155/669
tensor(0.0131)
156/669
tensor(0.0131)
157/669
tensor(0.0131)
158/669
tensor(0.0131)
159/669
tensor(0.0131)
160/669
tensor(0.0131)
161/669
tensor(0.0131)
162/669
tensor(0.0131)
163/669
tensor(0.0131)
164/669
tensor(0.0131)
165/669
tensor(0.0131)
166/669
tensor(0.0131)
167/669
tensor(0.0131)
168/669
tensor(0.0131)
169/669
tensor(0.0131)
170/669
tensor(0.0131)
171/669
tensor(0.0131)
172/669
tensor(0.0131)
173/669
tensor(0.0131)
174/669
tensor(0.0131)
175/669
tensor(0.0131)
176/669
tensor(0.0131)
177/669
tensor(0.0131)
178/669
tensor(0.0131)
179/669
tensor(0.0131)
180/669
tensor(0.0131)
181/669
tensor(0.0131)
182/669
tensor(0.0131)
183/669
tensor(0.0131)
184/669
tensor(0.0132)
185/669
tensor(0.0131)
186/669
tensor(0.0131)
187/669
tensor(0.0131)
188/669
tensor(0.0131)
189/669
tensor(0.0131)
190/669
tensor(0.0131)
191/669
tensor(0.0131)
192/669
tensor(0.0131)
193/669
tensor(0.0131)
194/669
tensor(0.0131)
195/669
tensor(0.0131)
196/669
tensor(0.0131)
197/669
tensor(0.0131)
198/669
tensor(0.0131)
199/669
tensor(0.0131)
200/669
tensor(0.0131)
201/669
tensor(0.0131)
202/669
tensor(0.0131)
203/669
tensor(0.0131)
204/669
tensor(0.0131)
205/669
tensor(0.0131)
206/669
tensor(0.0131)
207/669
tensor(0.0131)
208/669
tensor(0.0131)
209/669
tensor(0.0131)
210/669
tensor(0.0131)
211/669
tensor(0.0131)
212/669
tensor(0.0131)
213/669
tensor(0.0131)
214/669
tensor(0.0131)
215/669
tensor(0.0131)
216/669
tensor(0.0131)
217/669
tensor(0.0131)
218/669
tensor(0.0131)
219/669
tensor(0.0131)
220/669
tensor(0.0131)
221/669
tensor(0.0131)
222/669
tensor(0.0131)
223/669
tensor(0.0131)
224/669
tensor(0.0131)
225/669
tensor(0.0131)
226/669
tensor(0.0131)
227/669
tensor(0.0131)
228/669
tensor(0.0131)
229/669
tensor(0.0131)
230/669
tensor(0.0131)
231/669
tensor(0.0131)
232/669
tensor(0.0131)
233/669
tensor(0.0131)
234/669
tensor(0.0131)
235/669
tensor(0.0131)
236/669
tensor(0.0131)
237/669
tensor(0.0131)
238/669
tensor(0.0131)
239/669
tensor(0.0131)
240/669
tensor(0.0131)
241/669
tensor(0.0131)
242/669
tensor(0.0131)
243/669
tensor(0.0131)
244/669
tensor(0.0131)
245/669
tensor(0.0131)
246/669
tensor(0.0131)
247/669
tensor(0.0131)
248/669
tensor(0.0131)
249/669
tensor(0.0131)
250/669
tensor(0.0131)
251/669
tensor(0.0131)
252/669
tensor(0.0131)
253/669
tensor(0.0131)
254/669
tensor(0.0131)
255/669
tensor(0.0131)
256/669
tensor(0.0131)
257/669
tensor(0.0131)
258/669
tensor(0.0131)
259/669
tensor(0.0131)
260/669
tensor(0.0131)
261/669
tensor(0.0131)
262/669
tensor(0.0131)
263/669
tensor(0.0131)
264/669
tensor(0.0131)
265/669
tensor(0.0131)
266/669
tensor(0.0131)
267/669
tensor(0.0131)
268/669
tensor(0.0131)
269/669
tensor(0.0131)
270/669
tensor(0.0131)
271/669
tensor(0.0131)
272/669
tensor(0.0131)
273/669
tensor(0.0131)
274/669
tensor(0.0131)
275/669
tensor(0.0131)
276/669
tensor(0.0131)
277/669
tensor(0.0131)
278/669
tensor(0.0131)
279/669
tensor(0.0131)
280/669
tensor(0.0131)
281/669
tensor(0.0131)
282/669
tensor(0.0131)
283/669
tensor(0.0131)
284/669
tensor(0.0131)
285/669
tensor(0.0131)
286/669
tensor(0.0131)
287/669
tensor(0.0131)
288/669
tensor(0.0131)
289/669
tensor(0.0131)
290/669
tensor(0.0131)
291/669
tensor(0.0131)
292/669
tensor(0.0131)
293/669
tensor(0.0131)
294/669
tensor(0.0131)
295/669
tensor(0.0130)
296/669
tensor(0.0131)
297/669
tensor(0.0130)
298/669
tensor(0.0130)
299/669
tensor(0.0131)
300/669
tensor(0.0131)
301/669
tensor(0.0131)
302/669
tensor(0.0131)
303/669
tensor(0.0131)
304/669
tensor(0.0131)
305/669
tensor(0.0131)
306/669
tensor(0.0131)
307/669
tensor(0.0131)
308/669
tensor(0.0131)
309/669
tensor(0.0131)
310/669
tensor(0.0131)
311/669
tensor(0.0131)
312/669
tensor(0.0131)
313/669
tensor(0.0131)
314/669
tensor(0.0131)
315/669
tensor(0.0131)
316/669
tensor(0.0130)
317/669
tensor(0.0131)
318/669
tensor(0.0130)
319/669
tensor(0.0130)
320/669
tensor(0.0130)
321/669
tensor(0.0130)
322/669
tensor(0.0130)
323/669
tensor(0.0130)
324/669
tensor(0.0130)
325/669
tensor(0.0130)
326/669
tensor(0.0130)
327/669
tensor(0.0130)
328/669
tensor(0.0130)
329/669
tensor(0.0130)
330/669
tensor(0.0130)
331/669
tensor(0.0130)
332/669
tensor(0.0130)
333/669
tensor(0.0130)
334/669
tensor(0.0130)
335/669
tensor(0.0130)
336/669
tensor(0.0130)
337/669
tensor(0.0130)
338/669
tensor(0.0130)
339/669
tensor(0.0130)
340/669
tensor(0.0130)
341/669
tensor(0.0131)
342/669
tensor(0.0131)
343/669
tensor(0.0130)
344/669
tensor(0.0131)
345/669
tensor(0.0131)
346/669
tensor(0.0131)
347/669
tensor(0.0131)
348/669
tensor(0.0130)
349/669
tensor(0.0130)
350/669
tensor(0.0130)
351/669
tensor(0.0130)
352/669
tensor(0.0130)
353/669
tensor(0.0130)
354/669
tensor(0.0130)
355/669
tensor(0.0130)
356/669
tensor(0.0130)
357/669
tensor(0.0130)
358/669
tensor(0.0130)
359/669
tensor(0.0131)
360/669
tensor(0.0130)
361/669
tensor(0.0130)
362/669
tensor(0.0130)
363/669
tensor(0.0130)
364/669
tensor(0.0130)
365/669
tensor(0.0131)
366/669
tensor(0.0131)
367/669
tensor(0.0130)
368/669
tensor(0.0130)
369/669
tensor(0.0130)
370/669
tensor(0.0130)
371/669
tensor(0.0130)
372/669
tensor(0.0130)
373/669
tensor(0.0130)
374/669
tensor(0.0130)
375/669
tensor(0.0130)
376/669
tensor(0.0130)
377/669
tensor(0.0130)
378/669
tensor(0.0130)
379/669
tensor(0.0130)
380/669
tensor(0.0130)
381/669
tensor(0.0130)
382/669
tensor(0.0130)
383/669
tensor(0.0130)
384/669
tensor(0.0130)
385/669
tensor(0.0130)
386/669
tensor(0.0130)
387/669
tensor(0.0130)
388/669
tensor(0.0130)
389/669
tensor(0.0130)
390/669
tensor(0.0130)
391/669
tensor(0.0130)
392/669
tensor(0.0130)
393/669
tensor(0.0130)
394/669
tensor(0.0130)
395/669
tensor(0.0130)
396/669
tensor(0.0130)
397/669
tensor(0.0130)
398/669
tensor(0.0130)
399/669
tensor(0.0130)
400/669
tensor(0.0130)
401/669
tensor(0.0130)
402/669
tensor(0.0130)
403/669
tensor(0.0130)
404/669
tensor(0.0130)
405/669
tensor(0.0130)
406/669
tensor(0.0130)
407/669
tensor(0.0130)
408/669
tensor(0.0130)
409/669
tensor(0.0130)
410/669
tensor(0.0130)
411/669
tensor(0.0130)
412/669
tensor(0.0130)
413/669
tensor(0.0130)
414/669
tensor(0.0130)
415/669
tensor(0.0130)
416/669
tensor(0.0130)
417/669
tensor(0.0130)
418/669
tensor(0.0130)
419/669
tensor(0.0130)
420/669
tensor(0.0130)
421/669
tensor(0.0130)
422/669
tensor(0.0130)
423/669
tensor(0.0130)
424/669
tensor(0.0130)
425/669
tensor(0.0130)
426/669
tensor(0.0130)
427/669
tensor(0.0130)
428/669
tensor(0.0130)
429/669
tensor(0.0130)
430/669
tensor(0.0130)
431/669
tensor(0.0130)
432/669
tensor(0.0130)
433/669
tensor(0.0130)
434/669
tensor(0.0130)
435/669
tensor(0.0130)
436/669
tensor(0.0130)
437/669
tensor(0.0130)
438/669
tensor(0.0130)
439/669
tensor(0.0130)
440/669
tensor(0.0130)
441/669
tensor(0.0130)
442/669
tensor(0.0130)
443/669
tensor(0.0130)
444/669
tensor(0.0130)
445/669
tensor(0.0130)
446/669
tensor(0.0130)
447/669
tensor(0.0130)
448/669
tensor(0.0130)
449/669
tensor(0.0130)
450/669
tensor(0.0130)
451/669
tensor(0.0130)
452/669
tensor(0.0130)
453/669
tensor(0.0130)
454/669
tensor(0.0130)
455/669
tensor(0.0130)
456/669
tensor(0.0130)
457/669
tensor(0.0130)
458/669
tensor(0.0130)
459/669
tensor(0.0130)
460/669
tensor(0.0130)
461/669
tensor(0.0130)
462/669
tensor(0.0130)
463/669
tensor(0.0130)
464/669
tensor(0.0130)
465/669
tensor(0.0130)
466/669
tensor(0.0130)
467/669
tensor(0.0130)
468/669
tensor(0.0130)
469/669
tensor(0.0130)
470/669
tensor(0.0130)
471/669
tensor(0.0130)
472/669
tensor(0.0130)
473/669
tensor(0.0130)
474/669
tensor(0.0130)
475/669
tensor(0.0130)
476/669
tensor(0.0130)
477/669
tensor(0.0130)
478/669
tensor(0.0130)
479/669
tensor(0.0130)
480/669
tensor(0.0130)
481/669
tensor(0.0130)
482/669
tensor(0.0130)
483/669
tensor(0.0130)
484/669
tensor(0.0130)
485/669
tensor(0.0130)
486/669
tensor(0.0130)
487/669
tensor(0.0130)
488/669
tensor(0.0130)
489/669
tensor(0.0130)
490/669
tensor(0.0130)
491/669
tensor(0.0130)
492/669
tensor(0.0130)
493/669
tensor(0.0130)
494/669
tensor(0.0130)
495/669
tensor(0.0130)
496/669
tensor(0.0130)
497/669
tensor(0.0130)
498/669
tensor(0.0130)
499/669
tensor(0.0130)
500/669
tensor(0.0130)
501/669
tensor(0.0130)
502/669
tensor(0.0130)
503/669
tensor(0.0130)
504/669
tensor(0.0130)
505/669
tensor(0.0130)
506/669
tensor(0.0130)
507/669
tensor(0.0130)
508/669
tensor(0.0130)
509/669
tensor(0.0130)
510/669
tensor(0.0130)
511/669
tensor(0.0130)
512/669
tensor(0.0130)
513/669
tensor(0.0130)
514/669
tensor(0.0130)
515/669
tensor(0.0130)
516/669
tensor(0.0130)
517/669
tensor(0.0130)
518/669
tensor(0.0130)
519/669
tensor(0.0130)
520/669
tensor(0.0130)
521/669
tensor(0.0130)
522/669
tensor(0.0130)
523/669
tensor(0.0130)
524/669
tensor(0.0130)
525/669
tensor(0.0130)
526/669
tensor(0.0130)
527/669
tensor(0.0130)
528/669
tensor(0.0130)
529/669
tensor(0.0130)
530/669
tensor(0.0130)
531/669
tensor(0.0130)
532/669
tensor(0.0130)
533/669
tensor(0.0130)
534/669
tensor(0.0130)
535/669
tensor(0.0130)
536/669
tensor(0.0130)
537/669
tensor(0.0130)
538/669
tensor(0.0130)
539/669
tensor(0.0130)
540/669
tensor(0.0130)
541/669
tensor(0.0130)
542/669
tensor(0.0130)
543/669
tensor(0.0130)
544/669
tensor(0.0130)
545/669
tensor(0.0130)
546/669
tensor(0.0130)
547/669
tensor(0.0130)
548/669
tensor(0.0130)
549/669
tensor(0.0130)
550/669
tensor(0.0130)
551/669
tensor(0.0130)
552/669
tensor(0.0130)
553/669
tensor(0.0130)
554/669
tensor(0.0130)
555/669
tensor(0.0130)
556/669
tensor(0.0130)
557/669
tensor(0.0130)
558/669
tensor(0.0130)
559/669
tensor(0.0130)
560/669
tensor(0.0130)
561/669
tensor(0.0130)
562/669
tensor(0.0130)
563/669
tensor(0.0130)
564/669
tensor(0.0130)
565/669
tensor(0.0131)
566/669
tensor(0.0131)
567/669
tensor(0.0131)
568/669
tensor(0.0131)
569/669
tensor(0.0130)
570/669
tensor(0.0130)
571/669
tensor(0.0131)
572/669
tensor(0.0131)
573/669
tensor(0.0131)
574/669
tensor(0.0131)
575/669
tensor(0.0131)
576/669
tensor(0.0131)
577/669
tensor(0.0131)
578/669
tensor(0.0131)
579/669
tensor(0.0130)
580/669
tensor(0.0130)
581/669
tensor(0.0130)
582/669
tensor(0.0130)
583/669
tensor(0.0130)
584/669
tensor(0.0130)
585/669
tensor(0.0130)
586/669
tensor(0.0130)
587/669
tensor(0.0130)
588/669
tensor(0.0130)
589/669
tensor(0.0130)
590/669
tensor(0.0130)
591/669
tensor(0.0130)
592/669
tensor(0.0130)
593/669
tensor(0.0130)
594/669
tensor(0.0130)
595/669
tensor(0.0130)
596/669
tensor(0.0130)
597/669
tensor(0.0130)
598/669
tensor(0.0130)
599/669
tensor(0.0130)
600/669
tensor(0.0130)
601/669
tensor(0.0130)
602/669
tensor(0.0130)
603/669
tensor(0.0130)
604/669
tensor(0.0130)
605/669
tensor(0.0131)
606/669
tensor(0.0130)
607/669
tensor(0.0130)
608/669
tensor(0.0130)
609/669
tensor(0.0130)
610/669
tensor(0.0130)
611/669
tensor(0.0130)
612/669
tensor(0.0130)
613/669
tensor(0.0130)
614/669
tensor(0.0130)
615/669
tensor(0.0130)
616/669
tensor(0.0130)
617/669
tensor(0.0130)
618/669
tensor(0.0130)
619/669
tensor(0.0130)
620/669
tensor(0.0130)
621/669
tensor(0.0130)
622/669
tensor(0.0130)
623/669
tensor(0.0130)
624/669
tensor(0.0130)
625/669
tensor(0.0130)
626/669
tensor(0.0130)
627/669
tensor(0.0130)
628/669
tensor(0.0130)
629/669
tensor(0.0130)
630/669
tensor(0.0130)
631/669
tensor(0.0130)
632/669
tensor(0.0130)
633/669
tensor(0.0130)
634/669
tensor(0.0130)
635/669
tensor(0.0130)
636/669
tensor(0.0130)
637/669
tensor(0.0130)
638/669
tensor(0.0130)
639/669
tensor(0.0130)
640/669
tensor(0.0130)
641/669
tensor(0.0130)
642/669
tensor(0.0130)
643/669
tensor(0.0130)
644/669
tensor(0.0130)
645/669
tensor(0.0130)
646/669
tensor(0.0130)
647/669
tensor(0.0130)
648/669
tensor(0.0130)
649/669
tensor(0.0130)
650/669
tensor(0.0130)
651/669
tensor(0.0130)
652/669
tensor(0.0130)
653/669
tensor(0.0130)
654/669
tensor(0.0130)
655/669
tensor(0.0130)
656/669
tensor(0.0130)
657/669
tensor(0.0130)
658/669
tensor(0.0130)
659/669
tensor(0.0130)
660/669
tensor(0.0130)
661/669
tensor(0.0130)
662/669
tensor(0.0130)
663/669
tensor(0.0130)
664/669
tensor(0.0130)
665/669
tensor(0.0130)
666/669
tensor(0.0130)
667/669
tensor(0.0130)
668/669
tensor(0.0130)
669/669
tensor(0.0130)
Computing train data std
mean : 0.013040619902312756
std : 0.0545475110411644.
['../main.py', '--mode', 'train', '--model', 'minimal_dropout', '--loss', 'cross_entropy', '--batch_size=256', '--run_name', 'minimal_normed_augmented_dpt', '--preprocessing', 'greyscale', 'invert', 'centercrop', 'totensor', 'normalization', '--augmentation', 'flip', 'rotate']
Loading Train_Validation set
Splitting Data
Transforming Train set
Transforming Validation set
The train set contains 684315 images, in 2674 batches
The validation set contains 171079 images, in 669 batches
initiated conv model
2048
initiated linear model
loaded model on cuda
Saved a summary of this run
entered train
Acc_targets :{0: '41/1571', 1: '163558/194867', 2: '0/171', 3: '6/501', 4: '12/1070', 5: '83/1059', 6: '12009/18984', 7: '1081/4631', 8: '0/229', 9: '8077/14802', 10: '2/434', 11: '0/149', 12: '41/833', 13: '164/964', 14: '4/545', 15: '585/4487', 16: '360/6709', 17: '195/2470', 18: '0/123', 19: '230/769', 20: '1298/3781', 21: '12/2225', 22: '163/2519', 23: '1/68', 24: '0/33', 25: '823/3122', 26: '0/73', 27: '347/6619', 28: '0/461', 29: '7816/15371', 30: '44/552', 31: '450/3403', 32: '1/257', 33: '0/165', 34: '24/1145', 35: '158/1505', 36: '115154/143946', 37: '1133/2825', 38: '17/896', 39: '1708/4800', 40: '0/109', 41: '21196/26545', 42: '3/1663', 43: '0/134', 44: '0/241', 45: '4600/11848', 46: '93/3666', 47: '0/120', 48: '679/3088', 49: '836/3178', 50: '9/2480', 51: '347/1588', 52: '954/4064', 53: '0/192', 54: '937/5099', 55: '10/599', 56: '40/1040', 57: '5605/10165', 58: '16584/33691', 59: '356/7993', 60: '132/2783', 61: '0/216', 62: '12/374', 63: '2542/8006', 64: '2328/6637', 65: '0/302', 66: '0/1844', 67: '0/190', 68: '0/482', 69: '8451/12275', 70: '3482/10343', 71: '161/3494', 72: '2/1028', 73: '488/4498', 74: '3041/5628', 75: '29195/42717', 76: '2/196', 77: '1/515', 78: '3291/9258', 79: '0/68', 80: '10/2088', 81: '236/2003', 82: '0/306', 83: '9/1689', 84: '0/138', 85: '86/573'}
 Training : Loss : 1.3540, Acc : 0.6157
entered validation
Acc_targets :{0: '12/412', 1: '44139/48669', 2: '0/43', 3: '11/137', 4: '1/256', 5: '83/269', 6: '3646/4810', 7: '459/1148', 8: '0/60', 9: '2743/3654', 10: '0/102', 11: '0/36', 12: '23/211', 13: '78/246', 14: '8/141', 15: '26/1083', 16: '382/1693', 17: '161/590', 18: '0/45', 19: '27/184', 20: '501/983', 21: '0/600', 22: '120/722', 23: '0/10', 24: '0/4', 25: '297/793', 26: '0/25', 27: '250/1580', 28: '0/115', 29: '2581/3852', 30: '41/134', 31: '255/809', 32: '0/79', 33: '0/23', 34: '18/314', 35: '116/364', 36: '28783/36034', 37: '420/713', 38: '9/195', 39: '928/1254', 40: '0/33', 41: '5644/6601', 42: '5/422', 43: '0/36', 44: '1/67', 45: '2136/2951', 46: '231/943', 47: '0/36', 48: '489/812', 49: '321/805', 50: '0/631', 51: '22/400', 52: '400/1012', 53: '0/52', 54: '358/1268', 55: '10/158', 56: '22/249', 57: '1635/2469', 58: '6984/8399', 59: '812/2015', 60: '14/682', 61: '1/52', 62: '18/83', 63: '1178/2031', 64: '1172/1575', 65: '0/70', 66: '3/470', 67: '1/44', 68: '0/108', 69: '2715/3153', 70: '1608/2611', 71: '21/897', 72: '0/257', 73: '298/1106', 74: '884/1367', 75: '9250/10663', 76: '0/39', 77: '0/117', 78: '1321/2232', 79: '0/20', 80: '2/500', 81: '195/513', 82: '0/82', 83: '69/397', 84: '0/34', 85: '22/154'}
 Training : Loss : 0.9057, Acc : 0.7249
Saving a better model
Epoch 0 time : 7530.362389326096
entered train
Acc_targets :{0: '236/1571', 1: '171623/194876', 2: '0/171', 3: '19/501', 4: '81/1070', 5: '259/1059', 6: '13414/18984', 7: '1982/4631', 8: '1/229', 9: '11045/14801', 10: '15/434', 11: '0/149', 12: '207/834', 13: '273/964', 14: '48/545', 15: '1039/4486', 16: '2488/6709', 17: '710/2469', 18: '0/123', 19: '429/769', 20: '2261/3780', 21: '36/2225', 22: '639/2519', 23: '5/68', 24: '0/33', 25: '1382/3122', 26: '0/73', 27: '1561/6618', 28: '1/461', 29: '11004/15371', 30: '113/552', 31: '1027/3402', 32: '9/257', 33: '0/165', 34: '117/1145', 35: '348/1505', 36: '121313/143944', 37: '1576/2825', 38: '61/896', 39: '3329/4800', 40: '0/109', 41: '22999/26545', 42: '50/1663', 43: '0/134', 44: '4/241', 45: '6940/11847', 46: '442/3666', 47: '0/120', 48: '1725/3088', 49: '1632/3178', 50: '36/2479', 51: '651/1588', 52: '2013/4064', 53: '0/192', 54: '2208/5099', 55: '42/599', 56: '251/1040', 57: '7438/10164', 58: '23049/33693', 59: '3016/7993', 60: '264/2783', 61: '1/216', 62: '74/374', 63: '4597/8006', 64: '4237/6637', 65: '0/302', 66: '66/1844', 67: '6/190', 68: '10/482', 69: '10643/12274', 70: '6703/10343', 71: '299/3494', 72: '121/1028', 73: '1683/4498', 74: '3746/5628', 75: '35915/42717', 76: '17/196', 77: '22/515', 78: '5570/9257', 79: '0/68', 80: '87/2088', 81: '661/2004', 82: '8/306', 83: '72/1689', 84: '5/138', 85: '155/573'}
 Training : Loss : 0.9123, Acc : 0.7250
entered validation
Acc_targets :{0: '235/412', 1: '42605/48669', 2: '0/43', 3: '1/137', 4: '56/256', 5: '117/269', 6: '3963/4810', 7: '746/1148', 8: '1/60', 9: '3009/3654', 10: '1/102', 11: '0/36', 12: '89/211', 13: '106/246', 14: '11/141', 15: '465/1083', 16: '943/1693', 17: '265/590', 18: '0/45', 19: '147/184', 20: '777/983', 21: '61/600', 22: '405/722', 23: '5/10', 24: '0/4', 25: '491/793', 26: '0/25', 27: '513/1580', 28: '0/115', 29: '3430/3852', 30: '22/134', 31: '378/809', 32: '5/79', 33: '0/23', 34: '87/314', 35: '141/364', 36: '30107/36034', 37: '305/713', 38: '40/195', 39: '999/1254', 40: '0/33', 41: '5904/6601', 42: '42/422', 43: '0/36', 44: '5/67', 45: '2186/2951', 46: '214/943', 47: '0/36', 48: '556/812', 49: '558/805', 50: '11/631', 51: '47/400', 52: '688/1012', 53: '0/52', 54: '864/1268', 55: '28/158', 56: '152/249', 57: '1945/2469', 58: '7154/8399', 59: '1060/2015', 60: '191/682', 61: '1/52', 62: '39/83', 63: '1280/2031', 64: '1164/1575', 65: '0/70', 66: '29/470', 67: '0/44', 68: '1/108', 69: '2765/3153', 70: '2085/2611', 71: '232/897', 72: '50/257', 73: '384/1106', 74: '928/1367', 75: '8939/10663', 76: '1/39', 77: '8/117', 78: '1531/2232', 79: '0/20', 80: '96/500', 81: '284/513', 82: '6/82', 83: '11/397', 84: '1/34', 85: '102/154'}
 Training : Loss : 0.7345, Acc : 0.7723
Saving a better model
Epoch 1 time : 6826.005133867264
entered train
Acc_targets :{0: '381/1571', 1: '173819/194874', 2: '1/171', 3: '20/501', 4: '186/1070', 5: '357/1058', 6: '13589/18984', 7: '2220/4632', 8: '23/229', 9: '11581/14802', 10: '31/434', 11: '0/149', 12: '316/834', 13: '319/964', 14: '83/545', 15: '1303/4487', 16: '3633/6709', 17: '1009/2470', 18: '5/123', 19: '497/768', 20: '2534/3781', 21: '54/2225', 22: '861/2519', 23: '5/68', 24: '0/33', 25: '1750/3122', 26: '0/73', 27: '2049/6619', 28: '12/461', 29: '11578/15370', 30: '145/552', 31: '1343/3402', 32: '15/257', 33: '0/165', 34: '211/1145', 35: '467/1505', 36: '122906/143947', 37: '1660/2825', 38: '108/896', 39: '3597/4800', 40: '1/109', 41: '23326/26545', 42: '186/1663', 43: '0/134', 44: '34/241', 45: '7477/11847', 46: '675/3666', 47: '0/120', 48: '1977/3088', 49: '1822/3177', 50: '89/2480', 51: '738/1588', 52: '2330/4064', 53: '0/192', 54: '2750/5097', 55: '81/599', 56: '367/1040', 57: '7782/10165', 58: '24720/33692', 59: '4468/7993', 60: '312/2783', 61: '4/216', 62: '83/374', 63: '5221/8005', 64: '4773/6637', 65: '0/302', 66: '171/1844', 67: '15/190', 68: '54/482', 69: '10729/12275', 70: '7667/10343', 71: '439/3494', 72: '311/1028', 73: '2118/4498', 74: '3826/5628', 75: '36534/42715', 76: '16/196', 77: '54/515', 78: '5958/9257', 79: '0/68', 80: '266/2088', 81: '780/2004', 82: '18/306', 83: '133/1689', 84: '15/138', 85: '174/573'}
 Training : Loss : 0.8017, Acc : 0.7558
entered validation
Acc_targets :{0: '146/412', 1: '43293/48669', 2: '1/43', 3: '12/137', 4: '64/256', 5: '99/269', 6: '3862/4810', 7: '503/1148', 8: '8/60', 9: '2767/3654', 10: '8/102', 11: '0/36', 12: '108/211', 13: '81/246', 14: '44/141', 15: '186/1083', 16: '1120/1693', 17: '238/590', 18: '8/45', 19: '142/184', 20: '673/983', 21: '52/600', 22: '362/722', 23: '0/10', 24: '0/4', 25: '62/793', 26: '0/25', 27: '546/1580', 28: '0/115', 29: '3137/3852', 30: '63/134', 31: '475/809', 32: '4/79', 33: '0/23', 34: '106/314', 35: '139/364', 36: '29173/36034', 37: '512/713', 38: '39/195', 39: '1032/1254', 40: '0/33', 41: '6078/6601', 42: '78/422', 43: '0/36', 44: '10/67', 45: '2546/2951', 46: '365/943', 47: '0/36', 48: '585/812', 49: '648/805', 50: '24/631', 51: '12/400', 52: '665/1012', 53: '0/52', 54: '975/1268', 55: '12/158', 56: '36/249', 57: '1789/2469', 58: '7510/8399', 59: '1442/2015', 60: '209/682', 61: '0/52', 62: '27/83', 63: '1208/2031', 64: '1355/1575', 65: '0/70', 66: '54/470', 67: '0/44', 68: '10/108', 69: '2625/3153', 70: '2014/2611', 71: '65/897', 72: '106/257', 73: '657/1106', 74: '909/1367', 75: '9838/10663', 76: '6/39', 77: '16/117', 78: '1141/2232', 79: '0/20', 80: '86/500', 81: '232/513', 82: '16/82', 83: '48/397', 84: '2/34', 85: '89/154'}
 Training : Loss : 0.7184, Acc : 0.7751
Saving a better model
Epoch 2 time : 6815.0227291584015
entered train
Acc_targets :{0: '446/1571', 1: '174727/194875', 2: '1/171', 3: '25/501', 4: '240/1070', 5: '441/1059', 6: '13726/18983', 7: '2419/4632', 8: '24/229', 9: '11751/14802', 10: '46/434', 11: '0/149', 12: '332/834', 13: '329/964', 14: '106/545', 15: '1467/4487', 16: '4007/6709', 17: '1085/2470', 18: '13/123', 19: '525/769', 20: '2591/3781', 21: '91/2225', 22: '1018/2519', 23: '8/68', 24: '0/33', 25: '1908/3122', 26: '0/73', 27: '2260/6619', 28: '22/461', 29: '11889/15370', 30: '178/552', 31: '1407/3403', 32: '27/257', 33: '4/165', 34: '305/1145', 35: '554/1505', 36: '123615/143944', 37: '1685/2825', 38: '127/896', 39: '3686/4798', 40: '0/109', 41: '23459/26543', 42: '319/1663', 43: '0/134', 44: '39/241', 45: '7727/11848', 46: '810/3666', 47: '0/120', 48: '2130/3088', 49: '1924/3178', 50: '160/2480', 51: '832/1588', 52: '2441/4064', 53: '0/192', 54: '2970/5099', 55: '100/599', 56: '388/1040', 57: '7887/10164', 58: '25434/33693', 59: '5009/7993', 60: '356/2783', 61: '4/216', 62: '106/374', 63: '5384/8006', 64: '5121/6637', 65: '0/302', 66: '283/1844', 67: '19/190', 68: '73/482', 69: '10759/12275', 70: '7888/10343', 71: '583/3494', 72: '397/1028', 73: '2358/4498', 74: '3878/5627', 75: '36968/42717', 76: '26/196', 77: '78/515', 78: '6167/9256', 79: '0/68', 80: '351/2088', 81: '921/2003', 82: '36/306', 83: '145/1689', 84: '15/138', 85: '165/573'}
 Training : Loss : 0.7506, Acc : 0.7698
entered validation
Acc_targets :{0: '126/412', 1: '43618/48669', 2: '0/43', 3: '5/137', 4: '73/256', 5: '126/269', 6: '3997/4810', 7: '620/1148', 8: '9/60', 9: '3145/3654', 10: '19/102', 11: '0/36', 12: '104/211', 13: '130/246', 14: '49/141', 15: '379/1083', 16: '1260/1693', 17: '222/590', 18: '13/45', 19: '147/184', 20: '726/983', 21: '5/600', 22: '336/722', 23: '3/10', 24: '0/4', 25: '464/793', 26: '0/25', 27: '616/1580', 28: '5/115', 29: '3148/3852', 30: '43/134', 31: '312/809', 32: '5/79', 33: '0/23', 34: '132/314', 35: '176/364', 36: '31882/36034', 37: '480/713', 38: '24/195', 39: '1078/1254', 40: '0/33', 41: '6049/6601', 42: '119/422', 43: '0/36', 44: '17/67', 45: '2218/2951', 46: '202/943', 47: '0/36', 48: '629/812', 49: '603/805', 50: '55/631', 51: '362/400', 52: '648/1012', 53: '0/52', 54: '709/1268', 55: '46/158', 56: '99/249', 57: '1952/2469', 58: '6939/8399', 59: '1517/2015', 60: '57/682', 61: '1/52', 62: '25/83', 63: '1426/2031', 64: '1317/1575', 65: '0/70', 66: '125/470', 67: '7/44', 68: '15/108', 69: '2726/3153', 70: '2286/2611', 71: '128/897', 72: '80/257', 73: '810/1106', 74: '1036/1367', 75: '9409/10663', 76: '7/39', 77: '31/117', 78: '1537/2232', 79: '0/20', 80: '132/500', 81: '315/513', 82: '32/82', 83: '33/397', 84: '8/34', 85: '56/154'}
 Training : Loss : 0.6308, Acc : 0.8025
Saving a better model
Epoch 3 time : 6786.438105106354
entered train
Acc_targets :{0: '462/1571', 1: '175520/194869', 2: '0/171', 3: '26/501', 4: '288/1070', 5: '454/1059', 6: '13881/18984', 7: '2528/4632', 8: '26/229', 9: '11872/14802', 10: '58/434', 11: '0/149', 12: '400/834', 13: '320/964', 14: '132/545', 15: '1591/4487', 16: '4242/6709', 17: '1182/2470', 18: '18/123', 19: '515/769', 20: '2700/3781', 21: '89/2225', 22: '1072/2519', 23: '10/68', 24: '0/33', 25: '1886/3122', 26: '0/73', 27: '2369/6619', 28: '31/461', 29: '12022/15369', 30: '204/552', 31: '1548/3403', 32: '28/257', 33: '0/165', 34: '322/1145', 35: '595/1505', 36: '124145/143948', 37: '1682/2825', 38: '137/896', 39: '3772/4800', 40: '0/109', 41: '23633/26544', 42: '394/1663', 43: '0/134', 44: '57/241', 45: '7931/11848', 46: '862/3666', 47: '0/120', 48: '2087/3087', 49: '2044/3178', 50: '243/2480', 51: '844/1588', 52: '2508/4064', 53: '0/192', 54: '3130/5097', 55: '112/599', 56: '442/1040', 57: '7970/10165', 58: '25753/33691', 59: '5341/7993', 60: '493/2783', 61: '3/216', 62: '119/374', 63: '5504/8006', 64: '5293/6637', 65: '1/302', 66: '403/1844', 67: '25/190', 68: '88/482', 69: '10824/12275', 70: '8065/10343', 71: '609/3494', 72: '418/1028', 73: '2533/4498', 74: '3958/5627', 75: '37145/42717', 76: '43/196', 77: '97/515', 78: '6323/9258', 79: '0/68', 80: '459/2088', 81: '1010/2004', 82: '57/306', 83: '199/1689', 84: '15/138', 85: '193/573'}
 Training : Loss : 0.7164, Acc : 0.7794
entered validation
