Loading Train_Validation set
Splitting Data
Transforming Train set
Transforming Validation set
The train set contains 684315 images, in 2674 batches
The validation set contains 171079 images, in 669 batches
Computing train data mean
step1
step2
1/669
tensor(0.0145)
2/669
tensor(0.0142)
3/669
tensor(0.0143)
4/669
tensor(0.0136)
5/669
tensor(0.0136)
6/669
tensor(0.0134)
7/669
tensor(0.0135)
8/669
tensor(0.0133)
9/669
tensor(0.0134)
10/669
tensor(0.0134)
11/669
tensor(0.0134)
12/669
tensor(0.0132)
13/669
tensor(0.0132)
14/669
tensor(0.0130)
15/669
tensor(0.0130)
16/669
tensor(0.0131)
17/669
tensor(0.0132)
18/669
tensor(0.0131)
19/669
tensor(0.0132)
20/669
tensor(0.0131)
21/669
tensor(0.0133)
22/669
tensor(0.0132)
23/669
tensor(0.0132)
24/669
tensor(0.0131)
25/669
tensor(0.0132)
26/669
tensor(0.0131)
27/669
tensor(0.0131)
28/669
tensor(0.0132)
29/669
tensor(0.0132)
30/669
tensor(0.0132)
31/669
tensor(0.0133)
32/669
tensor(0.0133)
33/669
tensor(0.0132)
34/669
tensor(0.0132)
35/669
tensor(0.0133)
36/669
tensor(0.0133)
37/669
tensor(0.0132)
38/669
tensor(0.0133)
39/669
tensor(0.0132)
40/669
tensor(0.0133)
41/669
tensor(0.0132)
42/669
tensor(0.0132)
43/669
tensor(0.0133)
44/669
tensor(0.0133)
45/669
tensor(0.0133)
46/669
tensor(0.0133)
47/669
tensor(0.0133)
48/669
tensor(0.0133)
49/669
tensor(0.0133)
50/669
tensor(0.0133)
51/669
tensor(0.0133)
52/669
tensor(0.0132)
53/669
tensor(0.0132)
54/669
tensor(0.0131)
55/669
tensor(0.0131)
56/669
tensor(0.0131)
57/669
tensor(0.0131)
58/669
tensor(0.0131)
59/669
tensor(0.0132)
60/669
tensor(0.0132)
61/669
tensor(0.0132)
62/669
tensor(0.0132)
63/669
tensor(0.0132)
64/669
tensor(0.0132)
65/669
tensor(0.0132)
66/669
tensor(0.0132)
67/669
tensor(0.0132)
68/669
tensor(0.0132)
69/669
tensor(0.0133)
70/669
tensor(0.0132)
71/669
tensor(0.0132)
72/669
tensor(0.0132)
73/669
tensor(0.0132)
74/669
tensor(0.0132)
75/669
tensor(0.0133)
76/669
tensor(0.0132)
77/669
tensor(0.0132)
78/669
tensor(0.0132)
79/669
tensor(0.0132)
80/669
tensor(0.0132)
81/669
tensor(0.0132)
82/669
tensor(0.0132)
83/669
tensor(0.0132)
84/669
tensor(0.0132)
85/669
tensor(0.0132)
86/669
tensor(0.0132)
87/669
tensor(0.0132)
88/669
tensor(0.0132)
89/669
tensor(0.0131)
90/669
tensor(0.0132)
91/669
tensor(0.0132)
92/669
tensor(0.0131)
93/669
tensor(0.0131)
94/669
tensor(0.0132)
95/669
tensor(0.0132)
96/669
tensor(0.0132)
97/669
tensor(0.0132)
98/669
tensor(0.0132)
99/669
tensor(0.0132)
100/669
tensor(0.0132)
101/669
tensor(0.0132)
102/669
tensor(0.0132)
103/669
tensor(0.0131)
104/669
tensor(0.0131)
105/669
tensor(0.0131)
106/669
tensor(0.0132)
107/669
tensor(0.0132)
108/669
tensor(0.0132)
109/669
tensor(0.0132)
110/669
tensor(0.0132)
111/669
tensor(0.0132)
112/669
tensor(0.0132)
113/669
tensor(0.0132)
114/669
tensor(0.0132)
115/669
tensor(0.0132)
116/669
tensor(0.0132)
117/669
tensor(0.0132)
118/669
tensor(0.0132)
119/669
tensor(0.0132)
120/669
tensor(0.0132)
121/669
tensor(0.0132)
122/669
tensor(0.0132)
123/669
tensor(0.0132)
124/669
tensor(0.0132)
125/669
tensor(0.0132)
126/669
tensor(0.0132)
127/669
tensor(0.0132)
128/669
tensor(0.0132)
129/669
tensor(0.0132)
130/669
tensor(0.0132)
131/669
tensor(0.0132)
132/669
tensor(0.0132)
133/669
tensor(0.0132)
134/669
tensor(0.0132)
135/669
tensor(0.0132)
136/669
tensor(0.0132)
137/669
tensor(0.0132)
138/669
tensor(0.0132)
139/669
tensor(0.0132)
140/669
tensor(0.0132)
141/669
tensor(0.0132)
142/669
tensor(0.0132)
143/669
tensor(0.0132)
144/669
tensor(0.0132)
145/669
tensor(0.0132)
146/669
tensor(0.0132)
147/669
tensor(0.0132)
148/669
tensor(0.0132)
149/669
tensor(0.0132)
150/669
tensor(0.0132)
151/669
tensor(0.0132)
152/669
tensor(0.0132)
153/669
tensor(0.0132)
154/669
tensor(0.0132)
155/669
tensor(0.0132)
156/669
tensor(0.0132)
157/669
tensor(0.0132)
158/669
tensor(0.0132)
159/669
tensor(0.0132)
160/669
tensor(0.0132)
161/669
tensor(0.0132)
162/669
tensor(0.0132)
163/669
tensor(0.0132)
164/669
tensor(0.0131)
165/669
tensor(0.0131)
166/669
tensor(0.0131)
167/669
tensor(0.0132)
168/669
tensor(0.0131)
169/669
tensor(0.0132)
170/669
tensor(0.0132)
171/669
tensor(0.0131)
172/669
tensor(0.0131)
173/669
tensor(0.0131)
174/669
tensor(0.0131)
175/669
tensor(0.0131)
176/669
tensor(0.0131)
177/669
tensor(0.0131)
178/669
tensor(0.0131)
179/669
tensor(0.0131)
180/669
tensor(0.0131)
181/669
tensor(0.0131)
182/669
tensor(0.0131)
183/669
tensor(0.0131)
184/669
tensor(0.0131)
185/669
tensor(0.0131)
186/669
tensor(0.0131)
187/669
tensor(0.0131)
188/669
tensor(0.0131)
189/669
tensor(0.0130)
190/669
tensor(0.0131)
191/669
tensor(0.0131)
192/669
tensor(0.0131)
193/669
tensor(0.0131)
194/669
tensor(0.0131)
195/669
tensor(0.0130)
196/669
tensor(0.0131)
197/669
tensor(0.0131)
198/669
tensor(0.0131)
199/669
tensor(0.0131)
200/669
tensor(0.0131)
201/669
tensor(0.0130)
202/669
tensor(0.0130)
203/669
tensor(0.0130)
204/669
tensor(0.0130)
205/669
tensor(0.0130)
206/669
tensor(0.0130)
207/669
tensor(0.0130)
208/669
tensor(0.0130)
209/669
tensor(0.0130)
210/669
tensor(0.0130)
211/669
tensor(0.0130)
212/669
tensor(0.0130)
213/669
tensor(0.0130)
214/669
tensor(0.0131)
215/669
tensor(0.0131)
216/669
tensor(0.0131)
217/669
tensor(0.0131)
218/669
tensor(0.0131)
219/669
tensor(0.0131)
220/669
tensor(0.0131)
221/669
tensor(0.0131)
222/669
tensor(0.0131)
223/669
tensor(0.0131)
224/669
tensor(0.0131)
225/669
tensor(0.0131)
226/669
tensor(0.0131)
227/669
tensor(0.0131)
228/669
tensor(0.0131)
229/669
tensor(0.0131)
230/669
tensor(0.0131)
231/669
tensor(0.0131)
232/669
tensor(0.0131)
233/669
tensor(0.0131)
234/669
tensor(0.0131)
235/669
tensor(0.0131)
236/669
tensor(0.0131)
237/669
tensor(0.0131)
238/669
tensor(0.0131)
239/669
tensor(0.0131)
240/669
tensor(0.0131)
241/669
tensor(0.0131)
242/669
tensor(0.0131)
243/669
tensor(0.0131)
244/669
tensor(0.0131)
245/669
tensor(0.0131)
246/669
tensor(0.0131)
247/669
tensor(0.0131)
248/669
tensor(0.0131)
249/669
tensor(0.0131)
250/669
tensor(0.0131)
251/669
tensor(0.0131)
252/669
tensor(0.0131)
253/669
tensor(0.0131)
254/669
tensor(0.0131)
255/669
tensor(0.0131)
256/669
tensor(0.0131)
257/669
tensor(0.0131)
258/669
tensor(0.0131)
259/669
tensor(0.0131)
260/669
tensor(0.0131)
261/669
tensor(0.0131)
262/669
tensor(0.0131)
263/669
tensor(0.0131)
264/669
tensor(0.0131)
265/669
tensor(0.0131)
266/669
tensor(0.0131)
267/669
tensor(0.0131)
268/669
tensor(0.0131)
269/669
tensor(0.0131)
270/669
tensor(0.0131)
271/669
tensor(0.0131)
272/669
tensor(0.0131)
273/669
tensor(0.0131)
274/669
tensor(0.0131)
275/669
tensor(0.0131)
276/669
tensor(0.0131)
277/669
tensor(0.0131)
278/669
tensor(0.0131)
279/669
tensor(0.0131)
280/669
tensor(0.0131)
281/669
tensor(0.0131)
282/669
tensor(0.0131)
283/669
tensor(0.0131)
284/669
tensor(0.0131)
285/669
tensor(0.0131)
286/669
tensor(0.0130)
287/669
tensor(0.0130)
288/669
tensor(0.0130)
289/669
tensor(0.0130)
290/669
tensor(0.0130)
291/669
tensor(0.0130)
292/669
tensor(0.0130)
293/669
tensor(0.0130)
294/669
tensor(0.0130)
295/669
tensor(0.0130)
296/669
tensor(0.0130)
297/669
tensor(0.0130)
298/669
tensor(0.0130)
299/669
tensor(0.0130)
300/669
tensor(0.0130)
301/669
tensor(0.0130)
302/669
tensor(0.0130)
303/669
tensor(0.0130)
304/669
tensor(0.0130)
305/669
tensor(0.0130)
306/669
tensor(0.0130)
307/669
tensor(0.0130)
308/669
tensor(0.0130)
309/669
tensor(0.0130)
310/669
tensor(0.0130)
311/669
tensor(0.0130)
312/669
tensor(0.0130)
313/669
tensor(0.0130)
314/669
tensor(0.0130)
315/669
tensor(0.0130)
316/669
tensor(0.0130)
317/669
tensor(0.0130)
318/669
tensor(0.0130)
319/669
tensor(0.0130)
320/669
tensor(0.0130)
321/669
tensor(0.0130)
322/669
tensor(0.0130)
323/669
tensor(0.0130)
324/669
tensor(0.0130)
325/669
tensor(0.0130)
326/669
tensor(0.0130)
327/669
tensor(0.0130)
328/669
tensor(0.0130)
329/669
tensor(0.0130)
330/669
tensor(0.0130)
331/669
tensor(0.0130)
332/669
tensor(0.0130)
333/669
tensor(0.0130)
334/669
tensor(0.0130)
335/669
tensor(0.0130)
336/669
tensor(0.0130)
337/669
tensor(0.0131)
338/669
tensor(0.0131)
339/669
tensor(0.0131)
340/669
tensor(0.0131)
341/669
tensor(0.0131)
342/669
tensor(0.0131)
343/669
tensor(0.0131)
344/669
tensor(0.0131)
345/669
tensor(0.0131)
346/669
tensor(0.0130)
347/669
tensor(0.0131)
348/669
tensor(0.0131)
349/669
tensor(0.0131)
350/669
tensor(0.0131)
351/669
tensor(0.0131)
352/669
tensor(0.0131)
353/669
tensor(0.0130)
354/669
tensor(0.0131)
355/669
tensor(0.0131)
356/669
tensor(0.0130)
357/669
tensor(0.0130)
358/669
tensor(0.0131)
359/669
tensor(0.0131)
360/669
tensor(0.0131)
361/669
tensor(0.0131)
362/669
tensor(0.0131)
363/669
tensor(0.0131)
364/669
tensor(0.0131)
365/669
tensor(0.0131)
366/669
tensor(0.0131)
367/669
tensor(0.0131)
368/669
tensor(0.0131)
369/669
tensor(0.0131)
370/669
tensor(0.0131)
371/669
tensor(0.0131)
372/669
tensor(0.0131)
373/669
tensor(0.0131)
374/669
tensor(0.0131)
375/669
tensor(0.0131)
376/669
tensor(0.0131)
377/669
tensor(0.0131)
378/669
tensor(0.0131)
379/669
tensor(0.0131)
380/669
tensor(0.0131)
381/669
tensor(0.0131)
382/669
tensor(0.0131)
383/669
tensor(0.0131)
384/669
tensor(0.0131)
385/669
tensor(0.0131)
386/669
tensor(0.0131)
387/669
tensor(0.0131)
388/669
tensor(0.0131)
389/669
tensor(0.0131)
390/669
tensor(0.0131)
391/669
tensor(0.0131)
392/669
tensor(0.0131)
393/669
tensor(0.0131)
394/669
tensor(0.0131)
395/669
tensor(0.0131)
396/669
tensor(0.0131)
397/669
tensor(0.0131)
398/669
tensor(0.0131)
399/669
tensor(0.0131)
400/669
tensor(0.0131)
401/669
tensor(0.0131)
402/669
tensor(0.0131)
403/669
tensor(0.0131)
404/669
tensor(0.0131)
405/669
tensor(0.0131)
406/669
tensor(0.0131)
407/669
tensor(0.0131)
408/669
tensor(0.0131)
409/669
tensor(0.0131)
410/669
tensor(0.0131)
411/669
tensor(0.0131)
412/669
tensor(0.0131)
413/669
tensor(0.0131)
414/669
tensor(0.0131)
415/669
tensor(0.0131)
416/669
tensor(0.0131)
417/669
tensor(0.0131)
418/669
tensor(0.0131)
419/669
tensor(0.0131)
420/669
tensor(0.0131)
421/669
tensor(0.0131)
422/669
tensor(0.0131)
423/669
tensor(0.0131)
424/669
tensor(0.0131)
425/669
tensor(0.0131)
426/669
tensor(0.0131)
427/669
tensor(0.0131)
428/669
tensor(0.0131)
429/669
tensor(0.0131)
430/669
tensor(0.0131)
431/669
tensor(0.0131)
432/669
tensor(0.0131)
433/669
tensor(0.0131)
434/669
tensor(0.0131)
435/669
tensor(0.0131)
436/669
tensor(0.0131)
437/669
tensor(0.0131)
438/669
tensor(0.0131)
439/669
tensor(0.0131)
440/669
tensor(0.0131)
441/669
tensor(0.0131)
442/669
tensor(0.0131)
443/669
tensor(0.0131)
444/669
tensor(0.0131)
445/669
tensor(0.0131)
446/669
tensor(0.0131)
447/669
tensor(0.0131)
448/669
tensor(0.0131)
449/669
tensor(0.0131)
450/669
tensor(0.0131)
451/669
tensor(0.0131)
452/669
tensor(0.0131)
453/669
tensor(0.0131)
454/669
tensor(0.0131)
455/669
tensor(0.0131)
456/669
tensor(0.0131)
457/669
tensor(0.0131)
458/669
tensor(0.0131)
459/669
tensor(0.0131)
460/669
tensor(0.0131)
461/669
tensor(0.0131)
462/669
tensor(0.0131)
463/669
tensor(0.0131)
464/669
tensor(0.0131)
465/669
tensor(0.0131)
466/669
tensor(0.0131)
467/669
tensor(0.0131)
468/669
tensor(0.0131)
469/669
tensor(0.0131)
470/669
tensor(0.0131)
471/669
tensor(0.0131)
472/669
tensor(0.0131)
473/669
tensor(0.0131)
474/669
tensor(0.0131)
475/669
tensor(0.0131)
476/669
tensor(0.0131)
477/669
tensor(0.0131)
478/669
tensor(0.0131)
479/669
tensor(0.0131)
480/669
tensor(0.0131)
481/669
tensor(0.0131)
482/669
tensor(0.0131)
483/669
tensor(0.0131)
484/669
tensor(0.0131)
485/669
tensor(0.0131)
486/669
tensor(0.0131)
487/669
tensor(0.0131)
488/669
tensor(0.0131)
489/669
tensor(0.0131)
490/669
tensor(0.0131)
491/669
tensor(0.0131)
492/669
tensor(0.0131)
493/669
tensor(0.0131)
494/669
tensor(0.0131)
495/669
tensor(0.0131)
496/669
tensor(0.0131)
497/669
tensor(0.0131)
498/669
tensor(0.0131)
499/669
tensor(0.0131)
500/669
tensor(0.0131)
501/669
tensor(0.0131)
502/669
tensor(0.0131)
503/669
tensor(0.0131)
504/669
tensor(0.0131)
505/669
tensor(0.0131)
506/669
tensor(0.0131)
507/669
tensor(0.0131)
508/669
tensor(0.0131)
509/669
tensor(0.0131)
510/669
tensor(0.0131)
511/669
tensor(0.0131)
512/669
tensor(0.0131)
513/669
tensor(0.0131)
514/669
tensor(0.0131)
515/669
tensor(0.0131)
516/669
tensor(0.0131)
517/669
tensor(0.0131)
518/669
tensor(0.0131)
519/669
tensor(0.0131)
520/669
tensor(0.0131)
521/669
tensor(0.0131)
522/669
tensor(0.0131)
523/669
tensor(0.0131)
524/669
tensor(0.0131)
525/669
tensor(0.0131)
526/669
tensor(0.0131)
527/669
tensor(0.0131)
528/669
tensor(0.0131)
529/669
tensor(0.0131)
530/669
tensor(0.0131)
531/669
tensor(0.0131)
532/669
tensor(0.0131)
533/669
tensor(0.0131)
534/669
tensor(0.0131)
535/669
tensor(0.0131)
536/669
tensor(0.0131)
537/669
tensor(0.0131)
538/669
tensor(0.0131)
539/669
tensor(0.0131)
540/669
tensor(0.0131)
541/669
tensor(0.0131)
542/669
tensor(0.0131)
543/669
tensor(0.0131)
544/669
tensor(0.0131)
545/669
tensor(0.0131)
546/669
tensor(0.0131)
547/669
tensor(0.0131)
548/669
tensor(0.0131)
549/669
tensor(0.0131)
550/669
tensor(0.0131)
551/669
tensor(0.0131)
552/669
tensor(0.0131)
553/669
tensor(0.0131)
554/669
tensor(0.0131)
555/669
tensor(0.0131)
556/669
tensor(0.0131)
557/669
tensor(0.0131)
558/669
tensor(0.0131)
559/669
tensor(0.0131)
560/669
tensor(0.0131)
561/669
tensor(0.0131)
562/669
tensor(0.0131)
563/669
tensor(0.0131)
564/669
tensor(0.0131)
565/669
tensor(0.0131)
566/669
tensor(0.0131)
567/669
tensor(0.0131)
568/669
tensor(0.0131)
569/669
tensor(0.0131)
570/669
tensor(0.0131)
571/669
tensor(0.0131)
572/669
tensor(0.0131)
573/669
tensor(0.0131)
574/669
tensor(0.0131)
575/669
tensor(0.0131)
576/669
tensor(0.0131)
577/669
tensor(0.0131)
578/669
tensor(0.0131)
579/669
tensor(0.0131)
580/669
tensor(0.0131)
581/669
tensor(0.0131)
582/669
tensor(0.0131)
583/669
tensor(0.0131)
584/669
tensor(0.0131)
585/669
tensor(0.0131)
586/669
tensor(0.0131)
587/669
tensor(0.0131)
588/669
tensor(0.0131)
589/669
tensor(0.0131)
590/669
tensor(0.0131)
591/669
tensor(0.0131)
592/669
tensor(0.0131)
593/669
tensor(0.0131)
594/669
tensor(0.0131)
595/669
tensor(0.0131)
596/669
tensor(0.0131)
597/669
tensor(0.0131)
598/669
tensor(0.0131)
599/669
tensor(0.0131)
600/669
tensor(0.0131)
601/669
tensor(0.0131)
602/669
tensor(0.0131)
603/669
tensor(0.0131)
604/669
tensor(0.0131)
605/669
tensor(0.0131)
606/669
tensor(0.0131)
607/669
tensor(0.0131)
608/669
tensor(0.0131)
609/669
tensor(0.0131)
610/669
tensor(0.0131)
611/669
tensor(0.0131)
612/669
tensor(0.0131)
613/669
tensor(0.0131)
614/669
tensor(0.0131)
615/669
tensor(0.0131)
616/669
tensor(0.0131)
617/669
tensor(0.0131)
618/669
tensor(0.0131)
619/669
tensor(0.0131)
620/669
tensor(0.0131)
621/669
tensor(0.0131)
622/669
tensor(0.0131)
623/669
tensor(0.0131)
624/669
tensor(0.0131)
625/669
tensor(0.0131)
626/669
tensor(0.0131)
627/669
tensor(0.0131)
628/669
tensor(0.0131)
629/669
tensor(0.0131)
630/669
tensor(0.0131)
631/669
tensor(0.0131)
632/669
tensor(0.0131)
633/669
tensor(0.0131)
634/669
tensor(0.0131)
635/669
tensor(0.0131)
636/669
tensor(0.0131)
637/669
tensor(0.0131)
638/669
tensor(0.0131)
639/669
tensor(0.0131)
640/669
tensor(0.0131)
641/669
tensor(0.0131)
642/669
tensor(0.0131)
643/669
tensor(0.0131)
644/669
tensor(0.0131)
645/669
tensor(0.0131)
646/669
tensor(0.0131)
647/669
tensor(0.0131)
648/669
tensor(0.0131)
649/669
tensor(0.0130)
650/669
tensor(0.0130)
651/669
tensor(0.0130)
652/669
tensor(0.0130)
653/669
tensor(0.0130)
654/669
tensor(0.0130)
655/669
tensor(0.0130)
656/669
tensor(0.0130)
657/669
tensor(0.0130)
658/669
tensor(0.0130)
659/669
tensor(0.0130)
660/669
tensor(0.0130)
661/669
tensor(0.0130)
662/669
tensor(0.0130)
663/669
tensor(0.0130)
664/669
tensor(0.0130)
665/669
tensor(0.0130)
666/669
tensor(0.0130)
667/669
tensor(0.0130)
668/669
tensor(0.0130)
669/669
tensor(0.0131)
Computing train data std
mean : 0.013051762245595455
std : 0.05446747690439224.
['../main.py', '--mode', 'train', '--model', 'minimal', '--loss', 'cross_entropy', '--batch_size=256', '--run_name', 'minimal_normed_augmented', '--preprocessing', 'greyscale', 'invert', 'centercrop', 'totensor', 'normalization', '--augmentation', 'flip', 'rotate']
Loading Train_Validation set
Splitting Data
Transforming Train set
Transforming Validation set
The train set contains 684315 images, in 2674 batches
The validation set contains 171079 images, in 669 batches
initiated conv model
2048
initiated linear model
loaded model on cuda
Saved a summary of this run
entered train
Acc_targets :{0: '29/1574', 1: '165836/195088', 2: '0/165', 3: '8/513', 4: '34/1067', 5: '78/1071', 6: '11628/19004', 7: '1214/4683', 8: '0/225', 9: '8745/14686', 10: '0/431', 11: '0/148', 12: '37/847', 13: '181/975', 14: '6/536', 15: '618/4444', 16: '432/6698', 17: '232/2427', 18: '0/135', 19: '266/766', 20: '1344/3769', 21: '28/2252', 22: '181/2621', 23: '0/65', 24: '0/24', 25: '1000/3139', 26: '0/76', 27: '483/6563', 28: '0/475', 29: '8463/15455', 30: '41/531', 31: '366/3352', 32: '0/265', 33: '0/145', 34: '45/1150', 35: '153/1501', 36: '115078/144126', 37: '1259/2836', 38: '15/879', 39: '1959/4800', 40: '0/111', 41: '21303/26514', 42: '6/1675', 43: '0/138', 44: '0/224', 45: '5075/11908', 46: '157/3695', 47: '0/116', 48: '653/3120', 49: '870/3150', 50: '6/2473', 51: '517/1644', 52: '1015/4112', 53: '0/189', 54: '1213/5091', 55: '12/626', 56: '69/1035', 57: '5706/10144', 58: '17658/33748', 59: '768/7945', 60: '122/2813', 61: '0/214', 62: '6/371', 63: '2867/7937', 64: '2498/6584', 65: '0/296', 66: '6/1853', 67: '1/187', 68: '1/467', 69: '8682/12279', 70: '4084/10264', 71: '183/3482', 72: '16/1036', 73: '773/4487', 74: '2985/5572', 75: '30063/42571', 76: '3/185', 77: '5/516', 78: '3518/9155', 79: '0/68', 80: '34/2057', 81: '236/2047', 82: '0/301', 83: '1/1661', 84: '0/138', 85: '70/582'}
 Training : Loss : 1.2950, Acc : 0.6298
entered validation
Acc_targets :{0: '79/409', 1: '40814/48454', 2: '0/49', 3: '5/125', 4: '11/258', 5: '50/257', 6: '3929/4792', 7: '506/1097', 8: '0/64', 9: '3103/3767', 10: '1/104', 11: '0/37', 12: '34/198', 13: '135/235', 14: '14/150', 15: '299/1126', 16: '630/1704', 17: '190/632', 18: '0/33', 19: '163/186', 20: '591/995', 21: '26/572', 22: '141/621', 23: '0/13', 24: '0/13', 25: '126/777', 26: '0/22', 27: '416/1636', 28: '0/101', 29: '2535/3767', 30: '12/155', 31: '71/861', 32: '0/71', 33: '0/43', 34: '6/309', 35: '86/368', 36: '30243/35853', 37: '472/701', 38: '25/212', 39: '937/1256', 40: '0/31', 41: '5688/6630', 42: '49/410', 43: '0/32', 44: '0/84', 45: '2126/2889', 46: '254/913', 47: '0/40', 48: '441/780', 49: '587/833', 50: '10/638', 51: '225/344', 52: '436/966', 53: '0/55', 54: '860/1275', 55: '0/131', 56: '145/253', 57: '1761/2489', 58: '6806/8344', 59: '505/2061', 60: '304/652', 61: '0/55', 62: '4/86', 63: '965/2101', 64: '1241/1629', 65: '0/76', 66: '44/461', 67: '0/47', 68: '0/123', 69: '2614/3152', 70: '1814/2688', 71: '12/909', 72: '12/249', 73: '643/1116', 74: '897/1423', 75: '9052/10809', 76: '4/50', 77: '8/116', 78: '1350/2334', 79: '0/20', 80: '26/531', 81: '128/470', 82: '0/87', 83: '0/424', 84: '0/34', 85: '62/145'}
 Training : Loss : 0.8972, Acc : 0.7293
Saving a better model
Epoch 0 time : 653.4177658557892
entered train
Acc_targets :{0: '240/1574', 1: '173010/195087', 2: '0/165', 3: '16/513', 4: '117/1067', 5: '264/1071', 6: '13379/19002', 7: '2038/4682', 8: '1/225', 9: '11222/14688', 10: '14/431', 11: '0/148', 12: '216/847', 13: '315/975', 14: '73/536', 15: '1312/4444', 16: '2973/6698', 17: '741/2428', 18: '0/135', 19: '468/766', 20: '2331/3769', 21: '103/2252', 22: '789/2621', 23: '1/65', 24: '0/24', 25: '1693/3139', 26: '0/76', 27: '1739/6563', 28: '1/475', 29: '11712/15456', 30: '96/531', 31: '1016/3352', 32: '4/265', 33: '0/145', 34: '165/1150', 35: '398/1501', 36: '122317/144127', 37: '1643/2837', 38: '63/879', 39: '3553/4800', 40: '0/111', 41: '23171/26514', 42: '87/1675', 43: '0/138', 44: '3/224', 45: '7505/11908', 46: '550/3696', 47: '0/116', 48: '1854/3120', 49: '1607/3149', 50: '17/2473', 51: '797/1644', 52: '2129/4113', 53: '0/189', 54: '2467/5092', 55: '60/625', 56: '320/1035', 57: '7607/10145', 58: '24426/33749', 59: '3471/7944', 60: '263/2813', 61: '0/214', 62: '43/371', 63: '5033/7937', 64: '4475/6584', 65: '0/296', 66: '101/1853', 67: '4/187', 68: '16/467', 69: '10714/12277', 70: '7233/10264', 71: '361/3482', 72: '139/1036', 73: '2258/4486', 74: '3765/5571', 75: '36733/42570', 76: '12/185', 77: '40/516', 78: '5861/9155', 79: '0/68', 80: '201/2058', 81: '636/2047', 82: '16/301', 83: '48/1661', 84: '2/138', 85: '148/582'}
 Training : Loss : 0.8543, Acc : 0.7427
entered validation
Acc_targets :{0: '141/409', 1: '44188/48454', 2: '0/49', 3: '2/125', 4: '33/258', 5: '122/257', 6: '3403/4792', 7: '546/1097', 8: '1/64', 9: '2825/3767', 10: '2/104', 11: '0/37', 12: '109/198', 13: '134/235', 14: '52/150', 15: '236/1126', 16: '1049/1704', 17: '261/632', 18: '0/33', 19: '123/186', 20: '657/995', 21: '45/572', 22: '198/621', 23: '2/13', 24: '0/13', 25: '671/777', 26: '0/22', 27: '344/1636', 28: '1/101', 29: '3093/3767', 30: '92/155', 31: '348/861', 32: '1/71', 33: '0/43', 34: '56/309', 35: '101/368', 36: '32306/35853', 37: '510/701', 38: '47/212', 39: '977/1256', 40: '0/31', 41: '5700/6630', 42: '46/410', 43: '0/32', 44: '8/84', 45: '1721/2889', 46: '135/913', 47: '0/40', 48: '537/780', 49: '610/833', 50: '22/638', 51: '223/344', 52: '552/966', 53: '0/55', 54: '664/1275', 55: '23/131', 56: '157/253', 57: '1975/2489', 58: '6067/8344', 59: '1339/2061', 60: '3/652', 61: '0/55', 62: '19/86', 63: '1602/2101', 64: '1313/1629', 65: '0/76', 66: '57/461', 67: '0/47', 68: '39/123', 69: '2767/3152', 70: '1640/2688', 71: '286/909', 72: '95/249', 73: '764/1116', 74: '1015/1423', 75: '9408/10809', 76: '6/50', 77: '22/116', 78: '1660/2334', 79: '0/20', 80: '37/531', 81: '177/470', 82: '11/87', 83: '4/424', 84: '0/34', 85: '14/145'}
 Training : Loss : 0.7166, Acc : 0.7800
Saving a better model
Epoch 1 time : 650.991806268692
entered train
Acc_targets :{0: '395/1574', 1: '175523/195085', 2: '0/165', 3: '28/513', 4: '178/1067', 5: '348/1071', 6: '13631/19004', 7: '2351/4683', 8: '5/225', 9: '11666/14687', 10: '29/431', 11: '0/148', 12: '320/847', 13: '344/975', 14: '100/536', 15: '1540/4444', 16: '4004/6698', 17: '987/2428', 18: '6/135', 19: '519/766', 20: '2502/3769', 21: '135/2252', 22: '1042/2621', 23: '2/65', 24: '0/24', 25: '1906/3139', 26: '0/76', 27: '2312/6563', 28: '5/475', 29: '12234/15456', 30: '152/531', 31: '1272/3352', 32: '11/265', 33: '1/145', 34: '276/1150', 35: '523/1501', 36: '123932/144127', 37: '1662/2836', 38: '98/879', 39: '3772/4800', 40: '0/111', 41: '23546/26514', 42: '262/1675', 43: '0/138', 44: '10/224', 45: '7919/11909', 46: '799/3695', 47: '0/116', 48: '2119/3120', 49: '1895/3150', 50: '48/2473', 51: '844/1644', 52: '2520/4112', 53: '0/189', 54: '2872/5092', 55: '92/626', 56: '420/1034', 57: '7841/10143', 58: '26021/33748', 59: '4751/7945', 60: '314/2813', 61: '1/214', 62: '95/371', 63: '5411/7936', 64: '4996/6584', 65: '0/296', 66: '232/1853', 67: '14/187', 68: '52/467', 69: '10813/12279', 70: '7861/10262', 71: '501/3482', 72: '329/1036', 73: '2632/4487', 74: '3854/5571', 75: '37274/42574', 76: '21/185', 77: '65/516', 78: '6156/9154', 79: '1/68', 80: '394/2058', 81: '876/2047', 82: '59/301', 83: '90/1661', 84: '9/138', 85: '179/582'}
 Training : Loss : 0.7511, Acc : 0.7716
entered validation
Acc_targets :{0: '151/409', 1: '43592/48454', 2: '0/49', 3: '8/125', 4: '96/258', 5: '151/257', 6: '3721/4792', 7: '570/1097', 8: '3/64', 9: '3164/3767', 10: '7/104', 11: '0/37', 12: '98/198', 13: '88/235', 14: '51/150', 15: '438/1126', 16: '1183/1704', 17: '247/632', 18: '6/33', 19: '131/186', 20: '820/995', 21: '18/572', 22: '379/621', 23: '5/13', 24: '0/13', 25: '482/777', 26: '0/22', 27: '665/1636', 28: '0/101', 29: '2807/3767', 30: '99/155', 31: '442/861', 32: '10/71', 33: '0/43', 34: '72/309', 35: '174/368', 36: '30747/35853', 37: '451/701', 38: '55/212', 39: '1010/1256', 40: '0/31', 41: '5896/6630', 42: '97/410', 43: '0/32', 44: '16/84', 45: '2004/2889', 46: '359/913', 47: '0/40', 48: '621/780', 49: '571/833', 50: '20/638', 51: '274/344', 52: '704/966', 53: '0/55', 54: '846/1275', 55: '23/131', 56: '88/253', 57: '2219/2489', 58: '7065/8344', 59: '1638/2061', 60: '107/652', 61: '2/55', 62: '42/86', 63: '1627/2101', 64: '1427/1629', 65: '0/76', 66: '113/461', 67: '0/47', 68: '49/123', 69: '2673/3152', 70: '2301/2688', 71: '254/909', 72: '91/249', 73: '712/1116', 74: '1002/1423', 75: '9580/10809', 76: '16/50', 77: '47/116', 78: '1819/2334', 79: '0/20', 80: '130/531', 81: '265/470', 82: '46/87', 83: '77/424', 84: '1/34', 85: '101/145'}
 Training : Loss : 0.6516, Acc : 0.8003
Saving a better model
Epoch 2 time : 655.103889465332
entered train
Acc_targets :{0: '461/1574', 1: '176914/195085', 2: '0/165', 3: '50/513', 4: '232/1067', 5: '394/1071', 6: '13811/19003', 7: '2492/4683', 8: '15/225', 9: '11847/14688', 10: '46/431', 11: '0/148', 12: '361/847', 13: '338/975', 14: '128/536', 15: '1774/4444', 16: '4338/6698', 17: '1107/2428', 18: '19/135', 19: '527/766', 20: '2675/3768', 21: '164/2252', 22: '1202/2621', 23: '3/65', 24: '0/24', 25: '2024/3139', 26: '0/76', 27: '2531/6562', 28: '13/475', 29: '12380/15455', 30: '166/531', 31: '1424/3352', 32: '12/265', 33: '1/145', 34: '329/1150', 35: '644/1501', 36: '124781/144131', 37: '1706/2837', 38: '121/879', 39: '3844/4800', 40: '0/111', 41: '23753/26513', 42: '371/1675', 43: '0/138', 44: '24/224', 45: '8211/11908', 46: '948/3696', 47: '0/116', 48: '2187/3119', 49: '1955/3149', 50: '160/2473', 51: '924/1644', 52: '2627/4112', 53: '0/189', 54: '3133/5092', 55: '113/626', 56: '443/1035', 57: '8011/10144', 58: '26689/33748', 59: '5257/7945', 60: '393/2813', 61: '1/214', 62: '113/371', 63: '5552/7937', 64: '5375/6584', 65: '0/296', 66: '318/1853', 67: '18/187', 68: '102/467', 69: '10824/12279', 70: '8161/10263', 71: '563/3482', 72: '405/1036', 73: '2808/4486', 74: '3941/5572', 75: '37565/42571', 76: '45/185', 77: '87/516', 78: '6299/9155', 79: '0/68', 80: '603/2057', 81: '1062/2047', 82: '80/301', 83: '135/1661', 84: '10/138', 85: '209/582'}
 Training : Loss : 0.6983, Acc : 0.7867
entered validation
Acc_targets :{0: '143/409', 1: '43743/48454', 2: '0/49', 3: '32/125', 4: '40/258', 5: '113/257', 6: '3366/4792', 7: '580/1097', 8: '5/64', 9: '3080/3767', 10: '17/104', 11: '0/37', 12: '93/198', 13: '108/235', 14: '46/150', 15: '268/1126', 16: '1192/1704', 17: '361/632', 18: '3/33', 19: '126/186', 20: '735/995', 21: '51/572', 22: '307/621', 23: '0/13', 24: '0/13', 25: '581/777', 26: '0/22', 27: '926/1636', 28: '21/101', 29: '3133/3767', 30: '85/155', 31: '375/861', 32: '10/71', 33: '1/43', 34: '56/309', 35: '195/368', 36: '32301/35853', 37: '484/701', 38: '56/212', 39: '1068/1256', 40: '4/31', 41: '6062/6630', 42: '181/410', 43: '0/32', 44: '31/84', 45: '1928/2889', 46: '437/913', 47: '0/40', 48: '653/780', 49: '546/833', 50: '91/638', 51: '271/344', 52: '659/966', 53: '0/55', 54: '948/1275', 55: '35/131', 56: '137/253', 57: '2154/2489', 58: '6709/8344', 59: '1347/2061', 60: '18/652', 61: '1/55', 62: '35/86', 63: '1774/2101', 64: '1455/1629', 65: '0/76', 66: '120/461', 67: '9/47', 68: '40/123', 69: '2789/3152', 70: '2316/2688', 71: '34/909', 72: '109/249', 73: '898/1116', 74: '1028/1423', 75: '9623/10809', 76: '11/50', 77: '32/116', 78: '1864/2334', 79: '0/20', 80: '164/531', 81: '288/470', 82: '48/87', 83: '14/424', 84: '3/34', 85: '63/145'}
 Training : Loss : 0.6116, Acc : 0.8107
Saving a better model
Epoch 3 time : 650.8072435855865
entered train
Acc_targets :{0: '517/1574', 1: '177608/195082', 2: '2/165', 3: '38/513', 4: '264/1067', 5: '463/1070', 6: '13786/19004', 7: '2624/4682', 8: '29/225', 9: '11994/14688', 10: '53/431', 11: '0/148', 12: '396/847', 13: '384/975', 14: '138/536', 15: '1766/4444', 16: '4576/6697', 17: '1214/2428', 18: '22/135', 19: '550/766', 20: '2748/3769', 21: '176/2252', 22: '1244/2621', 23: '10/65', 24: '0/24', 25: '2123/3139', 26: '0/76', 27: '2795/6562', 28: '24/475', 29: '12633/15456', 30: '189/531', 31: '1527/3352', 32: '29/265', 33: '0/145', 34: '380/1150', 35: '729/1501', 36: '125297/144127', 37: '1714/2837', 38: '166/879', 39: '3915/4800', 40: '4/111', 41: '23845/26514', 42: '490/1675', 43: '0/138', 44: '33/224', 45: '8352/11909', 46: '1008/3696', 47: '0/116', 48: '2321/3120', 49: '2068/3150', 50: '287/2473', 51: '946/1644', 52: '2687/4113', 53: '0/189', 54: '3317/5092', 55: '121/626', 56: '480/1034', 57: '8108/10145', 58: '27083/33746', 59: '5559/7945', 60: '412/2813', 61: '3/214', 62: '136/371', 63: '5693/7937', 64: '5627/6584', 65: '0/296', 66: '432/1853', 67: '18/187', 68: '118/467', 69: '10841/12278', 70: '8351/10264', 71: '642/3482', 72: '454/1036', 73: '2941/4487', 74: '3995/5572', 75: '37764/42573', 76: '34/185', 77: '96/516', 78: '6555/9155', 79: '0/68', 80: '687/2058', 81: '1166/2047', 82: '80/301', 83: '161/1661', 84: '15/138', 85: '200/582'}
 Training : Loss : 0.6608, Acc : 0.7968
entered validation
Acc_targets :{0: '114/409', 1: '44887/48454', 2: '1/49', 3: '5/125', 4: '78/258', 5: '140/257', 6: '3837/4792', 7: '781/1097', 8: '10/64', 9: '3207/3767', 10: '20/104', 11: '0/37', 12: '124/198', 13: '104/235', 14: '59/150', 15: '405/1126', 16: '1310/1704', 17: '342/632', 18: '1/33', 19: '152/186', 20: '612/995', 21: '12/572', 22: '344/621', 23: '0/13', 24: '0/13', 25: '612/777', 26: '0/22', 27: '748/1636', 28: '9/101', 29: '3039/3767', 30: '95/155', 31: '457/861', 32: '2/71', 33: '0/43', 34: '118/309', 35: '161/368', 36: '31202/35853', 37: '350/701', 38: '64/212', 39: '1019/1256', 40: '2/31', 41: '5985/6630', 42: '172/410', 43: '0/32', 44: '35/84', 45: '2161/2889', 46: '246/913', 47: '0/40', 48: '642/780', 49: '519/833', 50: '146/638', 51: '279/344', 52: '727/966', 53: '0/55', 54: '947/1275', 55: '31/131', 56: '114/253', 57: '2039/2489', 58: '7194/8344', 59: '1525/2061', 60: '141/652', 61: '1/55', 62: '41/86', 63: '1693/2101', 64: '1517/1629', 65: '0/76', 66: '111/461', 67: '14/47', 68: '51/123', 69: '2536/3152', 70: '2246/2688', 71: '146/909', 72: '138/249', 73: '779/1116', 74: '1056/1423', 75: '9597/10809', 76: '17/50', 77: '25/116', 78: '1818/2334', 79: '0/20', 80: '309/531', 81: '295/470', 82: '33/87', 83: '38/424', 84: '7/34', 85: '98/145'}
 Training : Loss : 0.5858, Acc : 0.8180
Saving a better model
Epoch 4 time : 652.4475643634796
entered train
Acc_targets :{0: '533/1574', 1: '177964/195082', 2: '2/165', 3: '50/513', 4: '340/1067', 5: '470/1071', 6: '13938/19004', 7: '2721/4683', 8: '31/225', 9: '12091/14688', 10: '49/431', 11: '0/148', 12: '409/847', 13: '391/975', 14: '143/536', 15: '1892/4443', 16: '4742/6698', 17: '1254/2428', 18: '22/135', 19: '549/765', 20: '2785/3769', 21: '176/2252', 22: '1335/2621', 23: '8/65', 24: '0/24', 25: '2203/3139', 26: '1/76', 27: '2864/6562', 28: '20/475', 29: '12798/15456', 30: '221/531', 31: '1574/3352', 32: '32/265', 33: '3/145', 34: '395/1150', 35: '782/1501', 36: '125818/144128', 37: '1748/2837', 38: '172/879', 39: '3951/4800', 40: '7/111', 41: '23933/26514', 42: '569/1675', 43: '2/138', 44: '35/224', 45: '8460/11908', 46: '1126/3696', 47: '0/116', 48: '2359/3120', 49: '2122/3149', 50: '388/2473', 51: '978/1644', 52: '2710/4113', 53: '0/189', 54: '3441/5092', 55: '141/626', 56: '489/1035', 57: '8152/10145', 58: '27437/33748', 59: '5770/7945', 60: '543/2813', 61: '3/214', 62: '149/371', 63: '5808/7937', 64: '5738/6584', 65: '1/295', 66: '484/1853', 67: '15/187', 68: '128/467', 69: '10890/12278', 70: '8495/10263', 71: '678/3481', 72: '510/1036', 73: '2997/4487', 74: '4042/5572', 75: '37905/42573', 76: '51/185', 77: '101/516', 78: '6628/9155', 79: '3/68', 80: '782/2058', 81: '1217/2047', 82: '95/301', 83: '203/1661', 84: '25/138', 85: '205/582'}
 Training : Loss : 0.6363, Acc : 0.8042
entered validation
Acc_targets :{0: '186/409', 1: '43839/48454', 2: '3/49', 3: '18/125', 4: '113/258', 5: '183/257', 6: '4192/4792', 7: '678/1097', 8: '18/64', 9: '3224/3767', 10: '19/104', 11: '0/37', 12: '141/198', 13: '39/235', 14: '63/150', 15: '542/1126', 16: '1224/1704', 17: '351/632', 18: '8/33', 19: '159/186', 20: '721/995', 21: '21/572', 22: '450/621', 23: '2/13', 24: '0/13', 25: '557/777', 26: '0/22', 27: '627/1636', 28: '11/101', 29: '3475/3767', 30: '68/155', 31: '532/861', 32: '12/71', 33: '0/43', 34: '142/309', 35: '222/368', 36: '30448/35853', 37: '446/701', 38: '67/212', 39: '1130/1256', 40: '7/31', 41: '6032/6630', 42: '172/410', 43: '1/32', 44: '28/84', 45: '2227/2889', 46: '308/913', 47: '0/40', 48: '598/780', 49: '694/833', 50: '107/638', 51: '193/344', 52: '694/966', 53: '0/55', 54: '967/1275', 55: '47/131', 56: '112/253', 57: '2113/2489', 58: '7400/8344', 59: '1708/2061', 60: '137/652', 61: '0/55', 62: '47/86', 63: '1679/2101', 64: '1502/1629', 65: '0/76', 66: '211/461', 67: '6/47', 68: '70/123', 69: '2834/3152', 70: '2319/2688', 71: '184/909', 72: '128/249', 73: '756/1116', 74: '1049/1423', 75: '9502/10809', 76: '29/50', 77: '52/116', 78: '1878/2334', 79: '0/20', 80: '227/531', 81: '313/470', 82: '42/87', 83: '37/424', 84: '10/34', 85: '55/145'}
 Training : Loss : 0.5772, Acc : 0.8210
Saving a better model
Epoch 5 time : 651.532288312912
entered train
Acc_targets :{0: '547/1574', 1: '178479/195090', 2: '4/165', 3: '50/513', 4: '362/1067', 5: '478/1071', 6: '14005/19004', 7: '2722/4683', 8: '37/225', 9: '12137/14686', 10: '70/431', 11: '0/148', 12: '427/847', 13: '374/975', 14: '144/536', 15: '1995/4444', 16: '4809/6697', 17: '1294/2428', 18: '34/135', 19: '572/766', 20: '2810/3769', 21: '217/2251', 22: '1378/2621', 23: '4/65', 24: '0/24', 25: '2258/3139', 26: '0/76', 27: '2974/6562', 28: '42/475', 29: '12897/15454', 30: '215/531', 31: '1701/3352', 32: '35/265', 33: '1/145', 34: '446/1150', 35: '803/1501', 36: '125999/144126', 37: '1773/2837', 38: '197/879', 39: '3996/4800', 40: '7/111', 41: '24019/26514', 42: '628/1675', 43: '6/138', 44: '42/224', 45: '8638/11909', 46: '1152/3696', 47: '2/116', 48: '2387/3120', 49: '2150/3149', 50: '501/2473', 51: '1007/1644', 52: '2703/4113', 53: '0/189', 54: '3477/5091', 55: '157/626', 56: '511/1035', 57: '8268/10145', 58: '27610/33748', 59: '5914/7945', 60: '558/2812', 61: '8/214', 62: '146/371', 63: '5796/7936', 64: '5817/6583', 65: '0/296', 66: '551/1853', 67: '26/187', 68: '156/467', 69: '10860/12279', 70: '8507/10264', 71: '734/3482', 72: '525/1035', 73: '3064/4487', 74: '4053/5572', 75: '37964/42571', 76: '57/185', 77: '97/516', 78: '6754/9155', 79: '1/68', 80: '821/2058', 81: '1276/2047', 82: '108/301', 83: '170/1661', 84: '18/138', 85: '194/582'}
 Training : Loss : 0.6189, Acc : 0.8092
entered validation
Acc_targets :{0: '170/409', 1: '44188/48454', 2: '0/49', 3: '23/125', 4: '110/258', 5: '133/257', 6: '3986/4792', 7: '711/1097', 8: '13/64', 9: '3266/3767', 10: '16/104', 11: '0/37', 12: '109/198', 13: '124/235', 14: '46/150', 15: '398/1126', 16: '1386/1704', 17: '342/632', 18: '5/33', 19: '114/186', 20: '779/995', 21: '43/572', 22: '409/621', 23: '4/13', 24: '0/13', 25: '623/777', 26: '0/22', 27: '743/1636', 28: '29/101', 29: '2889/3767', 30: '112/155', 31: '467/861', 32: '8/71', 33: '0/43', 34: '104/309', 35: '245/368', 36: '30842/35853', 37: '436/701', 38: '71/212', 39: '1043/1256', 40: '0/31', 41: '6212/6630', 42: '148/410', 43: '0/32', 44: '38/84', 45: '2130/2889', 46: '262/913', 47: '0/40', 48: '658/780', 49: '611/833', 50: '208/638', 51: '240/344', 52: '727/966', 53: '0/55', 54: '1001/1275', 55: '34/131', 56: '139/253', 57: '2143/2489', 58: '7525/8344', 59: '1647/2061', 60: '93/652', 61: '2/55', 62: '42/86', 63: '1780/2101', 64: '1487/1629', 65: '0/76', 66: '146/461', 67: '12/47', 68: '42/123', 69: '2369/3152', 70: '2250/2688', 71: '172/909', 72: '132/249', 73: '817/1116', 74: '1031/1423', 75: '9948/10809', 76: '15/50', 77: '47/116', 78: '1726/2334', 79: '1/20', 80: '304/531', 81: '319/470', 82: '39/87', 83: '20/424', 84: '10/34', 85: '85/145'}
 Training : Loss : 0.5745, Acc : 0.8222
Saving a better model
Epoch 6 time : 654.8295247554779
entered train
Acc_targets :{0: '557/1574', 1: '178704/195085', 2: '3/165', 3: '48/513', 4: '401/1066', 5: '501/1071', 6: '14057/19004', 7: '2802/4683', 8: '43/225', 9: '12182/14688', 10: '75/431', 11: '0/148', 12: '444/847', 13: '409/975', 14: '176/536', 15: '2048/4444', 16: '4892/6698', 17: '1311/2428', 18: '30/135', 19: '570/766', 20: '2856/3769', 21: '221/2252', 22: '1432/2621', 23: '11/65', 24: '0/24', 25: '2223/3139', 26: '0/76', 27: '3047/6563', 28: '64/475', 29: '12959/15454', 30: '229/531', 31: '1718/3352', 32: '36/265', 33: '0/145', 34: '478/1150', 35: '884/1501', 36: '126246/144127', 37: '1763/2837', 38: '250/879', 39: '3970/4800', 40: '6/111', 41: '24105/26510', 42: '636/1675', 43: '1/138', 44: '36/224', 45: '8564/11909', 46: '1175/3696', 47: '0/116', 48: '2404/3120', 49: '2223/3150', 50: '601/2473', 51: '962/1644', 52: '2699/4113', 53: '0/189', 54: '3582/5092', 55: '163/626', 56: '530/1035', 57: '8319/10144', 58: '27843/33747', 59: '5965/7945', 60: '607/2813', 61: '5/214', 62: '166/371', 63: '5911/7937', 64: '5954/6584', 65: '0/296', 66: '554/1853', 67: '35/187', 68: '161/467', 69: '10867/12279', 70: '8626/10264', 71: '796/3482', 72: '548/1036', 73: '3089/4487', 74: '4102/5572', 75: '38039/42571', 76: '52/185', 77: '130/516', 78: '6845/9155', 79: '0/68', 80: '874/2058', 81: '1324/2047', 82: '92/301', 83: '246/1661', 84: '11/138', 85: '212/582'}
 Training : Loss : 0.6020, Acc : 0.8135
entered validation
Acc_targets :{0: '166/409', 1: '43310/48454', 2: '4/49', 3: '20/125', 4: '106/258', 5: '99/257', 6: '3129/4792', 7: '612/1097', 8: '15/64', 9: '3356/3767', 10: '29/104', 11: '0/37', 12: '106/198', 13: '164/235', 14: '70/150', 15: '604/1126', 16: '1211/1704', 17: '341/632', 18: '12/33', 19: '165/186', 20: '828/995', 21: '42/572', 22: '409/621', 23: '1/13', 24: '0/13', 25: '646/777', 26: '0/22', 27: '935/1636', 28: '18/101', 29: '3407/3767', 30: '56/155', 31: '454/861', 32: '19/71', 33: '0/43', 34: '151/309', 35: '248/368', 36: '32129/35853', 37: '543/701', 38: '79/212', 39: '1102/1256', 40: '2/31', 41: '6042/6630', 42: '185/410', 43: '1/32', 44: '34/84', 45: '2053/2889', 46: '565/913', 47: '0/40', 48: '626/780', 49: '638/833', 50: '173/638', 51: '276/344', 52: '535/966', 53: '0/55', 54: '1001/1275', 55: '39/131', 56: '175/253', 57: '2143/2489', 58: '7206/8344', 59: '1547/2061', 60: '81/652', 61: '0/55', 62: '42/86', 63: '1791/2101', 64: '1536/1629', 65: '0/76', 66: '210/461', 67: '17/47', 68: '71/123', 69: '2834/3152', 70: '2348/2688', 71: '236/909', 72: '154/249', 73: '858/1116', 74: '1099/1423', 75: '9848/10809', 76: '14/50', 77: '44/116', 78: '1993/2334', 79: '1/20', 80: '289/531', 81: '347/470', 82: '46/87', 83: '51/424', 84: '4/34', 85: '117/145'}
 Training : Loss : 0.5416, Acc : 0.8295
Saving a better model
Epoch 7 time : 653.8467421531677
entered train
Acc_targets :{0: '582/1574', 1: '178829/195086', 2: '10/165', 3: '49/513', 4: '438/1066', 5: '542/1071', 6: '14121/19002', 7: '2819/4683', 8: '45/224', 9: '12247/14688', 10: '77/431', 11: '0/148', 12: '440/847', 13: '403/975', 14: '149/536', 15: '2118/4443', 16: '4894/6697', 17: '1325/2427', 18: '37/135', 19: '601/766', 20: '2853/3769', 21: '233/2252', 22: '1458/2621', 23: '11/65', 24: '0/24', 25: '2349/3139', 26: '0/76', 27: '3123/6563', 28: '72/475', 29: '13078/15454', 30: '209/531', 31: '1715/3352', 32: '46/265', 33: '2/145', 34: '480/1150', 35: '893/1501', 36: '126547/144129', 37: '1774/2837', 38: '241/879', 39: '3982/4800', 40: '14/111', 41: '24097/26512', 42: '646/1675', 43: '3/138', 44: '39/224', 45: '8690/11909', 46: '1235/3696', 47: '0/116', 48: '2429/3119', 49: '2255/3150', 50: '603/2473', 51: '1004/1644', 52: '2771/4113', 53: '0/189', 54: '3623/5092', 55: '172/626', 56: '545/1035', 57: '8363/10145', 58: '28009/33748', 59: '6109/7945', 60: '611/2813', 61: '3/213', 62: '156/371', 63: '5896/7937', 64: '5951/6584', 65: '0/296', 66: '604/1853', 67: '42/187', 68: '175/467', 69: '10909/12279', 70: '8638/10264', 71: '754/3482', 72: '533/1036', 73: '3094/4487', 74: '4123/5572', 75: '38127/42574', 76: '65/185', 77: '131/516', 78: '6903/9155', 79: '3/68', 80: '929/2057', 81: '1334/2047', 82: '109/301', 83: '237/1660', 84: '23/138', 85: '217/582'}
 Training : Loss : 0.5915, Acc : 0.8169
entered validation
Acc_targets :{0: '231/409', 1: '43871/48454', 2: '14/49', 3: '7/125', 4: '135/258', 5: '153/257', 6: '3818/4792', 7: '722/1097', 8: '15/64', 9: '3257/3767', 10: '28/104', 11: '0/37', 12: '130/198', 13: '125/235', 14: '44/150', 15: '544/1126', 16: '1291/1704', 17: '408/632', 18: '6/33', 19: '161/186', 20: '835/995', 21: '42/572', 22: '418/621', 23: '9/13', 24: '0/13', 25: '583/777', 26: '2/22', 27: '745/1636', 28: '25/101', 29: '3389/3767', 30: '82/155', 31: '551/861', 32: '8/71', 33: '0/43', 34: '144/309', 35: '238/368', 36: '32052/35853', 37: '463/701', 38: '83/212', 39: '1104/1256', 40: '3/31', 41: '6137/6630', 42: '212/410', 43: '0/32', 44: '30/84', 45: '2259/2889', 46: '307/913', 47: '0/40', 48: '628/780', 49: '662/833', 50: '284/638', 51: '279/344', 52: '670/966', 53: '0/55', 54: '1038/1275', 55: '37/131', 56: '171/253', 57: '2104/2489', 58: '7215/8344', 59: '1586/2061', 60: '322/652', 61: '0/55', 62: '49/86', 63: '1722/2101', 64: '1562/1629', 65: '0/76', 66: '201/461', 67: '10/47', 68: '57/123', 69: '2778/3152', 70: '2407/2688', 71: '269/909', 72: '167/249', 73: '738/1116', 74: '1178/1423', 75: '9473/10809', 76: '26/50', 77: '64/116', 78: '1899/2334', 79: '0/20', 80: '323/531', 81: '347/470', 82: '42/87', 83: '39/424', 84: '1/34', 85: '68/145'}
 Training : Loss : 0.5233, Acc : 0.8368
Saving a better model
Epoch 8 time : 653.5735595226288
entered train
Acc_targets :{0: '591/1574', 1: '179286/195082', 2: '14/165', 3: '39/513', 4: '444/1067', 5: '529/1071', 6: '14207/19002', 7: '2853/4683', 8: '49/225', 9: '12224/14687', 10: '83/431', 11: '0/148', 12: '452/847', 13: '404/975', 14: '152/536', 15: '2124/4444', 16: '4973/6698', 17: '1374/2428', 18: '34/135', 19: '564/766', 20: '2905/3769', 21: '249/2251', 22: '1453/2621', 23: '9/65', 24: '0/24', 25: '2354/3139', 26: '2/76', 27: '3154/6563', 28: '79/475', 29: '13130/15455', 30: '244/531', 31: '1718/3352', 32: '52/265', 33: '2/145', 34: '477/1150', 35: '905/1501', 36: '126593/144129', 37: '1757/2837', 38: '262/879', 39: '4012/4800', 40: '12/111', 41: '24159/26514', 42: '711/1675', 43: '4/138', 44: '42/224', 45: '8743/11909', 46: '1279/3696', 47: '0/116', 48: '2405/3120', 49: '2270/3150', 50: '667/2473', 51: '975/1644', 52: '2740/4113', 53: '0/189', 54: '3702/5092', 55: '190/626', 56: '550/1035', 57: '8383/10145', 58: '28007/33749', 59: '6065/7944', 60: '640/2813', 61: '6/214', 62: '176/371', 63: '6012/7937', 64: '6007/6584', 65: '0/296', 66: '673/1853', 67: '41/187', 68: '175/467', 69: '10945/12277', 70: '8669/10264', 71: '804/3482', 72: '574/1036', 73: '3175/4486', 74: '4142/5572', 75: '38104/42571', 76: '65/185', 77: '128/516', 78: '6922/9155', 79: '3/68', 80: '961/2058', 81: '1346/2047', 82: '119/301', 83: '271/1661', 84: '29/138', 85: '225/582'}
 Training : Loss : 0.5825, Acc : 0.8196
entered validation
Acc_targets :{0: '201/409', 1: '44873/48454', 2: '4/49', 3: '8/125', 4: '164/258', 5: '168/257', 6: '3676/4792', 7: '763/1097', 8: '12/64', 9: '3207/3767', 10: '27/104', 11: '0/37', 12: '105/198', 13: '128/235', 14: '50/150', 15: '747/1126', 16: '1231/1704', 17: '337/632', 18: '8/33', 19: '172/186', 20: '818/995', 21: '65/572', 22: '444/621', 23: '3/13', 24: '0/13', 25: '615/777', 26: '0/22', 27: '812/1636', 28: '16/101', 29: '3370/3767', 30: '101/155', 31: '458/861', 32: '9/71', 33: '1/43', 34: '147/309', 35: '257/368', 36: '32351/35853', 37: '383/701', 38: '78/212', 39: '972/1256', 40: '4/31', 41: '5997/6630', 42: '200/410', 43: '0/32', 44: '38/84', 45: '2218/2889', 46: '313/913', 47: '0/40', 48: '654/780', 49: '721/833', 50: '214/638', 51: '257/344', 52: '626/966', 53: '0/55', 54: '1009/1275', 55: '46/131', 56: '199/253', 57: '2150/2489', 58: '6956/8344', 59: '1721/2061', 60: '77/652', 61: '0/55', 62: '46/86', 63: '1574/2101', 64: '1537/1629', 65: '0/76', 66: '194/461', 67: '12/47', 68: '59/123', 69: '2889/3152', 70: '2281/2688', 71: '206/909', 72: '135/249', 73: '742/1116', 74: '1108/1423', 75: '9325/10809', 76: '21/50', 77: '60/116', 78: '1910/2334', 79: '0/20', 80: '271/531', 81: '339/470', 82: '49/87', 83: '97/424', 84: '2/34', 85: '85/145'}
 Training : Loss : 0.5261, Acc : 0.8369
Epoch 9 time : 651.368673324585
entered train
Acc_targets :{0: '613/1574', 1: '179587/195090', 2: '9/165', 3: '52/513', 4: '471/1067', 5: '517/1071', 6: '14219/19003', 7: '2873/4683', 8: '48/225', 9: '12364/14688', 10: '88/431', 11: '0/148', 12: '448/846', 13: '421/974', 14: '163/536', 15: '2159/4443', 16: '5051/6697', 17: '1373/2428', 18: '37/135', 19: '602/766', 20: '2913/3768', 21: '235/2252', 22: '1479/2621', 23: '5/65', 24: '0/24', 25: '2309/3139', 26: '0/76', 27: '3227/6563', 28: '77/475', 29: '13241/15456', 30: '259/531', 31: '1826/3352', 32: '47/265', 33: '4/145', 34: '505/1150', 35: '913/1501', 36: '126659/144125', 37: '1801/2837', 38: '269/879', 39: '3973/4800', 40: '7/111', 41: '24145/26512', 42: '690/1675', 43: '2/138', 44: '57/224', 45: '8718/11908', 46: '1289/3696', 47: '1/116', 48: '2453/3120', 49: '2319/3150', 50: '737/2473', 51: '1005/1644', 52: '2784/4113', 53: '0/189', 54: '3706/5092', 55: '195/626', 56: '572/1035', 57: '8400/10145', 58: '28144/33748', 59: '6141/7945', 60: '594/2813', 61: '3/214', 62: '167/371', 63: '5988/7937', 64: '5979/6584', 65: '1/296', 66: '692/1853', 67: '31/187', 68: '175/467', 69: '10942/12279', 70: '8760/10263', 71: '791/3480', 72: '590/1036', 73: '3186/4485', 74: '4149/5572', 75: '38197/42573', 76: '60/185', 77: '130/516', 78: '7026/9155', 79: '2/68', 80: '967/2058', 81: '1365/2047', 82: '119/301', 83: '262/1661', 84: '21/138', 85: '228/582'}
 Training : Loss : 0.5730, Acc : 0.8222
entered validation
Acc_targets :{0: '198/409', 1: '44545/48454', 2: '5/49', 3: '17/125', 4: '141/258', 5: '139/257', 6: '3134/4792', 7: '781/1097', 8: '20/64', 9: '3108/3767', 10: '30/104', 11: '0/37', 12: '135/198', 13: '153/235', 14: '62/150', 15: '645/1126', 16: '1390/1704', 17: '273/632', 18: '16/33', 19: '162/186', 20: '852/995', 21: '72/572', 22: '380/621', 23: '6/13', 24: '0/13', 25: '674/777', 26: '0/22', 27: '859/1636', 28: '31/101', 29: '3247/3767', 30: '95/155', 31: '542/861', 32: '13/71', 33: '0/43', 34: '129/309', 35: '219/368', 36: '32579/35853', 37: '434/701', 38: '84/212', 39: '913/1256', 40: '0/31', 41: '6176/6630', 42: '181/410', 43: '1/32', 44: '34/84', 45: '2223/2889', 46: '348/913', 47: '0/40', 48: '652/780', 49: '637/833', 50: '277/638', 51: '168/344', 52: '714/966', 53: '0/55', 54: '901/1275', 55: '41/131', 56: '141/253', 57: '2063/2489', 58: '7115/8344', 59: '1649/2061', 60: '266/652', 61: '1/55', 62: '48/86', 63: '1769/2101', 64: '1545/1629', 65: '0/76', 66: '242/461', 67: '16/47', 68: '50/123', 69: '2813/3152', 70: '2393/2688', 71: '201/909', 72: '167/249', 73: '893/1116', 74: '1123/1423', 75: '9757/10809', 76: '26/50', 77: '38/116', 78: '2043/2334', 79: '0/20', 80: '321/531', 81: '338/470', 82: '46/87', 83: '104/424', 84: '13/34', 85: '96/145'}
 Training : Loss : 0.5132, Acc : 0.8404
Saving a better model
Epoch 10 time : 651.5883922576904
entered train
Acc_targets :{0: '635/1574', 1: '179459/195086', 2: '14/165', 3: '52/513', 4: '487/1067', 5: '534/1071', 6: '14354/19003', 7: '2891/4683', 8: '59/225', 9: '12335/14686', 10: '96/431', 11: '0/148', 12: '450/847', 13: '418/974', 14: '154/536', 15: '2188/4444', 16: '5047/6698', 17: '1422/2428', 18: '37/135', 19: '585/765', 20: '2944/3768', 21: '251/2252', 22: '1538/2621', 23: '10/65', 24: '0/24', 25: '2388/3139', 26: '0/76', 27: '3251/6563', 28: '87/475', 29: '13170/15454', 30: '260/531', 31: '1856/3352', 32: '52/265', 33: '1/145', 34: '527/1150', 35: '925/1501', 36: '126935/144129', 37: '1802/2837', 38: '257/879', 39: '4039/4800', 40: '9/111', 41: '24215/26513', 42: '712/1675', 43: '3/138', 44: '54/224', 45: '8827/11909', 46: '1324/3696', 47: '0/116', 48: '2451/3119', 49: '2312/3150', 50: '753/2472', 51: '998/1644', 52: '2777/4113', 53: '0/189', 54: '3727/5092', 55: '187/626', 56: '583/1035', 57: '8391/10144', 58: '28180/33748', 59: '6240/7945', 60: '625/2813', 61: '5/214', 62: '179/371', 63: '5986/7937', 64: '6025/6584', 65: '1/296', 66: '744/1853', 67: '41/187', 68: '184/467', 69: '10946/12279', 70: '8739/10264', 71: '818/3482', 72: '579/1036', 73: '3183/4487', 74: '4209/5572', 75: '38217/42571', 76: '56/185', 77: '149/516', 78: '7024/9155', 79: '2/68', 80: '996/2058', 81: '1367/2047', 82: '117/301', 83: '281/1661', 84: '21/138', 85: '218/582'}
 Training : Loss : 0.5673, Acc : 0.8242
entered validation
Acc_targets :{0: '117/409', 1: '43376/48454', 2: '7/49', 3: '13/125', 4: '156/258', 5: '157/257', 6: '3862/4792', 7: '821/1097', 8: '15/64', 9: '3240/3767', 10: '30/104', 11: '0/37', 12: '154/198', 13: '119/235', 14: '56/150', 15: '635/1126', 16: '1359/1704', 17: '491/632', 18: '10/33', 19: '145/186', 20: '825/995', 21: '62/572', 22: '443/621', 23: '1/13', 24: '0/13', 25: '612/777', 26: '3/22', 27: '908/1636', 28: '11/101', 29: '3338/3767', 30: '102/155', 31: '540/861', 32: '5/71', 33: '0/43', 34: '135/309', 35: '239/368', 36: '31618/35853', 37: '454/701', 38: '92/212', 39: '1144/1256', 40: '10/31', 41: '6209/6630', 42: '216/410', 43: '0/32', 44: '35/84', 45: '2163/2889', 46: '285/913', 47: '0/40', 48: '659/780', 49: '653/833', 50: '240/638', 51: '265/344', 52: '699/966', 53: '0/55', 54: '1036/1275', 55: '51/131', 56: '184/253', 57: '2057/2489', 58: '7603/8344', 59: '1712/2061', 60: '91/652', 61: '0/55', 62: '49/86', 63: '1860/2101', 64: '1589/1629', 65: '1/76', 66: '221/461', 67: '6/47', 68: '64/123', 69: '2866/3152', 70: '2411/2688', 71: '187/909', 72: '136/249', 73: '913/1116', 74: '1127/1423', 75: '9773/10809', 76: '30/50', 77: '47/116', 78: '2011/2334', 79: '1/20', 80: '301/531', 81: '339/470', 82: '43/87', 83: '57/424', 84: '1/34', 85: '29/145'}
 Training : Loss : 0.5138, Acc : 0.8393
Epoch 11 time : 650.676451921463
entered train
Acc_targets :{0: '612/1574', 1: '179642/195085', 2: '14/165', 3: '53/513', 4: '511/1067', 5: '551/1071', 6: '14325/19003', 7: '2924/4683', 8: '49/225', 9: '12332/14686', 10: '104/431', 11: '0/148', 12: '466/847', 13: '461/975', 14: '163/536', 15: '2231/4443', 16: '5052/6697', 17: '1408/2428', 18: '41/135', 19: '604/766', 20: '2943/3768', 21: '255/2252', 22: '1497/2621', 23: '9/65', 24: '1/24', 25: '2412/3139', 26: '4/76', 27: '3329/6562', 28: '86/475', 29: '13356/15455', 30: '262/531', 31: '1885/3352', 32: '56/265', 33: '3/145', 34: '509/1150', 35: '936/1501', 36: '127124/144132', 37: '1804/2837', 38: '289/879', 39: '4021/4800', 40: '15/111', 41: '24272/26513', 42: '743/1675', 43: '6/138', 44: '46/224', 45: '8863/11908', 46: '1314/3696', 47: '0/116', 48: '2471/3120', 49: '2312/3150', 50: '765/2473', 51: '1021/1644', 52: '2769/4111', 53: '0/189', 54: '3760/5092', 55: '190/626', 56: '585/1034', 57: '8431/10145', 58: '28233/33747', 59: '6250/7945', 60: '644/2813', 61: '1/214', 62: '185/371', 63: '6069/7937', 64: '6035/6584', 65: '0/296', 66: '786/1853', 67: '30/187', 68: '193/467', 69: '10954/12279', 70: '8768/10264', 71: '854/3481', 72: '593/1036', 73: '3210/4487', 74: '4198/5572', 75: '38272/42574', 76: '58/185', 77: '149/516', 78: '7115/9155', 79: '5/68', 80: '1023/2058', 81: '1378/2046', 82: '111/301', 83: '255/1660', 84: '30/138', 85: '234/582'}
 Training : Loss : 0.5595, Acc : 0.8264
entered validation
Acc_targets :{0: '212/409', 1: '45326/48454', 2: '7/49', 3: '19/125', 4: '130/258', 5: '133/257', 6: '3924/4792', 7: '755/1097', 8: '14/64', 9: '3318/3767', 10: '37/104', 11: '1/37', 12: '129/198', 13: '54/235', 14: '48/150', 15: '645/1126', 16: '1346/1704', 17: '339/632', 18: '3/33', 19: '159/186', 20: '844/995', 21: '44/572', 22: '406/621', 23: '1/13', 24: '0/13', 25: '588/777', 26: '0/22', 27: '689/1636', 28: '8/101', 29: '3254/3767', 30: '100/155', 31: '678/861', 32: '15/71', 33: '0/43', 34: '183/309', 35: '223/368', 36: '31004/35853', 37: '461/701', 38: '74/212', 39: '993/1256', 40: '4/31', 41: '6101/6630', 42: '175/410', 43: '0/32', 44: '39/84', 45: '2073/2889', 46: '307/913', 47: '0/40', 48: '665/780', 49: '635/833', 50: '231/638', 51: '307/344', 52: '724/966', 53: '0/55', 54: '874/1275', 55: '44/131', 56: '207/253', 57: '2128/2489', 58: '7567/8344', 59: '1738/2061', 60: '89/652', 61: '2/55', 62: '45/86', 63: '1870/2101', 64: '1554/1629', 65: '1/76', 66: '250/461', 67: '5/47', 68: '37/123', 69: '2702/3152', 70: '2375/2688', 71: '285/909', 72: '143/249', 73: '852/1116', 74: '1119/1423', 75: '9693/10809', 76: '33/50', 77: '33/116', 78: '1944/2334', 79: '1/20', 80: '305/531', 81: '344/470', 82: '42/87', 83: '41/424', 84: '8/34', 85: '39/145'}
 Training : Loss : 0.5101, Acc : 0.8409
Saving a better model
Epoch 12 time : 653.2335686683655
entered train
Acc_targets :{0: '652/1574', 1: '179958/195086', 2: '18/165', 3: '66/513', 4: '524/1067', 5: '541/1071', 6: '14328/19003', 7: '2925/4683', 8: '53/225', 9: '12333/14687', 10: '108/431', 11: '1/148', 12: '465/847', 13: '457/975', 14: '168/536', 15: '2314/4444', 16: '5049/6698', 17: '1438/2428', 18: '37/135', 19: '595/766', 20: '2953/3769', 21: '240/2252', 22: '1533/2621', 23: '5/65', 24: '0/24', 25: '2394/3139', 26: '0/76', 27: '3344/6562', 28: '80/475', 29: '13341/15454', 30: '267/531', 31: '1880/3352', 32: '54/265', 33: '1/145', 34: '536/1150', 35: '966/1501', 36: '127069/144127', 37: '1792/2837', 38: '290/879', 39: '4061/4800', 40: '18/111', 41: '24254/26514', 42: '744/1675', 43: '7/138', 44: '60/224', 45: '8889/11909', 46: '1313/3696', 47: '2/116', 48: '2467/3120', 49: '2329/3150', 50: '803/2473', 51: '1046/1644', 52: '2799/4113', 53: '0/189', 54: '3814/5091', 55: '205/626', 56: '574/1034', 57: '8417/10144', 58: '28363/33748', 59: '6245/7944', 60: '659/2813', 61: '4/214', 62: '176/371', 63: '6097/7937', 64: '6057/6584', 65: '1/296', 66: '755/1853', 67: '38/187', 68: '195/467', 69: '10983/12279', 70: '8801/10264', 71: '897/3482', 72: '627/1036', 73: '3241/4486', 74: '4200/5572', 75: '38320/42572', 76: '69/185', 77: '158/516', 78: '7108/9154', 79: '5/68', 80: '1062/2058', 81: '1401/2047', 82: '125/301', 83: '257/1661', 84: '24/138', 85: '238/582'}
 Training : Loss : 0.5550, Acc : 0.8281
entered validation
Acc_targets :{0: '187/409', 1: '45188/48454', 2: '4/49', 3: '18/125', 4: '131/258', 5: '128/257', 6: '3829/4792', 7: '753/1097', 8: '16/64', 9: '3209/3767', 10: '20/104', 11: '0/37', 12: '140/198', 13: '79/235', 14: '68/150', 15: '405/1126', 16: '1443/1704', 17: '447/632', 18: '7/33', 19: '151/186', 20: '845/995', 21: '59/572', 22: '382/621', 23: '2/13', 24: '0/13', 25: '685/777', 26: '0/22', 27: '856/1636', 28: '23/101', 29: '3217/3767', 30: '98/155', 31: '557/861', 32: '18/71', 33: '0/43', 34: '143/309', 35: '255/368', 36: '31684/35853', 37: '456/701', 38: '77/212', 39: '1072/1256', 40: '6/31', 41: '6118/6630', 42: '195/410', 43: '0/32', 44: '33/84', 45: '2032/2889', 46: '283/913', 47: '0/40', 48: '686/780', 49: '621/833', 50: '280/638', 51: '303/344', 52: '687/966', 53: '0/55', 54: '961/1275', 55: '38/131', 56: '164/253', 57: '2109/2489', 58: '7378/8344', 59: '1669/2061', 60: '93/652', 61: '2/55', 62: '48/86', 63: '1600/2101', 64: '1561/1629', 65: '0/76', 66: '264/461', 67: '10/47', 68: '57/123', 69: '2736/3152', 70: '2342/2688', 71: '305/909', 72: '138/249', 73: '866/1116', 74: '1101/1423', 75: '9919/10809', 76: '29/50', 77: '41/116', 78: '1977/2334', 79: '0/20', 80: '315/531', 81: '349/470', 82: '41/87', 83: '59/424', 84: '16/34', 85: '114/145'}
 Training : Loss : 0.4991, Acc : 0.8432
Saving a better model
Epoch 13 time : 652.6172931194305
entered train
Acc_targets :{0: '647/1574', 1: '179849/195084', 2: '14/165', 3: '60/513', 4: '505/1067', 5: '593/1071', 6: '14415/19002', 7: '2993/4683', 8: '55/225', 9: '12395/14687', 10: '77/431', 11: '0/148', 12: '477/847', 13: '444/975', 14: '182/536', 15: '2319/4444', 16: '5120/6698', 17: '1442/2428', 18: '35/135', 19: '596/766', 20: '2977/3769', 21: '262/2252', 22: '1541/2621', 23: '12/65', 24: '0/24', 25: '2406/3139', 26: '1/76', 27: '3361/6562', 28: '89/475', 29: '13411/15456', 30: '282/531', 31: '1886/3352', 32: '58/265', 33: '3/145', 34: '544/1150', 35: '954/1501', 36: '127215/144132', 37: '1769/2837', 38: '286/879', 39: '4044/4800', 40: '16/111', 41: '24304/26513', 42: '761/1674', 43: '9/138', 44: '54/224', 45: '8904/11908', 46: '1342/3696', 47: '1/116', 48: '2487/3119', 49: '2335/3150', 50: '818/2473', 51: '1064/1644', 52: '2784/4112', 53: '0/189', 54: '3783/5092', 55: '207/626', 56: '600/1035', 57: '8460/10144', 58: '28359/33747', 59: '6336/7944', 60: '681/2813', 61: '8/214', 62: '184/371', 63: '6132/7937', 64: '6055/6583', 65: '0/296', 66: '765/1853', 67: '48/187', 68: '197/467', 69: '11004/12278', 70: '8814/10262', 71: '876/3482', 72: '605/1036', 73: '3244/4487', 74: '4214/5572', 75: '38296/42574', 76: '67/185', 77: '159/516', 78: '7107/9155', 79: '4/68', 80: '1066/2058', 81: '1388/2047', 82: '115/301', 83: '282/1661', 84: '30/138', 85: '246/582'}
 Training : Loss : 0.5507, Acc : 0.8294
entered validation
Acc_targets :{0: '191/409', 1: '45303/48454', 2: '5/49', 3: '29/125', 4: '129/258', 5: '156/257', 6: '4003/4792', 7: '653/1097', 8: '16/64', 9: '3221/3767', 10: '41/104', 11: '0/37', 12: '136/198', 13: '127/235', 14: '55/150', 15: '616/1126', 16: '1408/1704', 17: '268/632', 18: '4/33', 19: '155/186', 20: '821/995', 21: '39/572', 22: '406/621', 23: '2/13', 24: '0/13', 25: '567/777', 26: '0/22', 27: '722/1636', 28: '26/101', 29: '3244/3767', 30: '104/155', 31: '581/861', 32: '24/71', 33: '0/43', 34: '163/309', 35: '246/368', 36: '31492/35853', 37: '473/701', 38: '74/212', 39: '1042/1256', 40: '8/31', 41: '6177/6630', 42: '196/410', 43: '0/32', 44: '30/84', 45: '2378/2889', 46: '298/913', 47: '0/40', 48: '666/780', 49: '607/833', 50: '284/638', 51: '241/344', 52: '736/966', 53: '0/55', 54: '970/1275', 55: '41/131', 56: '115/253', 57: '2113/2489', 58: '7434/8344', 59: '1716/2061', 60: '93/652', 61: '1/55', 62: '38/86', 63: '1750/2101', 64: '1570/1629', 65: '0/76', 66: '202/461', 67: '11/47', 68: '69/123', 69: '2657/3152', 70: '2367/2688', 71: '277/909', 72: '147/249', 73: '829/1116', 74: '1077/1423', 75: '9707/10809', 76: '29/50', 77: '42/116', 78: '1966/2334', 79: '2/20', 80: '312/531', 81: '351/470', 82: '43/87', 83: '71/424', 84: '0/34', 85: '62/145'}
 Training : Loss : 0.4976, Acc : 0.8434
Saving a better model
Epoch 14 time : 655.1552209854126
entered train
Acc_targets :{0: '690/1573', 1: '180091/195085', 2: '19/165', 3: '58/513', 4: '555/1066', 5: '573/1071', 6: '14428/19003', 7: '3016/4683', 8: '68/225', 9: '12415/14687', 10: '113/431', 11: '0/148', 12: '463/847', 13: '444/975', 14: '175/536', 15: '2370/4443', 16: '5128/6697', 17: '1435/2428', 18: '36/135', 19: '613/766', 20: '2976/3769', 21: '258/2252', 22: '1538/2621', 23: '12/65', 24: '0/24', 25: '2424/3139', 26: '2/76', 27: '3369/6562', 28: '68/474', 29: '13421/15455', 30: '276/531', 31: '1867/3352', 32: '54/265', 33: '3/145', 34: '550/1150', 35: '982/1500', 36: '127197/144128', 37: '1795/2837', 38: '301/879', 39: '4040/4800', 40: '17/111', 41: '24348/26514', 42: '755/1675', 43: '6/138', 44: '60/224', 45: '8927/11909', 46: '1345/3696', 47: '1/116', 48: '2514/3120', 49: '2355/3150', 50: '820/2473', 51: '1039/1644', 52: '2778/4112', 53: '0/189', 54: '3843/5092', 55: '206/626', 56: '629/1035', 57: '8474/10145', 58: '28408/33748', 59: '6311/7944', 60: '676/2813', 61: '5/214', 62: '185/371', 63: '6132/7937', 64: '6066/6583', 65: '2/296', 66: '826/1853', 67: '32/187', 68: '205/467', 69: '11011/12279', 70: '8792/10264', 71: '924/3482', 72: '617/1036', 73: '3244/4487', 74: '4214/5572', 75: '38332/42574', 76: '75/185', 77: '147/516', 78: '7155/9155', 79: '1/68', 80: '1076/2058', 81: '1418/2047', 82: '121/301', 83: '314/1661', 84: '24/138', 85: '229/582'}
 Training : Loss : 0.5465, Acc : 0.8308
entered validation
Acc_targets :{0: '216/409', 1: '45128/48454', 2: '5/49', 3: '9/125', 4: '170/258', 5: '165/257', 6: '4016/4792', 7: '789/1097', 8: '15/64', 9: '3369/3767', 10: '19/104', 11: '0/37', 12: '110/198', 13: '112/235', 14: '48/150', 15: '639/1126', 16: '1267/1704', 17: '297/632', 18: '19/33', 19: '165/186', 20: '815/995', 21: '66/572', 22: '443/621', 23: '6/13', 24: '0/13', 25: '518/777', 26: '3/22', 27: '766/1636', 28: '39/101', 29: '3103/3767', 30: '85/155', 31: '510/861', 32: '28/71', 33: '2/43', 34: '190/309', 35: '249/368', 36: '31770/35853', 37: '415/701', 38: '72/212', 39: '1018/1256', 40: '0/31', 41: '6019/6630', 42: '203/410', 43: '0/32', 44: '38/84', 45: '2160/2889', 46: '341/913', 47: '0/40', 48: '643/780', 49: '636/833', 50: '261/638', 51: '190/344', 52: '733/966', 53: '0/55', 54: '982/1275', 55: '44/131', 56: '170/253', 57: '2193/2489', 58: '6394/8344', 59: '1788/2061', 60: '89/652', 61: '1/55', 62: '37/86', 63: '1766/2101', 64: '1526/1629', 65: '0/76', 66: '281/461', 67: '11/47', 68: '56/123', 69: '2791/3152', 70: '2254/2688', 71: '274/909', 72: '145/249', 73: '877/1116', 74: '1138/1423', 75: '9677/10809', 76: '23/50', 77: '67/116', 78: '2012/2334', 79: '0/20', 80: '240/531', 81: '364/470', 82: '52/87', 83: '139/424', 84: '0/34', 85: '101/145'}
 Training : Loss : 0.5120, Acc : 0.8384
Epoch 15 time : 654.5379486083984
entered train
Acc_targets :{0: '658/1574', 1: '180080/195088', 2: '19/165', 3: '71/513', 4: '557/1067', 5: '568/1071', 6: '14335/19003', 7: '3015/4683', 8: '53/225', 9: '12409/14688', 10: '82/431', 11: '0/148', 12: '492/847', 13: '426/974', 14: '190/536', 15: '2340/4444', 16: '5134/6698', 17: '1467/2428', 18: '39/135', 19: '589/766', 20: '2994/3768', 21: '285/2252', 22: '1537/2621', 23: '12/65', 24: '0/24', 25: '2425/3139', 26: '1/76', 27: '3396/6563', 28: '87/475', 29: '13498/15456', 30: '289/531', 31: '1938/3352', 32: '61/265', 33: '0/145', 34: '565/1150', 35: '966/1501', 36: '127390/144125', 37: '1833/2837', 38: '312/879', 39: '4036/4799', 40: '14/111', 41: '24380/26513', 42: '766/1675', 43: '10/138', 44: '64/224', 45: '8920/11908', 46: '1297/3695', 47: '0/116', 48: '2521/3120', 49: '2364/3150', 50: '843/2473', 51: '1002/1644', 52: '2807/4113', 53: '0/189', 54: '3861/5092', 55: '214/626', 56: '620/1035', 57: '8459/10145', 58: '28486/33748', 59: '6398/7945', 60: '689/2813', 61: '6/214', 62: '171/371', 63: '6161/7936', 64: '6075/6584', 65: '2/296', 66: '806/1853', 67: '41/187', 68: '205/467', 69: '10971/12278', 70: '8854/10262', 71: '935/3482', 72: '636/1036', 73: '3256/4487', 74: '4227/5572', 75: '38377/42573', 76: '78/185', 77: '171/516', 78: '7157/9155', 79: '7/68', 80: '1045/2058', 81: '1412/2046', 82: '123/301', 83: '347/1661', 84: '26/138', 85: '234/582'}
 Training : Loss : 0.5412, Acc : 0.8318
entered validation
Acc_targets :{0: '193/409', 1: '45111/48454', 2: '11/49', 3: '22/125', 4: '143/258', 5: '165/257', 6: '3920/4792', 7: '803/1097', 8: '15/64', 9: '3234/3767', 10: '29/104', 11: '0/37', 12: '123/198', 13: '162/235', 14: '47/150', 15: '533/1126', 16: '1300/1704', 17: '415/632', 18: '6/33', 19: '154/186', 20: '803/995', 21: '50/572', 22: '437/621', 23: '0/13', 24: '0/13', 25: '702/777', 26: '0/22', 27: '747/1636', 28: '21/101', 29: '3411/3767', 30: '112/155', 31: '456/861', 32: '27/71', 33: '0/43', 34: '187/309', 35: '252/368', 36: '32369/35853', 37: '446/701', 38: '89/212', 39: '1061/1256', 40: '2/31', 41: '6132/6630', 42: '187/410', 43: '0/32', 44: '36/84', 45: '1975/2889', 46: '249/913', 47: '0/40', 48: '672/780', 49: '618/833', 50: '266/638', 51: '284/344', 52: '671/966', 53: '0/55', 54: '1016/1275', 55: '46/131', 56: '157/253', 57: '2268/2489', 58: '6900/8344', 59: '1864/2061', 60: '87/652', 61: '4/55', 62: '40/86', 63: '1811/2101', 64: '1572/1629', 65: '0/76', 66: '267/461', 67: '9/47', 68: '61/123', 69: '2558/3152', 70: '2364/2688', 71: '135/909', 72: '145/249', 73: '827/1116', 74: '1064/1423', 75: '9797/10809', 76: '24/50', 77: '80/116', 78: '1921/2334', 79: '2/20', 80: '305/531', 81: '364/470', 82: '47/87', 83: '71/424', 84: '1/34', 85: '24/145'}
 Training : Loss : 0.4971, Acc : 0.8449
Saving a better model
Epoch 16 time : 654.0413725376129
entered train
Acc_targets :{0: '685/1574', 1: '180153/195082', 2: '18/165', 3: '62/513', 4: '575/1067', 5: '571/1071', 6: '14416/19003', 7: '3029/4683', 8: '58/225', 9: '12422/14688', 10: '97/431', 11: '1/148', 12: '474/847', 13: '462/975', 14: '190/536', 15: '2401/4444', 16: '5142/6698', 17: '1485/2428', 18: '36/135', 19: '621/766', 20: '3016/3768', 21: '285/2252', 22: '1602/2621', 23: '14/65', 24: '0/24', 25: '2464/3139', 26: '0/76', 27: '3469/6563', 28: '91/475', 29: '13550/15456', 30: '284/531', 31: '1894/3352', 32: '57/265', 33: '3/145', 34: '545/1150', 35: '976/1501', 36: '127572/144125', 37: '1806/2837', 38: '304/879', 39: '4049/4800', 40: '18/111', 41: '24351/26514', 42: '757/1675', 43: '12/138', 44: '58/224', 45: '8954/11908', 46: '1284/3696', 47: '0/116', 48: '2497/3120', 49: '2378/3149', 50: '817/2473', 51: '1035/1644', 52: '2803/4113', 53: '0/189', 54: '3848/5092', 55: '217/626', 56: '605/1035', 57: '8421/10143', 58: '28513/33749', 59: '6405/7945', 60: '663/2813', 61: '8/214', 62: '186/371', 63: '6183/7937', 64: '6084/6584', 65: '4/296', 66: '856/1853', 67: '43/187', 68: '202/467', 69: '10972/12279', 70: '8845/10264', 71: '954/3482', 72: '611/1036', 73: '3279/4487', 74: '4224/5572', 75: '38377/42572', 76: '69/185', 77: '151/516', 78: '7167/9155', 79: '2/68', 80: '1078/2058', 81: '1413/2047', 82: '122/301', 83: '348/1661', 84: '34/138', 85: '235/582'}
 Training : Loss : 0.5396, Acc : 0.8329
entered validation
Acc_targets :{0: '214/409', 1: '44708/48454', 2: '13/49', 3: '14/125', 4: '168/258', 5: '171/257', 6: '3846/4792', 7: '853/1097', 8: '15/64', 9: '3321/3767', 10: '39/104', 11: '0/37', 12: '155/198', 13: '70/235', 14: '71/150', 15: '629/1126', 16: '1306/1704', 17: '391/632', 18: '18/33', 19: '164/186', 20: '801/995', 21: '92/572', 22: '422/621', 23: '6/13', 24: '0/13', 25: '635/777', 26: '4/22', 27: '839/1636', 28: '29/101', 29: '3518/3767', 30: '89/155', 31: '568/861', 32: '35/71', 33: '4/43', 34: '159/309', 35: '272/368', 36: '32675/35853', 37: '425/701', 38: '77/212', 39: '1094/1256', 40: '9/31', 41: '6087/6630', 42: '220/410', 43: '1/32', 44: '33/84', 45: '2126/2889', 46: '393/913', 47: '0/40', 48: '668/780', 49: '646/833', 50: '295/638', 51: '289/344', 52: '695/966', 53: '0/55', 54: '1075/1275', 55: '52/131', 56: '189/253', 57: '2222/2489', 58: '7015/8344', 59: '1815/2061', 60: '175/652', 61: '4/55', 62: '47/86', 63: '1811/2101', 64: '1562/1629', 65: '0/76', 66: '246/461', 67: '13/47', 68: '61/123', 69: '2844/3152', 70: '2332/2688', 71: '226/909', 72: '155/249', 73: '804/1116', 74: '1059/1423', 75: '9477/10809', 76: '26/50', 77: '28/116', 78: '1848/2334', 79: '1/20', 80: '298/531', 81: '361/470', 82: '43/87', 83: '24/424', 84: '0/34', 85: '5/145'}
 Training : Loss : 0.4835, Acc : 0.8490
Saving a better model
Epoch 17 time : 651.934686422348
entered train
Acc_targets :{0: '707/1574', 1: '180342/195085', 2: '23/165', 3: '67/513', 4: '575/1067', 5: '571/1071', 6: '14383/19003', 7: '3016/4683', 8: '62/225', 9: '12441/14687', 10: '113/431', 11: '0/148', 12: '465/847', 13: '463/975', 14: '190/536', 15: '2404/4444', 16: '5224/6698', 17: '1442/2427', 18: '37/135', 19: '612/766', 20: '2964/3769', 21: '267/2252', 22: '1552/2621', 23: '13/65', 24: '0/24', 25: '2497/3139', 26: '2/76', 27: '3399/6563', 28: '103/475', 29: '13519/15456', 30: '286/531', 31: '1965/3352', 32: '60/265', 33: '2/145', 34: '572/1150', 35: '992/1501', 36: '127539/144129', 37: '1837/2837', 38: '326/879', 39: '4065/4799', 40: '18/111', 41: '24353/26514', 42: '779/1675', 43: '16/138', 44: '48/224', 45: '9010/11909', 46: '1331/3696', 47: '3/116', 48: '2546/3120', 49: '2400/3150', 50: '873/2473', 51: '1056/1644', 52: '2820/4113', 53: '0/189', 54: '3913/5091', 55: '229/626', 56: '613/1035', 57: '8498/10145', 58: '28586/33746', 59: '6404/7944', 60: '666/2812', 61: '7/214', 62: '193/371', 63: '6276/7937', 64: '6071/6584', 65: '2/296', 66: '853/1853', 67: '37/187', 68: '205/467', 69: '11000/12277', 70: '8883/10264', 71: '941/3482', 72: '627/1036', 73: '3293/4487', 74: '4281/5572', 75: '38474/42572', 76: '73/185', 77: '156/516', 78: '7132/9154', 79: '2/68', 80: '1095/2058', 81: '1428/2047', 82: '134/301', 83: '363/1661', 84: '32/138', 85: '248/582'}
 Training : Loss : 0.5342, Acc : 0.8345
entered validation
Acc_targets :{0: '171/409', 1: '45034/48454', 2: '23/49', 3: '10/125', 4: '143/258', 5: '140/257', 6: '4076/4792', 7: '713/1097', 8: '21/64', 9: '3294/3767', 10: '29/104', 11: '0/37', 12: '132/198', 13: '106/235', 14: '46/150', 15: '623/1126', 16: '1447/1704', 17: '417/632', 18: '21/33', 19: '161/186', 20: '857/995', 21: '119/572', 22: '370/621', 23: '1/13', 24: '0/13', 25: '699/777', 26: '0/22', 27: '848/1636', 28: '29/101', 29: '3343/3767', 30: '93/155', 31: '581/861', 32: '25/71', 33: '0/43', 34: '202/309', 35: '261/368', 36: '31979/35853', 37: '448/701', 38: '74/212', 39: '1092/1256', 40: '7/31', 41: '6067/6630', 42: '205/410', 43: '2/32', 44: '37/84', 45: '2096/2889', 46: '395/913', 47: '0/40', 48: '681/780', 49: '617/833', 50: '295/638', 51: '296/344', 52: '679/966', 53: '0/55', 54: '1053/1275', 55: '40/131', 56: '179/253', 57: '2163/2489', 58: '7104/8344', 59: '1768/2061', 60: '135/652', 61: '9/55', 62: '38/86', 63: '1722/2101', 64: '1568/1629', 65: '0/76', 66: '257/461', 67: '10/47', 68: '67/123', 69: '2758/3152', 70: '2455/2688', 71: '299/909', 72: '175/249', 73: '844/1116', 74: '1092/1423', 75: '9806/10809', 76: '36/50', 77: '57/116', 78: '1991/2334', 79: '2/20', 80: '314/531', 81: '374/470', 82: '42/87', 83: '101/424', 84: '13/34', 85: '92/145'}
 Training : Loss : 0.4742, Acc : 0.8512
Saving a better model
Epoch 18 time : 656.4540224075317
entered train
Acc_targets :{0: '690/1574', 1: '180487/195088', 2: '23/165', 3: '53/513', 4: '564/1067', 5: '588/1071', 6: '14482/19004', 7: '3027/4683', 8: '62/225', 9: '12452/14687', 10: '106/431', 11: '1/148', 12: '479/847', 13: '444/975', 14: '190/536', 15: '2462/4443', 16: '5227/6698', 17: '1464/2428', 18: '46/135', 19: '608/766', 20: '3018/3769', 21: '292/2251', 22: '1560/2620', 23: '18/65', 24: '0/24', 25: '2474/3139', 26: '2/76', 27: '3472/6563', 28: '88/475', 29: '13578/15456', 30: '299/531', 31: '1906/3352', 32: '64/265', 33: '1/145', 34: '576/1150', 35: '956/1500', 36: '127489/144126', 37: '1786/2837', 38: '327/879', 39: '4069/4799', 40: '24/111', 41: '24330/26514', 42: '777/1675', 43: '14/138', 44: '71/224', 45: '8996/11908', 46: '1340/3696', 47: '1/116', 48: '2481/3120', 49: '2398/3150', 50: '887/2473', 51: '1034/1644', 52: '2770/4113', 53: '0/189', 54: '3917/5091', 55: '212/626', 56: '638/1035', 57: '8516/10144', 58: '28497/33746', 59: '6446/7945', 60: '718/2813', 61: '8/214', 62: '183/371', 63: '6152/7936', 64: '6118/6584', 65: '3/296', 66: '863/1853', 67: '47/187', 68: '221/467', 69: '11024/12279', 70: '8895/10264', 71: '964/3482', 72: '630/1036', 73: '3263/4487', 74: '4234/5571', 75: '38437/42573', 76: '72/185', 77: '167/516', 78: '7218/9155', 79: '5/68', 80: '1125/2058', 81: '1438/2047', 82: '129/301', 83: '354/1661', 84: '27/138', 85: '248/582'}
 Training : Loss : 0.5321, Acc : 0.8349
entered validation
Acc_targets :{0: '240/409', 1: '45568/48454', 2: '9/49', 3: '20/125', 4: '145/258', 5: '166/257', 6: '3712/4792', 7: '741/1097', 8: '11/64', 9: '3276/3767', 10: '35/104', 11: '0/37', 12: '128/198', 13: '150/235', 14: '35/150', 15: '594/1126', 16: '1373/1704', 17: '393/632', 18: '7/33', 19: '171/186', 20: '861/995', 21: '77/572', 22: '434/621', 23: '4/13', 24: '0/13', 25: '677/777', 26: '0/22', 27: '862/1636', 28: '42/101', 29: '3307/3767', 30: '98/155', 31: '484/861', 32: '17/71', 33: '0/43', 34: '189/309', 35: '271/368', 36: '32194/35853', 37: '451/701', 38: '82/212', 39: '1035/1256', 40: '7/31', 41: '6142/6630', 42: '198/410', 43: '0/32', 44: '36/84', 45: '2107/2889', 46: '361/913', 47: '1/40', 48: '691/780', 49: '621/833', 50: '297/638', 51: '249/344', 52: '674/966', 53: '0/55', 54: '880/1275', 55: '53/131', 56: '162/253', 57: '2232/2489', 58: '7347/8344', 59: '1787/2061', 60: '152/652', 61: '4/55', 62: '43/86', 63: '1700/2101', 64: '1555/1629', 65: '0/76', 66: '246/461', 67: '18/47', 68: '44/123', 69: '2727/3152', 70: '2408/2688', 71: '261/909', 72: '155/249', 73: '807/1116', 74: '1098/1423', 75: '9604/10809', 76: '36/50', 77: '19/116', 78: '1948/2334', 79: '1/20', 80: '313/531', 81: '337/470', 82: '41/87', 83: '104/424', 84: '3/34', 85: '79/145'}
 Training : Loss : 0.4791, Acc : 0.8503
Epoch 19 time : 653.2093892097473
Finished training on 20 epochs
