['../main.py', '--mode', 'train', '--model', 'minimal_dropout', '--loss', 'cross_entropy', '--batch_size=256', '--run_name', 'minimal']
Loading Train_Validation set
Splitting Data
Transforming Train set
Transforming Validation set
The train set contains 684315 images, in 2674 batches
The validation set contains 171079 images, in 669 batches
initiated conv model
2048
initiated linear model
loaded model on cuda
Saved a summary of this run
entered train
Acc_targets :{0: '23/1572', 1: '160821/194828', 2: '0/174', 3: '5/526', 4: '4/1038', 5: '11/1061', 6: '11120/19068', 7: '720/4595', 8: '0/228', 9: '6899/14721', 10: '3/427', 11: '0/148', 12: '16/845', 13: '149/974', 14: '1/535', 15: '473/4442', 16: '127/6757', 17: '103/2456', 18: '0/131', 19: '152/771', 20: '1030/3796', 21: '14/2261', 22: '11/2604', 23: '1/67', 24: '0/28', 25: '554/3094', 26: '0/83', 27: '288/6577', 28: '0/476', 29: '6382/15416', 30: '37/565', 31: '330/3340', 32: '0/271', 33: '0/158', 34: '40/1146', 35: '88/1496', 36: '112334/143958', 37: '1086/2851', 38: '0/847', 39: '862/4842', 40: '0/113', 41: '20413/26585', 42: '2/1686', 43: '0/130', 44: '0/250', 45: '3403/11824', 46: '25/3682', 47: '0/124', 48: '376/3136', 49: '647/3187', 50: '2/2481', 51: '292/1608', 52: '556/4032', 53: '0/197', 54: '768/5135', 55: '0/612', 56: '25/1019', 57: '4234/10122', 58: '13586/33567', 59: '165/8001', 60: '10/2760', 61: '0/225', 62: '3/363', 63: '1701/8078', 64: '1728/6624', 65: '0/291', 66: '0/1852', 67: '0/185', 68: '0/480', 69: '6938/12226', 70: '2947/10304', 71: '144/3467', 72: '0/1028', 73: '375/4504', 74: '2809/5674', 75: '25846/42806', 76: '0/192', 77: '1/502', 78: '2288/9239', 79: '0/70', 80: '2/2076', 81: '97/1984', 82: '0/311', 83: '1/1666', 84: '0/141', 85: '55/576'}
 Training : Loss : 1.5191, Acc : 0.5745
entered validation
Acc_targets :{0: '13/411', 1: '38018/48717', 2: '0/40', 3: '7/112', 4: '2/288', 5: '12/267', 6: '3463/4724', 7: '446/1185', 8: '0/61', 9: '3095/3734', 10: '1/109', 11: '0/37', 12: '28/200', 13: '96/236', 14: '0/151', 15: '186/1128', 16: '133/1644', 17: '71/602', 18: '0/37', 19: '110/182', 20: '507/965', 21: '31/563', 22: '47/638', 23: '0/11', 24: '0/9', 25: '574/820', 26: '0/15', 27: '215/1623', 28: '0/100', 29: '3211/3804', 30: '39/121', 31: '166/873', 32: '1/65', 33: '0/30', 34: '1/313', 35: '49/373', 36: '31249/36026', 37: '410/687', 38: '0/244', 39: '954/1213', 40: '0/29', 41: '5698/6554', 42: '0/399', 43: '0/40', 44: '0/58', 45: '1355/2975', 46: '106/927', 47: '0/32', 48: '382/764', 49: '442/796', 50: '2/630', 51: '66/380', 52: '611/1047', 53: '0/47', 54: '798/1233', 55: '0/145', 56: '3/270', 57: '1638/2513', 58: '5716/8522', 59: '113/2006', 60: '64/705', 61: '0/44', 62: '3/94', 63: '815/1959', 64: '777/1587', 65: '0/81', 66: '3/461', 67: '0/49', 68: '0/110', 69: '2761/3203', 70: '1755/2650', 71: '11/924', 72: '16/257', 73: '538/1098', 74: '882/1322', 75: '8823/10574', 76: '0/43', 77: '0/130', 78: '951/2251', 79: '0/18', 80: '0/513', 81: '94/533', 82: '0/77', 83: '0/418', 84: '0/31', 85: '62/151'}
 Training : Loss : 1.0292, Acc : 0.6878
Saving a better model
Epoch 0 time : 7369.5963044166565
entered train
Acc_targets :{0: '184/1572', 1: '170214/194824', 2: '0/174', 3: '32/526', 4: '62/1038', 5: '155/1061', 6: '13101/19070', 7: '1735/4596', 8: '9/228', 9: '10684/14721', 10: '16/427', 11: '0/148', 12: '123/845', 13: '328/974', 14: '28/535', 15: '886/4440', 16: '1606/6757', 17: '450/2457', 18: '0/131', 19: '433/771', 20: '2122/3797', 21: '129/2261', 22: '365/2603', 23: '5/67', 24: '0/28', 25: '1244/3096', 26: '0/83', 27: '1333/6577', 28: '0/476', 29: '10543/15416', 30: '111/565', 31: '1089/3340', 32: '7/271', 33: '0/158', 34: '126/1146', 35: '300/1496', 36: '120658/143955', 37: '1634/2851', 38: '21/847', 39: '2976/4842', 40: '0/113', 41: '23131/26587', 42: '26/1686', 43: '0/130', 44: '2/250', 45: '6470/11824', 46: '382/3682', 47: '0/124', 48: '1548/3136', 49: '1574/3187', 50: '13/2481', 51: '622/1608', 52: '1597/4032', 53: '0/197', 54: '2043/5133', 55: '12/612', 56: '181/1019', 57: '7176/10122', 58: '21910/33569', 59: '2286/8001', 60: '213/2760', 61: '1/225', 62: '46/363', 63: '3959/8077', 64: '4216/6625', 65: '0/291', 66: '20/1852', 67: '0/185', 68: '11/480', 69: '10378/12224', 70: '6060/10304', 71: '331/3467', 72: '53/1028', 73: '1631/4504', 74: '3667/5674', 75: '35458/42808', 76: '10/192', 77: '23/502', 78: '5199/9239', 79: '0/70', 80: '93/2076', 81: '504/1984', 82: '1/311', 83: '17/1667', 84: '0/141', 85: '154/576'}
 Training : Loss : 0.9744, Acc : 0.7069
entered validation
Acc_targets :{0: '164/411', 1: '43393/48717', 2: '0/40', 3: '0/112', 4: '59/288', 5: '68/267', 6: '3438/4724', 7: '455/1185', 8: '3/61', 9: '3093/3734', 10: '6/109', 11: '0/37', 12: '32/200', 13: '9/236', 14: '6/151', 15: '518/1128', 16: '684/1644', 17: '230/602', 18: '0/37', 19: '111/182', 20: '658/965', 21: '83/563', 22: '281/638', 23: '0/11', 24: '0/9', 25: '522/820', 26: '0/15', 27: '502/1623', 28: '2/100', 29: '3186/3804', 30: '47/121', 31: '500/873', 32: '0/65', 33: '0/30', 34: '95/313', 35: '105/373', 36: '30534/36026', 37: '390/687', 38: '21/244', 39: '1011/1213', 40: '0/29', 41: '5677/6554', 42: '17/399', 43: '0/40', 44: '1/58', 45: '1912/2975', 46: '100/927', 47: '0/32', 48: '455/764', 49: '555/796', 50: '4/630', 51: '205/380', 52: '524/1047', 53: '0/47', 54: '788/1233', 55: '28/145', 56: '121/270', 57: '2039/2513', 58: '6627/8522', 59: '1192/2006', 60: '12/705', 61: '0/44', 62: '28/94', 63: '1053/1959', 64: '1207/1587', 65: '0/81', 66: '46/461', 67: '2/49', 68: '16/110', 69: '2928/3203', 70: '1549/2650', 71: '169/924', 72: '31/257', 73: '505/1098', 74: '811/1322', 75: '9431/10574', 76: '0/43', 77: '4/130', 78: '1435/2251', 79: '0/18', 80: '12/513', 81: '173/533', 82: '3/77', 83: '2/418', 84: '0/31', 85: '72/151'}
 Training : Loss : 0.7867, Acc : 0.7598
Saving a better model
Epoch 1 time : 6614.217626571655
entered train
Acc_targets :{0: '330/1572', 1: '172714/194830', 2: '0/174', 3: '33/526', 4: '132/1038', 5: '275/1061', 6: '13493/19071', 7: '2135/4595', 8: '17/228', 9: '11319/14721', 10: '37/427', 11: '0/148', 12: '203/845', 13: '372/974', 14: '54/535', 15: '1243/4441', 16: '3097/6757', 17: '786/2457', 18: '4/131', 19: '484/771', 20: '2447/3797', 21: '226/2261', 22: '800/2604', 23: '11/67', 24: '0/28', 25: '1613/3096', 26: '0/83', 27: '1823/6576', 28: '4/476', 29: '11510/15417', 30: '150/565', 31: '1353/3339', 32: '17/271', 33: '1/158', 34: '257/1146', 35: '412/1496', 36: '122019/143951', 37: '1659/2851', 38: '45/847', 39: '3456/4842', 40: '0/113', 41: '23404/26586', 42: '88/1686', 43: '0/130', 44: '22/250', 45: '7121/11824', 46: '651/3682', 47: '0/124', 48: '1903/3135', 49: '1799/3187', 50: '63/2481', 51: '758/1608', 52: '2068/4032', 53: '0/197', 54: '2502/5135', 55: '53/612', 56: '281/1019', 57: '7558/10122', 58: '23999/33566', 59: '3940/8001', 60: '273/2760', 61: '4/225', 62: '73/363', 63: '4998/8078', 64: '4767/6624', 65: '0/291', 66: '143/1852', 67: '5/185', 68: '24/480', 69: '10573/12226', 70: '7155/10304', 71: '446/3467', 72: '207/1028', 73: '2067/4504', 74: '3805/5673', 75: '36358/42807', 76: '22/192', 77: '32/502', 78: '5706/9239', 79: '0/70', 80: '227/2076', 81: '756/1984', 82: '16/311', 83: '89/1667', 84: '0/141', 85: '174/576'}
 Training : Loss : 0.8425, Acc : 0.7433
entered validation
Acc_targets :{0: '168/411', 1: '42534/48717', 2: '0/40', 3: '11/112', 4: '93/288', 5: '152/267', 6: '3482/4724', 7: '621/1185', 8: '2/61', 9: '2866/3734', 10: '12/109', 11: '1/37', 12: '97/200', 13: '146/236', 14: '42/151', 15: '316/1128', 16: '933/1644', 17: '196/602', 18: '4/37', 19: '135/182', 20: '756/965', 21: '39/563', 22: '291/638', 23: '1/11', 24: '0/9', 25: '484/820', 26: '0/15', 27: '474/1623', 28: '4/100', 29: '3135/3804', 30: '62/121', 31: '453/873', 32: '3/65', 33: '0/30', 34: '87/313', 35: '149/373', 36: '28992/36026', 37: '442/687', 38: '17/244', 39: '1083/1213', 40: '0/29', 41: '5790/6554', 42: '49/399', 43: '0/40', 44: '6/58', 45: '2273/2975', 46: '232/927', 47: '0/32', 48: '472/764', 49: '664/796', 50: '8/630', 51: '19/380', 52: '804/1047', 53: '0/47', 54: '942/1233', 55: '29/145', 56: '81/270', 57: '2060/2513', 58: '7569/8522', 59: '1291/2006', 60: '347/705', 61: '1/44', 62: '32/94', 63: '1300/1959', 64: '1296/1587', 65: '0/81', 66: '134/461', 67: '8/49', 68: '54/110', 69: '2859/3203', 70: '1860/2650', 71: '23/924', 72: '124/257', 73: '599/1098', 74: '943/1322', 75: '9555/10574', 76: '4/43', 77: '23/130', 78: '1294/2251', 79: '0/18', 80: '100/513', 81: '241/533', 82: '15/77', 83: '17/418', 84: '4/31', 85: '6/151'}
 Training : Loss : 0.7452, Acc : 0.7685
Saving a better model
Epoch 2 time : 6612.193949699402
entered train
Acc_targets :{0: '430/1572', 1: '174087/194825', 2: '3/174', 3: '48/526', 4: '217/1038', 5: '338/1061', 6: '13739/19069', 7: '2296/4596', 8: '18/228', 9: '11643/14721', 10: '60/427', 11: '0/148', 12: '293/845', 13: '354/974', 14: '69/535', 15: '1434/4442', 16: '3739/6757', 17: '985/2456', 18: '12/131', 19: '497/771', 20: '2493/3797', 21: '266/2261', 22: '955/2604', 23: '11/67', 24: '0/28', 25: '1731/3096', 26: '0/83', 27: '2148/6576', 28: '9/476', 29: '11907/15416', 30: '171/565', 31: '1465/3340', 32: '24/271', 33: '0/158', 34: '315/1145', 35: '501/1496', 36: '122925/143953', 37: '1713/2851', 38: '82/847', 39: '3624/4842', 40: '0/113', 41: '23611/26588', 42: '175/1686', 43: '0/130', 44: '32/250', 45: '7479/11823', 46: '774/3682', 47: '0/124', 48: '2095/3136', 49: '1893/3187', 50: '139/2481', 51: '797/1608', 52: '2334/4032', 53: '0/197', 54: '2783/5135', 55: '62/611', 56: '363/1019', 57: '7762/10122', 58: '24980/33570', 59: '4542/8000', 60: '424/2760', 61: '3/225', 62: '84/363', 63: '5264/8078', 64: '5106/6625', 65: '0/291', 66: '313/1852', 67: '12/185', 68: '34/480', 69: '10650/12226', 70: '7641/10304', 71: '516/3467', 72: '335/1028', 73: '2315/4504', 74: '3911/5673', 75: '36893/42808', 76: '49/192', 77: '57/502', 78: '5933/9239', 79: '0/70', 80: '307/2076', 81: '918/1984', 82: '46/310', 83: '183/1667', 84: '10/141', 85: '207/576'}
 Training : Loss : 0.7739, Acc : 0.7623
entered validation
Acc_targets :{0: '162/411', 1: '44099/48717', 2: '0/40', 3: '35/112', 4: '44/288', 5: '157/267', 6: '3674/4724', 7: '574/1185', 8: '4/61', 9: '2872/3734', 10: '5/109', 11: '0/37', 12: '94/200', 13: '57/236', 14: '52/151', 15: '457/1128', 16: '922/1644', 17: '293/602', 18: '4/37', 19: '134/182', 20: '604/965', 21: '114/563', 22: '318/638', 23: '0/11', 24: '0/9', 25: '586/820', 26: '0/15', 27: '443/1623', 28: '4/100', 29: '3354/3804', 30: '80/121', 31: '456/873', 32: '0/65', 33: '0/30', 34: '87/313', 35: '126/373', 36: '31444/36026', 37: '456/687', 38: '46/244', 39: '1036/1213', 40: '0/29', 41: '5895/6554', 42: '43/399', 43: '0/40', 44: '5/58', 45: '2194/2975', 46: '201/927', 47: '0/32', 48: '496/764', 49: '597/796', 50: '50/630', 51: '274/380', 52: '630/1047', 53: '0/47', 54: '834/1233', 55: '22/145', 56: '101/270', 57: '1934/2513', 58: '6496/8522', 59: '1360/2006', 60: '27/705', 61: '6/44', 62: '47/94', 63: '1313/1959', 64: '1374/1587', 65: '0/81', 66: '126/461', 67: '9/49', 68: '26/110', 69: '2824/3203', 70: '2290/2650', 71: '195/924', 72: '102/257', 73: '702/1098', 74: '940/1322', 75: '9484/10574', 76: '9/43', 77: '10/130', 78: '1264/2251', 79: '0/18', 80: '255/513', 81: '243/533', 82: '18/77', 83: '135/418', 84: '0/31', 85: '8/151'}
 Training : Loss : 0.6730, Acc : 0.7914
Saving a better model
Epoch 3 time : 6592.1148517131805
entered train
Acc_targets :{0: '462/1572', 1: '175101/194824', 2: '3/174', 3: '62/526', 4: '243/1038', 5: '391/1061', 6: '13761/19069', 7: '2460/4596', 8: '26/228', 9: '11812/14721', 10: '62/427', 11: '0/148', 12: '332/845', 13: '367/974', 14: '89/535', 15: '1504/4440', 16: '4135/6757', 17: '1105/2457', 18: '13/131', 19: '517/771', 20: '2612/3797', 21: '297/2261', 22: '1070/2604', 23: '10/67', 24: '0/28', 25: '1861/3096', 26: '0/83', 27: '2377/6577', 28: '30/476', 29: '12118/15416', 30: '210/565', 31: '1526/3340', 32: '17/271', 33: '0/158', 34: '369/1146', 35: '551/1496', 36: '123597/143953', 37: '1747/2851', 38: '99/847', 39: '3700/4842', 40: '0/113', 41: '23686/26588', 42: '291/1686', 43: '0/130', 44: '38/250', 45: '7711/11824', 46: '909/3682', 47: '1/124', 48: '2200/3136', 49: '1963/3187', 50: '210/2481', 51: '847/1608', 52: '2417/4032', 53: '0/197', 54: '3028/5134', 55: '75/612', 56: '414/1019', 57: '7892/10122', 58: '25589/33569', 59: '4990/8001', 60: '453/2760', 61: '4/225', 62: '107/363', 63: '5471/8078', 64: '5414/6625', 65: '0/291', 66: '448/1852', 67: '16/185', 68: '45/480', 69: '10646/12226', 70: '7933/10304', 71: '587/3467', 72: '374/1028', 73: '2509/4503', 74: '3996/5674', 75: '37141/42806', 76: '57/192', 77: '63/502', 78: '6146/9239', 79: '0/70', 80: '425/2076', 81: '1015/1984', 82: '65/311', 83: '242/1667', 84: '6/141', 85: '196/576'}
 Training : Loss : 0.7294, Acc : 0.7749
entered validation
Acc_targets :{0: '155/411', 1: '43454/48717', 2: '0/40', 3: '17/112', 4: '92/288', 5: '143/267', 6: '3948/4724', 7: '707/1185', 8: '3/61', 9: '3191/3734', 10: '20/109', 11: '0/37', 12: '104/200', 13: '83/236', 14: '68/151', 15: '460/1128', 16: '1136/1644', 17: '315/602', 18: '10/37', 19: '147/182', 20: '697/965', 21: '95/563', 22: '277/638', 23: '6/11', 24: '0/9', 25: '596/820', 26: '0/15', 27: '621/1623', 28: '8/100', 29: '3525/3804', 30: '64/121', 31: '424/873', 32: '6/65', 33: '0/30', 34: '92/313', 35: '137/373', 36: '30719/36026', 37: '397/687', 38: '69/244', 39: '1007/1213', 40: '0/29', 41: '5731/6554', 42: '139/399', 43: '0/40', 44: '13/58', 45: '2320/2975', 46: '299/927', 47: '0/32', 48: '532/764', 49: '668/796', 50: '53/630', 51: '220/380', 52: '707/1047', 53: '0/47', 54: '946/1233', 55: '33/145', 56: '70/270', 57: '1934/2513', 58: '7400/8522', 59: '1248/2006', 60: '20/705', 61: '3/44', 62: '31/94', 63: '1435/1959', 64: '1386/1587', 65: '0/81', 66: '170/461', 67: '11/49', 68: '9/110', 69: '2888/3203', 70: '2111/2650', 71: '206/924', 72: '128/257', 73: '744/1098', 74: '1010/1322', 75: '9696/10574', 76: '11/43', 77: '22/130', 78: '1342/2251', 79: '0/18', 80: '147/513', 81: '304/533', 82: '21/77', 83: '21/418', 84: '0/31', 85: '21/151'}
 Training : Loss : 0.6430, Acc : 0.8002
Saving a better model
Epoch 4 time : 6524.502424478531
entered train
Acc_targets :{0: '505/1572', 1: '175957/194827', 2: '3/174', 3: '76/526', 4: '271/1038', 5: '428/1061', 6: '13972/19071', 7: '2591/4596', 8: '26/228', 9: '12002/14720', 10: '70/426', 11: '0/148', 12: '380/845', 13: '405/974', 14: '102/535', 15: '1600/4442', 16: '4282/6757', 17: '1154/2457', 18: '24/131', 19: '540/771', 20: '2633/3797', 21: '348/2261', 22: '1176/2604', 23: '14/67', 24: '0/28', 25: '1918/3096', 26: '1/83', 27: '2487/6576', 28: '41/476', 29: '12286/15416', 30: '229/565', 31: '1624/3340', 32: '35/271', 33: '2/158', 34: '417/1146', 35: '632/1496', 36: '124106/143952', 37: '1744/2851', 38: '121/847', 39: '3786/4842', 40: '2/113', 41: '23833/26587', 42: '382/1686', 43: '0/130', 44: '46/250', 45: '7810/11824', 46: '965/3682', 47: '0/124', 48: '2247/3135', 49: '2082/3187', 50: '303/2481', 51: '913/1607', 52: '2524/4032', 53: '0/197', 54: '3144/5135', 55: '80/612', 56: '425/1019', 57: '7973/10122', 58: '26144/33570', 59: '5186/8001', 60: '554/2760', 61: '4/225', 62: '132/363', 63: '5582/8078', 64: '5540/6623', 65: '0/291', 66: '536/1851', 67: '14/185', 68: '62/480', 69: '10703/12225', 70: '8126/10304', 71: '621/3467', 72: '405/1028', 73: '2666/4504', 74: '4030/5674', 75: '37375/42807', 76: '65/192', 77: '63/502', 78: '6335/9239', 79: '1/70', 80: '491/2076', 81: '1080/1984', 82: '63/311', 83: '203/1667', 84: '15/141', 85: '221/576'}
 Training : Loss : 0.6956, Acc : 0.7847
entered validation
Acc_targets :{0: '129/411', 1: '42490/48717', 2: '0/40', 3: '27/112', 4: '102/288', 5: '151/267', 6: '3804/4724', 7: '708/1185', 8: '8/61', 9: '3331/3734', 10: '19/109', 11: '0/37', 12: '140/200', 13: '97/236', 14: '39/151', 15: '344/1128', 16: '1076/1644', 17: '406/602', 18: '11/37', 19: '142/182', 20: '699/965', 21: '96/563', 22: '288/638', 23: '0/11', 24: '0/9', 25: '713/820', 26: '0/15', 27: '727/1623', 28: '10/100', 29: '3504/3804', 30: '64/121', 31: '351/873', 32: '12/65', 33: '0/30', 34: '99/313', 35: '189/373', 36: '32100/36026', 37: '407/687', 38: '66/244', 39: '1096/1213', 40: '0/29', 41: '5790/6554', 42: '89/399', 43: '0/40', 44: '18/58', 45: '2222/2975', 46: '401/927', 47: '0/32', 48: '597/764', 49: '634/796', 50: '87/630', 51: '203/380', 52: '742/1047', 53: '0/47', 54: '955/1233', 55: '28/145', 56: '82/270', 57: '2105/2513', 58: '7006/8522', 59: '1340/2006', 60: '270/705', 61: '3/44', 62: '30/94', 63: '1399/1959', 64: '1448/1587', 65: '0/81', 66: '162/461', 67: '11/49', 68: '21/110', 69: '2773/3203', 70: '2264/2650', 71: '78/924', 72: '150/257', 73: '771/1098', 74: '1008/1322', 75: '9404/10574', 76: '7/43', 77: '14/130', 78: '1299/2251', 79: '1/18', 80: '158/513', 81: '331/533', 82: '22/77', 83: '112/418', 84: '0/31', 85: '84/151'}
 Training : Loss : 0.6240, Acc : 0.8044
Saving a better model
Epoch 5 time : 6466.475826501846
entered train
