Loading Train_Validation set
Splitting Data
Transforming Train set
Transforming Validation set
The train set contains 684315 images, in 2674 batches
The validation set contains 171079 images, in 669 batches
Computing train data mean
step1
step2
1/669
tensor(0.0126)
2/669
tensor(0.0132)
3/669
tensor(0.0132)
4/669
tensor(0.0130)
5/669
tensor(0.0131)
6/669
tensor(0.0131)
7/669
tensor(0.0129)
8/669
tensor(0.0129)
9/669
tensor(0.0128)
10/669
tensor(0.0128)
11/669
tensor(0.0129)
12/669
tensor(0.0128)
13/669
tensor(0.0129)
14/669
tensor(0.0130)
15/669
tensor(0.0131)
16/669
tensor(0.0133)
17/669
tensor(0.0133)
18/669
tensor(0.0133)
19/669
tensor(0.0134)
20/669
tensor(0.0133)
21/669
tensor(0.0132)
22/669
tensor(0.0132)
23/669
tensor(0.0132)
24/669
tensor(0.0132)
25/669
tensor(0.0131)
26/669
tensor(0.0131)
27/669
tensor(0.0131)
28/669
tensor(0.0131)
29/669
tensor(0.0130)
30/669
tensor(0.0130)
31/669
tensor(0.0131)
32/669
tensor(0.0130)
33/669
tensor(0.0130)
34/669
tensor(0.0130)
35/669
tensor(0.0130)
36/669
tensor(0.0129)
37/669
tensor(0.0129)
38/669
tensor(0.0129)
39/669
tensor(0.0130)
40/669
tensor(0.0130)
41/669
tensor(0.0129)
42/669
tensor(0.0130)
43/669
tensor(0.0129)
44/669
tensor(0.0130)
45/669
tensor(0.0130)
46/669
tensor(0.0130)
47/669
tensor(0.0130)
48/669
tensor(0.0130)
49/669
tensor(0.0130)
50/669
tensor(0.0130)
51/669
tensor(0.0130)
52/669
tensor(0.0130)
53/669
tensor(0.0130)
54/669
tensor(0.0130)
55/669
tensor(0.0131)
56/669
tensor(0.0131)
57/669
tensor(0.0130)
58/669
tensor(0.0131)
59/669
tensor(0.0131)
60/669
tensor(0.0131)
61/669
tensor(0.0131)
62/669
tensor(0.0131)
63/669
tensor(0.0131)
64/669
tensor(0.0131)
65/669
tensor(0.0132)
66/669
tensor(0.0132)
67/669
tensor(0.0132)
68/669
tensor(0.0132)
69/669
tensor(0.0132)
70/669
tensor(0.0133)
71/669
tensor(0.0133)
72/669
tensor(0.0133)
73/669
tensor(0.0133)
74/669
tensor(0.0132)
75/669
tensor(0.0132)
76/669
tensor(0.0132)
77/669
tensor(0.0133)
78/669
tensor(0.0133)
79/669
tensor(0.0133)
80/669
tensor(0.0133)
81/669
tensor(0.0133)
82/669
tensor(0.0133)
83/669
tensor(0.0132)
84/669
tensor(0.0132)
85/669
tensor(0.0132)
86/669
tensor(0.0132)
87/669
tensor(0.0132)
88/669
tensor(0.0132)
89/669
tensor(0.0132)
90/669
tensor(0.0132)
91/669
tensor(0.0132)
92/669
tensor(0.0132)
93/669
tensor(0.0132)
94/669
tensor(0.0132)
95/669
tensor(0.0132)
96/669
tensor(0.0131)
97/669
tensor(0.0132)
98/669
tensor(0.0132)
99/669
tensor(0.0132)
100/669
tensor(0.0132)
101/669
tensor(0.0132)
102/669
tensor(0.0132)
103/669
tensor(0.0132)
104/669
tensor(0.0132)
105/669
tensor(0.0132)
106/669
tensor(0.0132)
107/669
tensor(0.0132)
108/669
tensor(0.0132)
109/669
tensor(0.0132)
110/669
tensor(0.0132)
111/669
tensor(0.0132)
112/669
tensor(0.0132)
113/669
tensor(0.0132)
114/669
tensor(0.0132)
115/669
tensor(0.0132)
116/669
tensor(0.0132)
117/669
tensor(0.0132)
118/669
tensor(0.0132)
119/669
tensor(0.0132)
120/669
tensor(0.0132)
121/669
tensor(0.0132)
122/669
tensor(0.0132)
123/669
tensor(0.0132)
124/669
tensor(0.0132)
125/669
tensor(0.0132)
126/669
tensor(0.0132)
127/669
tensor(0.0132)
128/669
tensor(0.0132)
129/669
tensor(0.0132)
130/669
tensor(0.0132)
131/669
tensor(0.0132)
132/669
tensor(0.0132)
133/669
tensor(0.0132)
134/669
tensor(0.0132)
135/669
tensor(0.0132)
136/669
tensor(0.0132)
137/669
tensor(0.0132)
138/669
tensor(0.0132)
139/669
tensor(0.0132)
140/669
tensor(0.0132)
141/669
tensor(0.0132)
142/669
tensor(0.0132)
143/669
tensor(0.0132)
144/669
tensor(0.0132)
145/669
tensor(0.0132)
146/669
tensor(0.0132)
147/669
tensor(0.0132)
148/669
tensor(0.0132)
149/669
tensor(0.0132)
150/669
tensor(0.0132)
151/669
tensor(0.0132)
152/669
tensor(0.0132)
153/669
tensor(0.0132)
154/669
tensor(0.0132)
155/669
tensor(0.0132)
156/669
tensor(0.0132)
157/669
tensor(0.0132)
158/669
tensor(0.0132)
159/669
tensor(0.0133)
160/669
tensor(0.0132)
161/669
tensor(0.0132)
162/669
tensor(0.0133)
163/669
tensor(0.0133)
164/669
tensor(0.0133)
165/669
tensor(0.0133)
166/669
tensor(0.0133)
167/669
tensor(0.0133)
168/669
tensor(0.0133)
169/669
tensor(0.0133)
170/669
tensor(0.0133)
171/669
tensor(0.0133)
172/669
tensor(0.0133)
173/669
tensor(0.0133)
174/669
tensor(0.0133)
175/669
tensor(0.0133)
176/669
tensor(0.0133)
177/669
tensor(0.0133)
178/669
tensor(0.0133)
179/669
tensor(0.0133)
180/669
tensor(0.0133)
181/669
tensor(0.0133)
182/669
tensor(0.0133)
183/669
tensor(0.0133)
184/669
tensor(0.0133)
185/669
tensor(0.0133)
186/669
tensor(0.0133)
187/669
tensor(0.0133)
188/669
tensor(0.0133)
189/669
tensor(0.0133)
190/669
tensor(0.0133)
191/669
tensor(0.0133)
192/669
tensor(0.0133)
193/669
tensor(0.0133)
194/669
tensor(0.0133)
195/669
tensor(0.0133)
196/669
tensor(0.0133)
197/669
tensor(0.0133)
198/669
tensor(0.0133)
199/669
tensor(0.0133)
200/669
tensor(0.0132)
201/669
tensor(0.0132)
202/669
tensor(0.0132)
203/669
tensor(0.0132)
204/669
tensor(0.0132)
205/669
tensor(0.0132)
206/669
tensor(0.0132)
207/669
tensor(0.0132)
208/669
tensor(0.0132)
209/669
tensor(0.0132)
210/669
tensor(0.0132)
211/669
tensor(0.0132)
212/669
tensor(0.0132)
213/669
tensor(0.0132)
214/669
tensor(0.0132)
215/669
tensor(0.0132)
216/669
tensor(0.0132)
217/669
tensor(0.0132)
218/669
tensor(0.0132)
219/669
tensor(0.0132)
220/669
tensor(0.0132)
221/669
tensor(0.0132)
222/669
tensor(0.0132)
223/669
tensor(0.0132)
224/669
tensor(0.0132)
225/669
tensor(0.0132)
226/669
tensor(0.0132)
227/669
tensor(0.0132)
228/669
tensor(0.0132)
229/669
tensor(0.0132)
230/669
tensor(0.0132)
231/669
tensor(0.0132)
232/669
tensor(0.0132)
233/669
tensor(0.0132)
234/669
tensor(0.0132)
235/669
tensor(0.0132)
236/669
tensor(0.0132)
237/669
tensor(0.0132)
238/669
tensor(0.0132)
239/669
tensor(0.0132)
240/669
tensor(0.0132)
241/669
tensor(0.0132)
242/669
tensor(0.0132)
243/669
tensor(0.0132)
244/669
tensor(0.0132)
245/669
tensor(0.0132)
246/669
tensor(0.0132)
247/669
tensor(0.0132)
248/669
tensor(0.0132)
249/669
tensor(0.0132)
250/669
tensor(0.0132)
251/669
tensor(0.0132)
252/669
tensor(0.0132)
253/669
tensor(0.0132)
254/669
tensor(0.0131)
255/669
tensor(0.0131)
256/669
tensor(0.0131)
257/669
tensor(0.0131)
258/669
tensor(0.0131)
259/669
tensor(0.0131)
260/669
tensor(0.0131)
261/669
tensor(0.0131)
262/669
tensor(0.0131)
263/669
tensor(0.0131)
264/669
tensor(0.0131)
265/669
tensor(0.0131)
266/669
tensor(0.0131)
267/669
tensor(0.0131)
268/669
tensor(0.0131)
269/669
tensor(0.0131)
270/669
tensor(0.0131)
271/669
tensor(0.0131)
272/669
tensor(0.0131)
273/669
tensor(0.0131)
274/669
tensor(0.0131)
275/669
tensor(0.0131)
276/669
tensor(0.0131)
277/669
tensor(0.0131)
278/669
tensor(0.0131)
279/669
tensor(0.0131)
280/669
tensor(0.0131)
281/669
tensor(0.0131)
282/669
tensor(0.0131)
283/669
tensor(0.0131)
284/669
tensor(0.0131)
285/669
tensor(0.0131)
286/669
tensor(0.0131)
287/669
tensor(0.0131)
288/669
tensor(0.0131)
289/669
tensor(0.0131)
290/669
tensor(0.0131)
291/669
tensor(0.0131)
292/669
tensor(0.0131)
293/669
tensor(0.0131)
294/669
tensor(0.0131)
295/669
tensor(0.0131)
296/669
tensor(0.0131)
297/669
tensor(0.0131)
298/669
tensor(0.0131)
299/669
tensor(0.0131)
300/669
tensor(0.0131)
301/669
tensor(0.0131)
302/669
tensor(0.0131)
303/669
tensor(0.0131)
304/669
tensor(0.0131)
305/669
tensor(0.0131)
306/669
tensor(0.0132)
307/669
tensor(0.0132)
308/669
tensor(0.0132)
309/669
tensor(0.0132)
310/669
tensor(0.0132)
311/669
tensor(0.0132)
312/669
tensor(0.0132)
313/669
tensor(0.0132)
314/669
tensor(0.0132)
315/669
tensor(0.0132)
316/669
tensor(0.0131)
317/669
tensor(0.0132)
318/669
tensor(0.0132)
319/669
tensor(0.0132)
320/669
tensor(0.0131)
321/669
tensor(0.0131)
322/669
tensor(0.0131)
323/669
tensor(0.0132)
324/669
tensor(0.0132)
325/669
tensor(0.0132)
326/669
tensor(0.0132)
327/669
tensor(0.0131)
328/669
tensor(0.0131)
329/669
tensor(0.0132)
330/669
tensor(0.0131)
331/669
tensor(0.0131)
332/669
tensor(0.0131)
333/669
tensor(0.0131)
334/669
tensor(0.0131)
335/669
tensor(0.0131)
336/669
tensor(0.0131)
337/669
tensor(0.0131)
338/669
tensor(0.0131)
339/669
tensor(0.0131)
340/669
tensor(0.0131)
341/669
tensor(0.0131)
342/669
tensor(0.0131)
343/669
tensor(0.0131)
344/669
tensor(0.0131)
345/669
tensor(0.0131)
346/669
tensor(0.0131)
347/669
tensor(0.0131)
348/669
tensor(0.0131)
349/669
tensor(0.0131)
350/669
tensor(0.0131)
351/669
tensor(0.0131)
352/669
tensor(0.0131)
353/669
tensor(0.0131)
354/669
tensor(0.0131)
355/669
tensor(0.0131)
356/669
tensor(0.0132)
357/669
tensor(0.0131)
358/669
tensor(0.0131)
359/669
tensor(0.0132)
360/669
tensor(0.0131)
361/669
tensor(0.0131)
362/669
tensor(0.0131)
363/669
tensor(0.0131)
364/669
tensor(0.0131)
365/669
tensor(0.0131)
366/669
tensor(0.0131)
367/669
tensor(0.0131)
368/669
tensor(0.0131)
369/669
tensor(0.0131)
370/669
tensor(0.0131)
371/669
tensor(0.0131)
372/669
tensor(0.0131)
373/669
tensor(0.0131)
374/669
tensor(0.0131)
375/669
tensor(0.0131)
376/669
tensor(0.0131)
377/669
tensor(0.0131)
378/669
tensor(0.0131)
379/669
tensor(0.0131)
380/669
tensor(0.0131)
381/669
tensor(0.0131)
382/669
tensor(0.0131)
383/669
tensor(0.0131)
384/669
tensor(0.0131)
385/669
tensor(0.0131)
386/669
tensor(0.0131)
387/669
tensor(0.0131)
388/669
tensor(0.0131)
389/669
tensor(0.0131)
390/669
tensor(0.0131)
391/669
tensor(0.0131)
392/669
tensor(0.0131)
393/669
tensor(0.0131)
394/669
tensor(0.0131)
395/669
tensor(0.0131)
396/669
tensor(0.0131)
397/669
tensor(0.0131)
398/669
tensor(0.0131)
399/669
tensor(0.0131)
400/669
tensor(0.0131)
401/669
tensor(0.0131)
402/669
tensor(0.0131)
403/669
tensor(0.0131)
404/669
tensor(0.0131)
405/669
tensor(0.0131)
406/669
tensor(0.0131)
407/669
tensor(0.0131)
408/669
tensor(0.0131)
409/669
tensor(0.0131)
410/669
tensor(0.0131)
411/669
tensor(0.0131)
412/669
tensor(0.0131)
413/669
tensor(0.0131)
414/669
tensor(0.0131)
415/669
tensor(0.0131)
416/669
tensor(0.0131)
417/669
tensor(0.0131)
418/669
tensor(0.0131)
419/669
tensor(0.0131)
420/669
tensor(0.0131)
421/669
tensor(0.0131)
422/669
tensor(0.0131)
423/669
tensor(0.0131)
424/669
tensor(0.0131)
425/669
tensor(0.0131)
426/669
tensor(0.0131)
427/669
tensor(0.0131)
428/669
tensor(0.0131)
429/669
tensor(0.0131)
430/669
tensor(0.0131)
431/669
tensor(0.0131)
432/669
tensor(0.0131)
433/669
tensor(0.0131)
434/669
tensor(0.0131)
435/669
tensor(0.0131)
436/669
tensor(0.0131)
437/669
tensor(0.0131)
438/669
tensor(0.0131)
439/669
tensor(0.0131)
440/669
tensor(0.0131)
441/669
tensor(0.0131)
442/669
tensor(0.0131)
443/669
tensor(0.0131)
444/669
tensor(0.0131)
445/669
tensor(0.0131)
446/669
tensor(0.0131)
447/669
tensor(0.0131)
448/669
tensor(0.0131)
449/669
tensor(0.0131)
450/669
tensor(0.0131)
451/669
tensor(0.0131)
452/669
tensor(0.0131)
453/669
tensor(0.0131)
454/669
tensor(0.0131)
455/669
tensor(0.0131)
456/669
tensor(0.0131)
457/669
tensor(0.0131)
458/669
tensor(0.0131)
459/669
tensor(0.0131)
460/669
tensor(0.0131)
461/669
tensor(0.0131)
462/669
tensor(0.0131)
463/669
tensor(0.0131)
464/669
tensor(0.0131)
465/669
tensor(0.0131)
466/669
tensor(0.0131)
467/669
tensor(0.0131)
468/669
tensor(0.0131)
469/669
tensor(0.0131)
470/669
tensor(0.0131)
471/669
tensor(0.0131)
472/669
tensor(0.0131)
473/669
tensor(0.0131)
474/669
tensor(0.0131)
475/669
tensor(0.0131)
476/669
tensor(0.0131)
477/669
tensor(0.0131)
478/669
tensor(0.0131)
479/669
tensor(0.0131)
480/669
tensor(0.0131)
481/669
tensor(0.0131)
482/669
tensor(0.0131)
483/669
tensor(0.0131)
484/669
tensor(0.0131)
485/669
tensor(0.0131)
486/669
tensor(0.0131)
487/669
tensor(0.0131)
488/669
tensor(0.0131)
489/669
tensor(0.0131)
490/669
tensor(0.0131)
491/669
tensor(0.0131)
492/669
tensor(0.0131)
493/669
tensor(0.0131)
494/669
tensor(0.0131)
495/669
tensor(0.0131)
496/669
tensor(0.0131)
497/669
tensor(0.0131)
498/669
tensor(0.0131)
499/669
tensor(0.0131)
500/669
tensor(0.0131)
501/669
tensor(0.0131)
502/669
tensor(0.0131)
503/669
tensor(0.0131)
504/669
tensor(0.0131)
505/669
tensor(0.0131)
506/669
tensor(0.0131)
507/669
tensor(0.0131)
508/669
tensor(0.0131)
509/669
tensor(0.0131)
510/669
tensor(0.0131)
511/669
tensor(0.0131)
512/669
tensor(0.0131)
513/669
tensor(0.0131)
514/669
tensor(0.0131)
515/669
tensor(0.0131)
516/669
tensor(0.0131)
517/669
tensor(0.0131)
518/669
tensor(0.0131)
519/669
tensor(0.0131)
520/669
tensor(0.0131)
521/669
tensor(0.0131)
522/669
tensor(0.0131)
523/669
tensor(0.0131)
524/669
tensor(0.0131)
525/669
tensor(0.0131)
526/669
tensor(0.0131)
527/669
tensor(0.0131)
528/669
tensor(0.0131)
529/669
tensor(0.0131)
530/669
tensor(0.0131)
531/669
tensor(0.0131)
532/669
tensor(0.0131)
533/669
tensor(0.0131)
534/669
tensor(0.0131)
535/669
tensor(0.0131)
536/669
tensor(0.0131)
537/669
tensor(0.0131)
538/669
tensor(0.0131)
539/669
tensor(0.0131)
540/669
tensor(0.0131)
541/669
tensor(0.0131)
542/669
tensor(0.0131)
543/669
tensor(0.0131)
544/669
tensor(0.0131)
545/669
tensor(0.0131)
546/669
tensor(0.0131)
547/669
tensor(0.0131)
548/669
tensor(0.0131)
549/669
tensor(0.0131)
550/669
tensor(0.0131)
551/669
tensor(0.0131)
552/669
tensor(0.0131)
553/669
tensor(0.0131)
554/669
tensor(0.0131)
555/669
tensor(0.0131)
556/669
tensor(0.0131)
557/669
tensor(0.0131)
558/669
tensor(0.0131)
559/669
tensor(0.0131)
560/669
tensor(0.0131)
561/669
tensor(0.0131)
562/669
tensor(0.0131)
563/669
tensor(0.0131)
564/669
tensor(0.0131)
565/669
tensor(0.0131)
566/669
tensor(0.0131)
567/669
tensor(0.0131)
568/669
tensor(0.0131)
569/669
tensor(0.0131)
570/669
tensor(0.0131)
571/669
tensor(0.0131)
572/669
tensor(0.0131)
573/669
tensor(0.0131)
574/669
tensor(0.0132)
575/669
tensor(0.0132)
576/669
tensor(0.0132)
577/669
tensor(0.0131)
578/669
tensor(0.0131)
579/669
tensor(0.0131)
580/669
tensor(0.0131)
581/669
tensor(0.0131)
582/669
tensor(0.0131)
583/669
tensor(0.0131)
584/669
tensor(0.0131)
585/669
tensor(0.0131)
586/669
tensor(0.0131)
587/669
tensor(0.0131)
588/669
tensor(0.0131)
589/669
tensor(0.0131)
590/669
tensor(0.0131)
591/669
tensor(0.0131)
592/669
tensor(0.0131)
593/669
tensor(0.0131)
594/669
tensor(0.0131)
595/669
tensor(0.0132)
596/669
tensor(0.0131)
597/669
tensor(0.0131)
598/669
tensor(0.0131)
599/669
tensor(0.0131)
600/669
tensor(0.0131)
601/669
tensor(0.0131)
602/669
tensor(0.0131)
603/669
tensor(0.0131)
604/669
tensor(0.0131)
605/669
tensor(0.0131)
606/669
tensor(0.0131)
607/669
tensor(0.0131)
608/669
tensor(0.0131)
609/669
tensor(0.0131)
610/669
tensor(0.0131)
611/669
tensor(0.0131)
612/669
tensor(0.0131)
613/669
tensor(0.0131)
614/669
tensor(0.0131)
615/669
tensor(0.0131)
616/669
tensor(0.0131)
617/669
tensor(0.0131)
618/669
tensor(0.0131)
619/669
tensor(0.0131)
620/669
tensor(0.0131)
621/669
tensor(0.0131)
622/669
tensor(0.0131)
623/669
tensor(0.0131)
624/669
tensor(0.0131)
625/669
tensor(0.0131)
626/669
tensor(0.0131)
627/669
tensor(0.0131)
628/669
tensor(0.0131)
629/669
tensor(0.0131)
630/669
tensor(0.0131)
631/669
tensor(0.0131)
632/669
tensor(0.0131)
633/669
tensor(0.0131)
634/669
tensor(0.0131)
635/669
tensor(0.0131)
636/669
tensor(0.0131)
637/669
tensor(0.0131)
638/669
tensor(0.0131)
639/669
tensor(0.0131)
640/669
tensor(0.0131)
641/669
tensor(0.0131)
642/669
tensor(0.0131)
643/669
tensor(0.0131)
644/669
tensor(0.0131)
645/669
tensor(0.0131)
646/669
tensor(0.0131)
647/669
tensor(0.0131)
648/669
tensor(0.0131)
649/669
tensor(0.0131)
650/669
tensor(0.0131)
651/669
tensor(0.0131)
652/669
tensor(0.0131)
653/669
tensor(0.0131)
654/669
tensor(0.0131)
655/669
tensor(0.0131)
656/669
tensor(0.0131)
657/669
tensor(0.0131)
658/669
tensor(0.0131)
659/669
tensor(0.0131)
660/669
tensor(0.0131)
661/669
tensor(0.0131)
662/669
tensor(0.0131)
663/669
tensor(0.0131)
664/669
tensor(0.0131)
665/669
tensor(0.0131)
666/669
tensor(0.0131)
667/669
tensor(0.0131)
668/669
tensor(0.0131)
669/669
tensor(0.0131)
Computing train data std
mean : 0.01312430389225483
std : 0.05482621490955353.
['../main.py', '--mode', 'train', '--model', 'minimal', '--loss', 'cross_entropy', '--batch_size=512', '--run_name', 'minimal512']
Loading Train_Validation set
Splitting Data
Transforming Train set
Transforming Validation set
The train set contains 684315 images, in 1337 batches
The validation set contains 171079 images, in 335 batches
initiated conv model
2048
initiated linear model
loaded model on cuda
Saved a summary of this run
entered train
