True
Data loading started
Dataset Loaded
creating sampler
got labels in 620.4513475894928 s
got class weights in 4.4345855712890625e-05 s
got final weights in 1.2600314617156982 s
sampler created
The train set contains 684315 images, in 5347 batches
The validation set contains 171079 images, in 1337 batches
initiated conv model
20736
initiated linear model
Logging to ./logs/run_0
entered train
 Training : Loss : 0.9905, Acc : 0.0117, Acc_targets :{0: '0/8096', 1: '0/8161', 2: '0/7862', 3: '0/8072', 4: '0/7774', 5: '0/7977', 6: '0/7926', 7: '0/8150', 8: '0/7666', 9: '9/8146', 10: '0/7910', 11: '1/7825', 12: '0/7878', 13: '2/8077', 14: '0/7936', 15: '0/8023', 16: '0/7902', 17: '0/7788', 18: '0/8213', 19: '0/7977', 20: '0/8040', 21: '0/7898', 22: '74/8172', 23: '0/7384', 24: '0/8349', 25: '0/8101', 26: '0/8151', 27: '0/7929', 28: '1/7908', 29: '3/7903', 30: '7625/7825', 31: '0/7886', 32: '0/7570', 33: '0/8033', 34: '0/8173', 35: '0/8078', 36: '7/8111', 37: '0/7874', 38: '0/7888', 39: '0/7902', 40: '0/7963', 41: '0/8076', 42: '0/7988', 43: '0/8362', 44: '0/7552', 45: '0/7844', 46: '0/8043', 47: '0/7856', 48: '0/8007', 49: '0/7876', 50: '0/8015', 51: '0/8066', 52: '33/8123', 53: '0/8059', 54: '0/7944', 55: '0/7892', 56: '79/7819', 57: '0/8069', 58: '0/8064', 59: '0/7951', 60: '0/7940', 61: '0/7450', 62: '0/7945', 63: '0/7842', 64: '0/7915', 65: '0/7643', 66: '0/7828', 67: '0/8302', 68: '0/7908', 69: '0/7934', 70: '1/7796', 71: '0/7823', 72: '0/7851', 73: '0/8174', 74: '0/7769', 75: '0/8000', 76: '0/8186', 77: '0/8380', 78: '0/7898', 79: '1/7832', 80: '0/7851', 81: '0/8022', 82: '0/7914', 83: '0/7992', 84: '0/7971', 85: '142/8019'}
entered test
 Validation : Loss : 0.9954, Acc : 0.0008
Saving a better model
Epoch 0 time : 778.6332581043243
entered train
 Training : Loss : 0.9905, Acc : 0.0115, Acc_targets :{0: '0/8064', 1: '0/7851', 2: '0/7948', 3: '0/8089', 4: '0/7677', 5: '0/7859', 6: '0/7887', 7: '0/8133', 8: '0/7899', 9: '0/8004', 10: '0/8202', 11: '0/7790', 12: '0/7916', 13: '0/8103', 14: '0/7874', 15: '0/8016', 16: '0/7983', 17: '0/7816', 18: '0/8156', 19: '0/7899', 20: '0/8036', 21: '0/8089', 22: '0/8088', 23: '0/7224', 24: '0/8221', 25: '0/7937', 26: '0/8317', 27: '0/7843', 28: '0/7960', 29: '0/7944', 30: '7868/7868', 31: '0/8147', 32: '0/7576', 33: '0/7954', 34: '0/8016', 35: '0/8159', 36: '0/7916', 37: '0/7707', 38: '0/7952', 39: '0/8023', 40: '0/8055', 41: '0/8095', 42: '0/7912', 43: '0/8523', 44: '0/7705', 45: '0/7969', 46: '0/7931', 47: '0/7963', 48: '0/8079', 49: '0/8066', 50: '0/7821', 51: '0/7999', 52: '0/8089', 53: '0/8038', 54: '0/8021', 55: '0/8043', 56: '0/7698', 57: '0/7958', 58: '0/7982', 59: '0/7909', 60: '0/7901', 61: '0/7510', 62: '0/7787', 63: '0/7847', 64: '0/7824', 65: '0/7736', 66: '0/7934', 67: '0/8218', 68: '0/7869', 69: '0/8078', 70: '0/8019', 71: '0/7904', 72: '0/7877', 73: '0/8013', 74: '0/7863', 75: '0/7946', 76: '0/8002', 77: '0/8281', 78: '0/7996', 79: '0/7775', 80: '0/7869', 81: '0/7886', 82: '0/7937', 83: '0/8070', 84: '0/8059', 85: '0/8088'}
entered test
 Validation : Loss : 0.9954, Acc : 0.0008
Saving a better model
Epoch 1 time : 789.4491708278656
entered train
 Training : Loss : 0.9905, Acc : 0.0116, Acc_targets :{0: '0/8223', 1: '0/7974', 2: '0/8018', 3: '0/8084', 4: '0/7883', 5: '0/7909', 6: '0/7974', 7: '0/8234', 8: '0/7684', 9: '0/7809', 10: '0/8069', 11: '0/7945', 12: '0/7817', 13: '0/8073', 14: '0/7762', 15: '0/7966', 16: '0/8039', 17: '0/8219', 18: '0/8013', 19: '0/7803', 20: '0/7988', 21: '0/8128', 22: '0/7947', 23: '0/7206', 24: '0/8514', 25: '0/7957', 26: '0/8305', 27: '0/7939', 28: '0/8076', 29: '0/7895', 30: '7930/7930', 31: '0/7931', 32: '0/7521', 33: '0/7931', 34: '0/8123', 35: '0/7975', 36: '0/8055', 37: '0/7928', 38: '0/7968', 39: '0/7946', 40: '0/8086', 41: '0/7930', 42: '0/8093', 43: '0/8319', 44: '0/7617', 45: '0/7908', 46: '0/8053', 47: '0/8050', 48: '0/7890', 49: '0/8246', 50: '0/7904', 51: '0/8080', 52: '0/7861', 53: '0/8176', 54: '0/7844', 55: '0/7983', 56: '0/7807', 57: '0/8013', 58: '0/7975', 59: '0/7960', 60: '0/7944', 61: '0/7529', 62: '0/7876', 63: '0/7759', 64: '0/7870', 65: '0/7626', 66: '0/8054', 67: '0/8251', 68: '0/7744', 69: '0/7917', 70: '0/7759', 71: '0/8002', 72: '0/7918', 73: '0/8043', 74: '0/7824', 75: '0/7784', 76: '0/7921', 77: '0/8242', 78: '0/7915', 79: '0/7784', 80: '0/7796', 81: '0/8036', 82: '0/8061', 83: '0/8071', 84: '0/7912', 85: '0/8094'}
entered test
 Validation : Loss : 0.9954, Acc : 0.0008
Saving a better model
Epoch 2 time : 790.8359038829803
entered train
