True
Data loading started
Dataset Loaded
creating sampler
got labels in 8510.933964252472 s
got class weights in 6.628036499023438e-05 s
got final weights in 2.4106061458587646 s
sampler created
The train set contains 684315 images, in 5347 batches
The validation set contains 171079 images, in 1337 batches
initiated conv model
256
initiated linear model
Logging to ./logs/run_withSamplerF1loss_2
entered train
 Training : Loss : 0.9955, Acc : 0.0213, Acc_targets :{0: '430/8023', 1: '3/7908', 2: '37/7871', 3: '176/8152', 4: '27/7955', 5: '17/8028', 6: '5/8070', 7: '11/7931', 8: '47/7605', 9: '70/7846', 10: '2/7755', 11: '65/8081', 12: '75/8058', 13: '51/7730', 14: '5/7581', 15: '17/7880', 16: '23/7804', 17: '8/7928', 18: '235/7715', 19: '76/7924', 20: '0/8007', 21: '18/8002', 22: '32/8073', 23: '1/7390', 24: '172/8865', 25: '305/7975', 26: '8/7252', 27: '147/7849', 28: '188/7850', 29: '89/7858', 30: '228/8054', 31: '13/7907', 32: '64/8129', 33: '57/8630', 34: '5/7856', 35: '303/8024', 36: '22/8020', 37: '30/7844', 38: '176/8017', 39: '49/7887', 40: '97/8222', 41: '106/8040', 42: '1/7885', 43: '0/7876', 44: '327/8177', 45: '175/8020', 46: '12/8079', 47: '104/7715', 48: '162/7864', 49: '139/8088', 50: '59/8091', 51: '25/7877', 52: '38/8031', 53: '0/8034', 54: '4/8001', 55: '7/7874', 56: '27/8140', 57: '778/8000', 58: '16/8065', 59: '93/7837', 60: '590/7966', 61: '34/7787', 62: '5/7627', 63: '104/7878', 64: '237/7944', 65: '0/8011', 66: '83/7921', 67: '2/8016', 68: '6095/7803', 69: '281/7932', 70: '20/7883', 71: '11/7930', 72: '124/8038', 73: '41/7914', 74: '42/7938', 75: '11/8045', 76: '114/7760', 77: '79/7971', 78: '31/8024', 79: '1/8318', 80: '61/7905', 81: '21/8052', 82: '670/8330', 83: '82/8046', 84: '349/8175', 85: '10/7824'}
entered test
 Validation : Loss : 1.0000, Acc : 0.0007
Saving a better model
Epoch 0 time : 3483.8380784988403
entered train
 Training : Loss : 0.9997, Acc : 0.0114, Acc_targets :{0: '0/8079', 1: '0/8127', 2: '0/7991', 3: '0/8112', 4: '0/7894', 5: '0/8069', 6: '0/7923', 7: '0/7802', 8: '0/7714', 9: '0/8162', 10: '0/7926', 11: '0/8064', 12: '0/8148', 13: '0/7724', 14: '0/7570', 15: '0/7866', 16: '0/7978', 17: '0/7957', 18: '0/7707', 19: '0/7583', 20: '0/7956', 21: '0/7863', 22: '0/8062', 23: '0/7390', 24: '0/9030', 25: '0/7806', 26: '0/7525', 27: '0/7792', 28: '0/7858', 29: '0/7917', 30: '0/7959', 31: '0/7758', 32: '0/7917', 33: '0/8777', 34: '0/7809', 35: '0/8036', 36: '0/8024', 37: '0/7934', 38: '0/7908', 39: '0/8038', 40: '0/8238', 41: '0/7886', 42: '0/8000', 43: '0/7749', 44: '0/8032', 45: '0/7969', 46: '0/7944', 47: '0/7639', 48: '0/8017', 49: '0/7818', 50: '0/7789', 51: '0/8023', 52: '0/8083', 53: '0/8128', 54: '0/8035', 55: '0/7873', 56: '0/8165', 57: '0/7830', 58: '0/8025', 59: '0/7999', 60: '0/7923', 61: '0/7953', 62: '0/7824', 63: '0/8059', 64: '0/8029', 65: '0/8287', 66: '0/7849', 67: '0/7869', 68: '7773/7773', 69: '0/7796', 70: '0/7950', 71: '0/7865', 72: '0/8083', 73: '0/8054', 74: '0/8085', 75: '0/7986', 76: '0/7819', 77: '0/7808', 78: '0/8038', 79: '0/8116', 80: '0/7880', 81: '0/7916', 82: '0/8296', 83: '0/8194', 84: '0/8032', 85: '0/7807'}
entered test
 Validation : Loss : 1.0000, Acc : 0.0007
Saving a better model
Epoch 1 time : 2697.534874200821
entered train
 Training : Loss : 0.9997, Acc : 0.0115, Acc_targets :{0: '0/8161', 1: '0/8147', 2: '0/7856', 3: '0/7926', 4: '0/7920', 5: '0/7983', 6: '0/7956', 7: '0/7806', 8: '0/7764', 9: '0/8026', 10: '0/7915', 11: '0/7879', 12: '0/8166', 13: '0/7804', 14: '0/7733', 15: '0/7881', 16: '0/7954', 17: '0/7923', 18: '0/7864', 19: '0/7731', 20: '0/7976', 21: '0/8130', 22: '0/8130', 23: '0/7342', 24: '0/9103', 25: '0/7901', 26: '0/7486', 27: '0/7780', 28: '0/7922', 29: '0/7819', 30: '0/8041', 31: '0/7946', 32: '0/7880', 33: '0/8772', 34: '0/7848', 35: '0/7914', 36: '0/7909', 37: '0/7916', 38: '0/7873', 39: '0/7921', 40: '0/8229', 41: '0/7943', 42: '0/7985', 43: '0/7967', 44: '0/8190', 45: '0/7939', 46: '0/7922', 47: '0/7794', 48: '0/7903', 49: '0/7764', 50: '0/8072', 51: '0/7835', 52: '0/7961', 53: '0/8292', 54: '0/8013', 55: '0/7902', 56: '0/8127', 57: '0/7807', 58: '0/7964', 59: '0/8092', 60: '0/7867', 61: '0/7907', 62: '0/7573', 63: '0/7948', 64: '0/7739', 65: '0/8139', 66: '0/7797', 67: '0/8003', 68: '7843/7843', 69: '0/7867', 70: '0/8038', 71: '0/7968', 72: '0/7874', 73: '0/7948', 74: '0/7892', 75: '0/8064', 76: '0/7701', 77: '0/8034', 78: '0/7879', 79: '0/8425', 80: '0/7842', 81: '0/7962', 82: '0/8118', 83: '0/8220', 84: '0/7979', 85: '0/7956'}
entered test
 Validation : Loss : 1.0000, Acc : 0.0007
Epoch 2 time : 2223.711951971054
entered train
 Training : Loss : 0.9997, Acc : 0.0112, Acc_targets :{0: '0/8095', 1: '0/7870', 2: '0/7897', 3: '0/8147', 4: '0/7954', 5: '0/8068', 6: '0/8078', 7: '0/7979', 8: '0/7665', 9: '0/7912', 10: '0/7717', 11: '0/8008', 12: '0/8133', 13: '0/7706', 14: '0/7758', 15: '0/7734', 16: '0/8003', 17: '0/7938', 18: '0/7816', 19: '0/7746', 20: '0/8157', 21: '0/8028', 22: '0/8073', 23: '0/7286', 24: '0/8831', 25: '0/7906', 26: '0/7184', 27: '0/7926', 28: '0/7889', 29: '0/7949', 30: '0/7856', 31: '0/7996', 32: '0/8063', 33: '0/8408', 34: '0/7999', 35: '0/7940', 36: '0/7814', 37: '0/7799', 38: '0/7831', 39: '0/8011', 40: '0/8247', 41: '0/7859', 42: '0/8093', 43: '0/8007', 44: '0/8103', 45: '0/7946', 46: '0/7931', 47: '0/7711', 48: '0/7892', 49: '0/7984', 50: '0/8018', 51: '0/7866', 52: '0/7930', 53: '0/8203', 54: '0/7990', 55: '0/7926', 56: '0/7965', 57: '0/7896', 58: '0/8190', 59: '0/7951', 60: '0/7964', 61: '0/7827', 62: '0/7734', 63: '0/7996', 64: '0/7936', 65: '0/8150', 66: '0/7801', 67: '0/8132', 68: '7679/7679', 69: '0/7955', 70: '0/8064', 71: '0/8017', 72: '0/8028', 73: '0/7862', 74: '0/7993', 75: '0/7946', 76: '0/7848', 77: '0/7964', 78: '0/7950', 79: '0/8274', 80: '0/8114', 81: '0/7983', 82: '0/8199', 83: '0/8074', 84: '0/8002', 85: '0/7918'}
entered test
 Validation : Loss : 1.0000, Acc : 0.0007
Epoch 3 time : 1505.497237443924
entered train
 Training : Loss : 0.9997, Acc : 0.0115, Acc_targets :{0: '0/7991', 1: '0/7892', 2: '0/7948', 3: '0/8081', 4: '0/7928', 5: '0/8021', 6: '0/8030', 7: '0/7873', 8: '0/7707', 9: '0/7846', 10: '0/7876', 11: '0/8280', 12: '0/8019', 13: '0/7864', 14: '0/7606', 15: '0/7832', 16: '0/8014', 17: '0/7907', 18: '0/7663', 19: '0/7786', 20: '0/7979', 21: '0/7904', 22: '0/8153', 23: '0/7589', 24: '0/9067', 25: '0/7865', 26: '0/7214', 27: '0/7910', 28: '0/8153', 29: '0/7929', 30: '0/7846', 31: '0/7849', 32: '0/7900', 33: '0/8640', 34: '0/7906', 35: '0/8090', 36: '0/7961', 37: '0/7737', 38: '0/7970', 39: '0/7894', 40: '0/8146', 41: '0/7806', 42: '0/8028', 43: '0/7924', 44: '0/8150', 45: '0/7982', 46: '0/7952', 47: '0/7731', 48: '0/7940', 49: '0/7820', 50: '0/7952', 51: '0/7841', 52: '0/7933', 53: '0/8174', 54: '0/8012', 55: '0/7874', 56: '0/8066', 57: '0/8002', 58: '0/7876', 59: '0/7923', 60: '0/7780', 61: '0/7938', 62: '0/7751', 63: '0/8090', 64: '0/7841', 65: '0/8309', 66: '0/7857', 67: '0/8034', 68: '7845/7845', 69: '0/8018', 70: '0/7850', 71: '0/7963', 72: '0/7880', 73: '0/7834', 74: '0/8018', 75: '0/7918', 76: '0/7903', 77: '0/7918', 78: '0/8024', 79: '0/8245', 80: '0/8127', 81: '0/8053', 82: '0/8133', 83: '0/8140', 84: '0/8062', 85: '0/7905'}
entered test
 Validation : Loss : 1.0000, Acc : 0.0007
Saving a better model
Epoch 4 time : 1411.9807662963867
learned
