True
Data loading started
Dataset Loaded
creating sampler
got labels in 731.2009763717651 s
got class weights in 4.410743713378906e-05 s
got final weights in 1.2827248573303223 s
sampler created
The train set contains 684315 images, in 5347 batches
The validation set contains 171079 images, in 1337 batches
initiated conv model
256
initiated linear model
Logging to ./logs/run_withSamplerF1loss
entered train
 Training : Loss : 0.9406, Acc : 0.1209, Acc_targets :{0: '2819/8057', 1: '0/8013', 2: '21/7618', 3: '22/7706', 4: '51/8131', 5: '6/8066', 6: '5/7950', 7: '9/8051', 8: '2082/7681', 9: '1426/7943', 10: '39/8058', 11: '745/7941', 12: '1871/7901', 13: '35/8027', 14: '2194/8054', 15: '14/7953', 16: '1140/7948', 17: '307/7777', 18: '1869/7868', 19: '53/7819', 20: '3/7959', 21: '14/7926', 22: '12/8066', 23: '6/7632', 24: '3734/8339', 25: '413/7962', 26: '1742/7811', 27: '22/8071', 28: '1142/7961', 29: '1329/7950', 30: '2000/8114', 31: '20/7991', 32: '2/8044', 33: '9/8648', 34: '0/7914', 35: '1/7681', 36: '83/7758', 37: '2335/8197', 38: '1489/7956', 39: '3215/7924', 40: '21/8190', 41: '39/7952', 42: '0/7992', 43: '134/7975', 44: '20/7864', 45: '3052/7999', 46: '1153/7950', 47: '2981/8039', 48: '1102/7785', 49: '1266/7884', 50: '11/7939', 51: '17/7775', 52: '124/7979', 53: '0/8050', 54: '16/7933', 55: '0/7689', 56: '227/7948', 57: '3801/8087', 58: '989/7921', 59: '1394/7937', 60: '4230/7792', 61: '2491/8349', 62: '2288/7895', 63: '2971/7776', 64: '3227/7950', 65: '4/7653', 66: '888/8155', 67: '0/8264', 68: '1206/7986', 69: '4178/8062', 70: '4/8036', 71: '42/7885', 72: '860/7989', 73: '1296/7938', 74: '89/8002', 75: '2059/7979', 76: '51/7843', 77: '2073/7997', 78: '1348/8009', 79: '41/7770', 80: '10/7916', 81: '21/7829', 82: '2609/7691', 83: '42/7985', 84: '2029/8307', 85: '34/7876'}
entered test
 Validation : Loss : 0.9657, Acc : 0.0812
Saving a better model
Epoch 0 time : 395.6200408935547
entered train
 Training : Loss : 0.9466, Acc : 0.1113, Acc_targets :{0: '1696/8164', 1: '1/8082', 2: '0/7629', 3: '0/7898', 4: '0/8057', 5: '0/7917', 6: '0/7898', 7: '0/8004', 8: '2191/7707', 9: '1153/8057', 10: '0/7964', 11: '1008/8096', 12: '2441/7926', 13: '0/8031', 14: '2765/8130', 15: '0/7893', 16: '359/7960', 17: '251/7911', 18: '2032/7940', 19: '0/7944', 20: '0/8002', 21: '0/7912', 22: '0/8026', 23: '0/7660', 24: '3535/8248', 25: '0/7824', 26: '2222/7670', 27: '0/7943', 28: '709/7853', 29: '1233/7849', 30: '2060/8035', 31: '0/8053', 32: '0/8242', 33: '0/8370', 34: '0/8236', 35: '0/7925', 36: '0/7998', 37: '1914/8147', 38: '911/7965', 39: '3106/7911', 40: '0/8179', 41: '0/7994', 42: '0/7927', 43: '747/8069', 44: '0/7569', 45: '3303/8057', 46: '1290/7942', 47: '2576/8009', 48: '1004/7851', 49: '1024/8015', 50: '0/7909', 51: '0/7806', 52: '0/7902', 53: '0/8141', 54: '0/8012', 55: '0/7677', 56: '0/7999', 57: '3852/8037', 58: '955/8052', 59: '283/7827', 60: '3797/7941', 61: '2752/8222', 62: '1627/7974', 63: '2371/7769', 64: '2534/7841', 65: '0/7614', 66: '1029/8203', 67: '0/8204', 68: '1847/7876', 69: '2231/7981', 70: '0/8140', 71: '0/7783', 72: '876/7924', 73: '1543/7908', 74: '0/8021', 75: '2201/7837', 76: '0/7808', 77: '3044/7786', 78: '1967/7925', 79: '0/7720', 80: '0/7804', 81: '0/7964', 82: '2886/7862', 83: '0/7991', 84: '814/8247', 85: '0/7892'}
entered test
 Validation : Loss : 0.9821, Acc : 0.0343
Epoch 1 time : 387.927907705307
entered train
 Training : Loss : 0.9705, Acc : 0.0725, Acc_targets :{0: '2095/8131', 1: '0/7829', 2: '0/7580', 3: '0/7902', 4: '0/8180', 5: '0/7957', 6: '0/7769', 7: '0/8121', 8: '1200/7646', 9: '1190/7987', 10: '0/7959', 11: '134/7955', 12: '1305/7631', 13: '0/7934', 14: '1630/8035', 15: '0/7803', 16: '0/7839', 17: '36/7965', 18: '1894/7862', 19: '0/7906', 20: '0/8097', 21: '0/7986', 22: '0/8174', 23: '0/7642', 24: '1427/8392', 25: '0/8044', 26: '240/7733', 27: '0/8140', 28: '779/7863', 29: '165/7988', 30: '1346/8244', 31: '0/8085', 32: '0/8233', 33: '0/8470', 34: '0/7996', 35: '0/7827', 36: '0/7938', 37: '2147/8184', 38: '580/8074', 39: '1493/7882', 40: '0/8296', 41: '0/7968', 42: '0/7860', 43: '296/8091', 44: '0/7759', 45: '1241/8182', 46: '235/7829', 47: '644/7784', 48: '386/7917', 49: '116/7985', 50: '0/7999', 51: '0/7641', 52: '0/8039', 53: '0/8157', 54: '0/7956', 55: '0/7699', 56: '0/8035', 57: '2720/7935', 58: '524/7929', 59: '0/7929', 60: '3546/7866', 61: '2117/8341', 62: '1163/7825', 63: '3317/7873', 64: '2132/7996', 65: '0/7627', 66: '749/8148', 67: '0/8306', 68: '1526/7787', 69: '3081/7934', 70: '0/7894', 71: '0/7893', 72: '2045/8021', 73: '907/8074', 74: '0/8034', 75: '1069/7861', 76: '0/7817', 77: '1357/7851', 78: '1023/7901', 79: '0/7751', 80: '0/7708', 81: '0/7805', 82: '1731/7867', 83: '0/7918', 84: '0/8281', 85: '0/7936'}
entered test
 Validation : Loss : 0.9936, Acc : 0.0193
Epoch 2 time : 387.3919138908386
entered train
 Training : Loss : 0.9938, Acc : 0.0290, Acc_targets :{0: '9/8099', 1: '0/7875', 2: '0/7626', 3: '0/7817', 4: '0/8073', 5: '0/7923', 6: '0/7995', 7: '0/7959', 8: '508/7580', 9: '3745/7994', 10: '0/7878', 11: '0/7988', 12: '153/7701', 13: '0/7940', 14: '0/8226', 15: '0/7811', 16: '0/7844', 17: '0/7906', 18: '152/8026', 19: '0/8014', 20: '0/8092', 21: '0/7896', 22: '0/7916', 23: '0/7628', 24: '6/8257', 25: '0/8015', 26: '39/7718', 27: '0/8018', 28: '1/7836', 29: '0/7988', 30: '40/8091', 31: '0/8061', 32: '0/8037', 33: '0/8379', 34: '0/8023', 35: '0/7807', 36: '0/7896', 37: '257/8139', 38: '1/8016', 39: '180/8029', 40: '0/8237', 41: '0/7979', 42: '0/7913', 43: '3/7998', 44: '0/7863', 45: '486/7972', 46: '0/7961', 47: '1/7991', 48: '0/7826', 49: '0/7947', 50: '0/7854', 51: '0/7743', 52: '0/8085', 53: '0/8231', 54: '0/7973', 55: '0/7684', 56: '0/7972', 57: '1241/8024', 58: '0/7929', 59: '0/7865', 60: '850/7903', 61: '567/8339', 62: '41/7906', 63: '1171/8030', 64: '842/8155', 65: '0/7648', 66: '144/8090', 67: '0/8249', 68: '147/7902', 69: '24/7936', 70: '0/7937', 71: '0/8105', 72: '597/8024', 73: '222/7984', 74: '0/7791', 75: '781/7865', 76: '0/7799', 77: '433/8006', 78: '6469/7840', 79: '0/7611', 80: '0/7964', 81: '0/8065', 82: '743/7948', 83: '0/8019', 84: '0/8230', 85: '0/7778'}
entered test
 Validation : Loss : 0.9993, Acc : 0.0145
Epoch 3 time : 387.51826453208923
entered train
 Training : Loss : 0.9997, Acc : 0.0120, Acc_targets :{0: '0/8187', 1: '0/7985', 2: '0/7630', 3: '0/7769', 4: '0/8070', 5: '0/7942', 6: '0/7936', 7: '0/8092', 8: '0/7668', 9: '75/7843', 10: '0/7903', 11: '0/8021', 12: '0/7902', 13: '0/7926', 14: '0/8241', 15: '0/7906', 16: '0/7862', 17: '0/7878', 18: '0/7911', 19: '0/7934', 20: '0/8008', 21: '0/7998', 22: '0/7912', 23: '0/7566', 24: '0/8466', 25: '0/8054', 26: '0/7762', 27: '0/8132', 28: '0/8010', 29: '0/7851', 30: '0/8174', 31: '0/8075', 32: '0/8142', 33: '0/8514', 34: '0/7944', 35: '0/7775', 36: '0/8139', 37: '0/7941', 38: '0/7974', 39: '0/7922', 40: '0/8122', 41: '0/7991', 42: '0/8097', 43: '0/8097', 44: '0/7759', 45: '0/7982', 46: '0/7969', 47: '0/7797', 48: '0/7935', 49: '0/7993', 50: '0/7624', 51: '0/7919', 52: '0/7963', 53: '0/8164', 54: '0/7774', 55: '0/7678', 56: '0/8100', 57: '0/7877', 58: '0/8079', 59: '0/8040', 60: '0/7927', 61: '0/8435', 62: '0/7950', 63: '0/8015', 64: '0/7878', 65: '0/7623', 66: '0/8180', 67: '0/8052', 68: '0/8019', 69: '0/7783', 70: '0/7897', 71: '0/7916', 72: '0/8043', 73: '0/7851', 74: '0/8091', 75: '0/7852', 76: '0/7597', 77: '0/8054', 78: '8118/8118', 79: '0/7673', 80: '0/7775', 81: '0/7804', 82: '0/7838', 83: '0/7863', 84: '0/8197', 85: '0/7932'}
entered test
 Validation : Loss : 0.9997, Acc : 0.0135
Epoch 4 time : 386.7118890285492
entered train
 Training : Loss : 0.9997, Acc : 0.0115, Acc_targets :{0: '0/8203', 1: '0/7909', 2: '0/7641', 3: '0/7899', 4: '0/8079', 5: '0/7929', 6: '0/7730', 7: '0/8013', 8: '0/7772', 9: '0/7719', 10: '0/7858', 11: '0/7774', 12: '0/8037', 13: '0/8045', 14: '0/8289', 15: '0/7851', 16: '0/8087', 17: '0/7800', 18: '0/8105', 19: '0/7858', 20: '0/8007', 21: '0/7904', 22: '0/8037', 23: '0/7754', 24: '0/8342', 25: '0/7997', 26: '0/7704', 27: '0/8023', 28: '0/7796', 29: '0/7786', 30: '0/8199', 31: '0/7930', 32: '0/8258', 33: '0/8489', 34: '0/7972', 35: '0/7826', 36: '0/8011', 37: '0/8111', 38: '0/8040', 39: '0/7966', 40: '0/8316', 41: '0/7969', 42: '0/8003', 43: '0/7971', 44: '0/7884', 45: '0/7928', 46: '0/7724', 47: '0/7841', 48: '0/7987', 49: '0/7965', 50: '0/7916', 51: '0/7830', 52: '0/8156', 53: '0/8113', 54: '0/7896', 55: '0/7695', 56: '0/7994', 57: '0/8056', 58: '0/7938', 59: '0/8091', 60: '0/7847', 61: '0/8251', 62: '0/8086', 63: '0/7836', 64: '0/7985', 65: '0/7622', 66: '0/7964', 67: '0/8106', 68: '0/8028', 69: '0/8040', 70: '0/8210', 71: '0/7931', 72: '0/8094', 73: '0/7794', 74: '0/8083', 75: '0/8072', 76: '0/7786', 77: '0/7883', 78: '7877/7877', 79: '0/7535', 80: '0/7650', 81: '0/7852', 82: '0/7683', 83: '0/7867', 84: '0/8243', 85: '0/7940'}
entered test
 Validation : Loss : 0.9997, Acc : 0.0135
Epoch 5 time : 388.05984830856323
entered train
 Training : Loss : 0.9997, Acc : 0.0116, Acc_targets :{0: '0/8122', 1: '0/7944', 2: '0/7601', 3: '0/7886', 4: '0/8091', 5: '0/7951', 6: '0/7857', 7: '0/7947', 8: '0/7605', 9: '0/7817', 10: '0/8204', 11: '0/7868', 12: '0/7835', 13: '0/7996', 14: '0/8111', 15: '0/7851', 16: '0/7868', 17: '0/7856', 18: '0/8148', 19: '0/7852', 20: '0/7859', 21: '0/7982', 22: '0/7984', 23: '0/7726', 24: '0/8256', 25: '0/7934', 26: '0/7593', 27: '0/7956', 28: '0/8039', 29: '0/7740', 30: '0/8137', 31: '0/8251', 32: '0/8193', 33: '0/8454', 34: '0/8053', 35: '0/7789', 36: '0/7922', 37: '0/8177', 38: '0/8012', 39: '0/7999', 40: '0/8298', 41: '0/8047', 42: '0/8129', 43: '0/8132', 44: '0/7783', 45: '0/8098', 46: '0/7897', 47: '0/7983', 48: '0/7867', 49: '0/7955', 50: '0/7809', 51: '0/7947', 52: '0/7843', 53: '0/8254', 54: '0/7841', 55: '0/7772', 56: '0/7983', 57: '0/7756', 58: '0/7873', 59: '0/7885', 60: '0/7734', 61: '0/8388', 62: '0/7911', 63: '0/8000', 64: '0/8016', 65: '0/7748', 66: '0/8022', 67: '0/8203', 68: '0/7774', 69: '0/7880', 70: '0/8012', 71: '0/8070', 72: '0/7952', 73: '0/7934', 74: '0/7847', 75: '0/8009', 76: '0/7773', 77: '0/7961', 78: '7913/7913', 79: '0/7828', 80: '0/7797', 81: '0/7846', 82: '0/7866', 83: '0/8027', 84: '0/8242', 85: '0/7917'}
entered test
 Validation : Loss : 0.9997, Acc : 0.0135
Epoch 6 time : 387.64955592155457
entered train
 Training : Loss : 0.9997, Acc : 0.0117, Acc_targets :{0: '0/8047', 1: '0/7845', 2: '0/7744', 3: '0/7871', 4: '0/8024', 5: '0/8027', 6: '0/7863', 7: '0/8005', 8: '0/7671', 9: '0/8017', 10: '0/8008', 11: '0/8018', 12: '0/7702', 13: '0/7994', 14: '0/8043', 15: '0/8000', 16: '0/7804', 17: '0/7892', 18: '0/7979', 19: '0/7815', 20: '0/8103', 21: '0/8013', 22: '0/8139', 23: '0/7677', 24: '0/8240', 25: '0/7849', 26: '0/7716', 27: '0/8016', 28: '0/7821', 29: '0/7963', 30: '0/8193', 31: '0/7979', 32: '0/8064', 33: '0/8476', 34: '0/7898', 35: '0/7925', 36: '0/8050', 37: '0/8183', 38: '0/7882', 39: '0/7859', 40: '0/8359', 41: '0/7928', 42: '0/8100', 43: '0/7876', 44: '0/7684', 45: '0/8005', 46: '0/7937', 47: '0/7969', 48: '0/7994', 49: '0/7747', 50: '0/7748', 51: '0/7803', 52: '0/7986', 53: '0/8231', 54: '0/7971', 55: '0/7730', 56: '0/8222', 57: '0/7965', 58: '0/7988', 59: '0/7912', 60: '0/7882', 61: '0/8282', 62: '0/7914', 63: '0/7884', 64: '0/8083', 65: '0/7597', 66: '0/8120', 67: '0/8092', 68: '0/7893', 69: '0/8073', 70: '0/7909', 71: '0/7833', 72: '0/8054', 73: '0/8032', 74: '0/8117', 75: '0/7943', 76: '0/7714', 77: '0/7876', 78: '8005/8005', 79: '0/7762', 80: '0/7905', 81: '0/7908', 82: '0/7797', 83: '0/8052', 84: '0/8061', 85: '0/7930'}
entered test
 Validation : Loss : 0.9997, Acc : 0.0135
Epoch 7 time : 387.7129576206207
entered train
 Training : Loss : 0.9997, Acc : 0.0114, Acc_targets :{0: '0/8044', 1: '0/7808', 2: '0/7734', 3: '0/7877', 4: '0/8032', 5: '0/7954', 6: '0/8138', 7: '0/8153', 8: '0/7706', 9: '0/8066', 10: '0/7943', 11: '0/7725', 12: '0/7959', 13: '0/7984', 14: '0/8132', 15: '0/7852', 16: '0/7915', 17: '0/7985', 18: '0/7974', 19: '0/7980', 20: '0/7826', 21: '0/8089', 22: '0/7978', 23: '0/7729', 24: '0/8306', 25: '0/7833', 26: '0/7689', 27: '0/7907', 28: '0/7877', 29: '0/7954', 30: '0/8160', 31: '0/7885', 32: '0/8278', 33: '0/8336', 34: '0/7763', 35: '0/7793', 36: '0/8051', 37: '0/8220', 38: '0/7954', 39: '0/8038', 40: '0/8342', 41: '0/7986', 42: '0/7861', 43: '0/8032', 44: '0/7812', 45: '0/7878', 46: '0/7856', 47: '0/7861', 48: '0/7773', 49: '0/8141', 50: '0/7790', 51: '0/7809', 52: '0/8061', 53: '0/8058', 54: '0/8057', 55: '0/7762', 56: '0/8235', 57: '0/8107', 58: '0/7859', 59: '0/7842', 60: '0/7911', 61: '0/8417', 62: '0/7962', 63: '0/7751', 64: '0/8057', 65: '0/7542', 66: '0/8144', 67: '0/8371', 68: '0/7938', 69: '0/7873', 70: '0/7985', 71: '0/7959', 72: '0/8017', 73: '0/7949', 74: '0/8075', 75: '0/7871', 76: '0/7712', 77: '0/8014', 78: '7815/7815', 79: '0/7689', 80: '0/7868', 81: '0/7799', 82: '0/7788', 83: '0/7928', 84: '0/8276', 85: '0/7828'}
entered test
 Validation : Loss : 0.9997, Acc : 0.0135
Epoch 8 time : 387.02004885673523
entered train
 Training : Loss : 0.9997, Acc : 0.0116, Acc_targets :{0: '0/7868', 1: '0/7968', 2: '0/7650', 3: '0/7917', 4: '0/7890', 5: '0/7946', 6: '0/8018', 7: '0/8054', 8: '0/7734', 9: '0/7931', 10: '0/7929', 11: '0/7980', 12: '0/7969', 13: '0/8040', 14: '0/8275', 15: '0/7868', 16: '0/7952', 17: '0/7874', 18: '0/7980', 19: '0/8045', 20: '0/7940', 21: '0/7976', 22: '0/7945', 23: '0/7760', 24: '0/8600', 25: '0/7988', 26: '0/7659', 27: '0/8036', 28: '0/7710', 29: '0/7900', 30: '0/8100', 31: '0/8063', 32: '0/8083', 33: '0/8512', 34: '0/7869', 35: '0/7753', 36: '0/7817', 37: '0/8061', 38: '0/7856', 39: '0/7918', 40: '0/8424', 41: '0/7907', 42: '0/7962', 43: '0/8184', 44: '0/7815', 45: '0/7868', 46: '0/7936', 47: '0/8136', 48: '0/7895', 49: '0/7913', 50: '0/7933', 51: '0/7873', 52: '0/8044', 53: '0/8117', 54: '0/7936', 55: '0/7714', 56: '0/8010', 57: '0/7891', 58: '0/7932', 59: '0/7831', 60: '0/7866', 61: '0/8352', 62: '0/7936', 63: '0/8023', 64: '0/8023', 65: '0/7684', 66: '0/8118', 67: '0/8124', 68: '0/8021', 69: '0/7871', 70: '0/8044', 71: '0/7986', 72: '0/8024', 73: '0/7883', 74: '0/7923', 75: '0/7963', 76: '0/7602', 77: '0/8026', 78: '7909/7909', 79: '0/7633', 80: '0/7746', 81: '0/7800', 82: '0/7750', 83: '0/8054', 84: '0/8264', 85: '0/7908'}
entered test
 Validation : Loss : 0.9997, Acc : 0.0135
Epoch 9 time : 388.1977574825287
learned
