True
Data loading started
Dataset Loaded
The train set contains 684315 images, in 2674 batches
The validation set contains 171079 images, in 669 batches
initiated conv model
5184
initiated linear model
Logging to ./logs/run_BadF1loss_2
entered train
 Training : Loss : 0.9495, Acc : 0.4268, Acc_targets :{0: '0/0', 1: '0/0', 2: '0/0', 3: '0/0', 4: '0/0', 5: '0/0', 6: '0/0', 7: '0/0', 8: '0/0', 9: '0/0', 10: '0/0', 11: '0/0', 12: '0/0', 13: '0/0', 14: '0/0', 15: '0/0', 16: '0/0', 17: '0/0', 18: '0/0', 19: '0/0', 20: '0/0', 21: '0/0', 22: '0/0', 23: '0/0', 24: '0/0', 25: '0/0', 26: '0/0', 27: '0/0', 28: '0/0', 29: '0/0', 30: '0/0', 31: '0/0', 32: '0/0', 33: '0/0', 34: '0/0', 35: '0/0', 36: '0/0', 37: '0/0', 38: '0/0', 39: '0/0', 40: '0/0', 41: '0/0', 42: '0/0', 43: '0/0', 44: '0/0', 45: '0/0', 46: '0/0', 47: '0/0', 48: '0/0', 49: '0/0', 50: '0/0', 51: '0/0', 52: '0/0', 53: '0/0', 54: '0/0', 55: '0/0', 56: '0/0', 57: '0/0', 58: '0/0', 59: '0/0', 60: '0/0', 61: '0/0', 62: '0/0', 63: '0/0', 64: '0/0', 65: '0/0', 66: '0/0', 67: '0/0', 68: '0/0', 69: '0/0', 70: '0/0', 71: '0/0', 72: '0/0', 73: '0/0', 74: '0/0', 75: '0/0', 76: '0/0', 77: '0/0', 78: '0/0', 79: '0/0', 80: '0/0', 81: '0/0', 82: '0/0', 83: '0/0', 84: '0/0', 85: '0/0'}
entered test
 Validation : Loss : 0.9372, Acc : 0.4924
Saving a better model
Epoch 0 time : 430.956036567688
entered train
 Training : Loss : 0.9286, Acc : 0.4884, Acc_targets :{0: '0/0', 1: '0/0', 2: '0/0', 3: '0/0', 4: '0/0', 5: '0/0', 6: '0/0', 7: '0/0', 8: '0/0', 9: '0/0', 10: '0/0', 11: '0/0', 12: '0/0', 13: '0/0', 14: '0/0', 15: '0/0', 16: '0/0', 17: '0/0', 18: '0/0', 19: '0/0', 20: '0/0', 21: '0/0', 22: '0/0', 23: '0/0', 24: '0/0', 25: '0/0', 26: '0/0', 27: '0/0', 28: '0/0', 29: '0/0', 30: '0/0', 31: '0/0', 32: '0/0', 33: '0/0', 34: '0/0', 35: '0/0', 36: '0/0', 37: '0/0', 38: '0/0', 39: '0/0', 40: '0/0', 41: '0/0', 42: '0/0', 43: '0/0', 44: '0/0', 45: '0/0', 46: '0/0', 47: '0/0', 48: '0/0', 49: '0/0', 50: '0/0', 51: '0/0', 52: '0/0', 53: '0/0', 54: '0/0', 55: '0/0', 56: '0/0', 57: '0/0', 58: '0/0', 59: '0/0', 60: '0/0', 61: '0/0', 62: '0/0', 63: '0/0', 64: '0/0', 65: '0/0', 66: '0/0', 67: '0/0', 68: '0/0', 69: '0/0', 70: '0/0', 71: '0/0', 72: '0/0', 73: '0/0', 74: '0/0', 75: '0/0', 76: '0/0', 77: '0/0', 78: '0/0', 79: '0/0', 80: '0/0', 81: '0/0', 82: '0/0', 83: '0/0', 84: '0/0', 85: '0/0'}
entered test
 Validation : Loss : 0.9162, Acc : 0.4673
Saving a better model
Epoch 1 time : 428.61251044273376
entered train
 Training : Loss : 0.9141, Acc : 0.5004, Acc_targets :{0: '0/0', 1: '0/0', 2: '0/0', 3: '0/0', 4: '0/0', 5: '0/0', 6: '0/0', 7: '0/0', 8: '0/0', 9: '0/0', 10: '0/0', 11: '0/0', 12: '0/0', 13: '0/0', 14: '0/0', 15: '0/0', 16: '0/0', 17: '0/0', 18: '0/0', 19: '0/0', 20: '0/0', 21: '0/0', 22: '0/0', 23: '0/0', 24: '0/0', 25: '0/0', 26: '0/0', 27: '0/0', 28: '0/0', 29: '0/0', 30: '0/0', 31: '0/0', 32: '0/0', 33: '0/0', 34: '0/0', 35: '0/0', 36: '0/0', 37: '0/0', 38: '0/0', 39: '0/0', 40: '0/0', 41: '0/0', 42: '0/0', 43: '0/0', 44: '0/0', 45: '0/0', 46: '0/0', 47: '0/0', 48: '0/0', 49: '0/0', 50: '0/0', 51: '0/0', 52: '0/0', 53: '0/0', 54: '0/0', 55: '0/0', 56: '0/0', 57: '0/0', 58: '0/0', 59: '0/0', 60: '0/0', 61: '0/0', 62: '0/0', 63: '0/0', 64: '0/0', 65: '0/0', 66: '0/0', 67: '0/0', 68: '0/0', 69: '0/0', 70: '0/0', 71: '0/0', 72: '0/0', 73: '0/0', 74: '0/0', 75: '0/0', 76: '0/0', 77: '0/0', 78: '0/0', 79: '0/0', 80: '0/0', 81: '0/0', 82: '0/0', 83: '0/0', 84: '0/0', 85: '0/0'}
entered test
 Validation : Loss : 0.9133, Acc : 0.4986
Saving a better model
Epoch 2 time : 429.37390875816345
entered train
 Training : Loss : 0.9090, Acc : 0.5129, Acc_targets :{0: '0/0', 1: '0/0', 2: '0/0', 3: '0/0', 4: '0/0', 5: '0/0', 6: '0/0', 7: '0/0', 8: '0/0', 9: '0/0', 10: '0/0', 11: '0/0', 12: '0/0', 13: '0/0', 14: '0/0', 15: '0/0', 16: '0/0', 17: '0/0', 18: '0/0', 19: '0/0', 20: '0/0', 21: '0/0', 22: '0/0', 23: '0/0', 24: '0/0', 25: '0/0', 26: '0/0', 27: '0/0', 28: '0/0', 29: '0/0', 30: '0/0', 31: '0/0', 32: '0/0', 33: '0/0', 34: '0/0', 35: '0/0', 36: '0/0', 37: '0/0', 38: '0/0', 39: '0/0', 40: '0/0', 41: '0/0', 42: '0/0', 43: '0/0', 44: '0/0', 45: '0/0', 46: '0/0', 47: '0/0', 48: '0/0', 49: '0/0', 50: '0/0', 51: '0/0', 52: '0/0', 53: '0/0', 54: '0/0', 55: '0/0', 56: '0/0', 57: '0/0', 58: '0/0', 59: '0/0', 60: '0/0', 61: '0/0', 62: '0/0', 63: '0/0', 64: '0/0', 65: '0/0', 66: '0/0', 67: '0/0', 68: '0/0', 69: '0/0', 70: '0/0', 71: '0/0', 72: '0/0', 73: '0/0', 74: '0/0', 75: '0/0', 76: '0/0', 77: '0/0', 78: '0/0', 79: '0/0', 80: '0/0', 81: '0/0', 82: '0/0', 83: '0/0', 84: '0/0', 85: '0/0'}
entered test
 Validation : Loss : 0.9045, Acc : 0.5239
Saving a better model
Epoch 3 time : 429.83385848999023
entered train
 Training : Loss : 0.9052, Acc : 0.5137, Acc_targets :{0: '0/0', 1: '0/0', 2: '0/0', 3: '0/0', 4: '0/0', 5: '0/0', 6: '0/0', 7: '0/0', 8: '0/0', 9: '0/0', 10: '0/0', 11: '0/0', 12: '0/0', 13: '0/0', 14: '0/0', 15: '0/0', 16: '0/0', 17: '0/0', 18: '0/0', 19: '0/0', 20: '0/0', 21: '0/0', 22: '0/0', 23: '0/0', 24: '0/0', 25: '0/0', 26: '0/0', 27: '0/0', 28: '0/0', 29: '0/0', 30: '0/0', 31: '0/0', 32: '0/0', 33: '0/0', 34: '0/0', 35: '0/0', 36: '0/0', 37: '0/0', 38: '0/0', 39: '0/0', 40: '0/0', 41: '0/0', 42: '0/0', 43: '0/0', 44: '0/0', 45: '0/0', 46: '0/0', 47: '0/0', 48: '0/0', 49: '0/0', 50: '0/0', 51: '0/0', 52: '0/0', 53: '0/0', 54: '0/0', 55: '0/0', 56: '0/0', 57: '0/0', 58: '0/0', 59: '0/0', 60: '0/0', 61: '0/0', 62: '0/0', 63: '0/0', 64: '0/0', 65: '0/0', 66: '0/0', 67: '0/0', 68: '0/0', 69: '0/0', 70: '0/0', 71: '0/0', 72: '0/0', 73: '0/0', 74: '0/0', 75: '0/0', 76: '0/0', 77: '0/0', 78: '0/0', 79: '0/0', 80: '0/0', 81: '0/0', 82: '0/0', 83: '0/0', 84: '0/0', 85: '0/0'}
entered test
 Validation : Loss : 0.9050, Acc : 0.5309
Epoch 4 time : 428.35179901123047
learned
