True
Data loading started
Dataset Loaded
The train set contains 684315 images, in 5347 batches
The validation set contains 171079 images, in 1337 batches
initiated conv model
256
initiated linear model
Logging to ./logs/run_withoutSamplerF1loss
entered train
 Training : Loss : 0.9783, Acc : 0.2860, Acc_targets :{0: '0/1581', 1: '76796/194890', 2: '0/172', 3: '0/517', 4: '0/1053', 5: '0/1069', 6: '6209/19091', 7: '0/4643', 8: '0/228', 9: '2503/14786', 10: '0/423', 11: '0/145', 12: '0/835', 13: '0/968', 14: '0/555', 15: '0/4514', 16: '0/6708', 17: '0/2465', 18: '0/143', 19: '0/737', 20: '0/3840', 21: '0/2271', 22: '3/2584', 23: '0/62', 24: '0/29', 25: '0/3078', 26: '0/80', 27: '0/6582', 28: '0/452', 29: '3278/15427', 30: '0/543', 31: '2/3397', 32: '0/267', 33: '0/151', 34: '0/1181', 35: '0/1526', 36: '72089/143861', 37: '0/2821', 38: '0/866', 39: '608/4837', 40: '0/124', 41: '13347/26403', 42: '0/1638', 43: '0/134', 44: '0/250', 45: '0/11915', 46: '57/3656', 47: '0/117', 48: '0/3104', 49: '77/3176', 50: '0/2498', 51: '0/1585', 52: '0/4062', 53: '0/191', 54: '21/5147', 55: '0/596', 56: '0/1036', 57: '1648/10127', 58: '5107/33677', 59: '0/7993', 60: '0/2763', 61: '0/222', 62: '0/363', 63: '0/7959', 64: '0/6588', 65: '0/301', 66: '0/1874', 67: '0/185', 68: '0/505', 69: '0/12402', 70: '0/10358', 71: '0/3538', 72: '0/1009', 73: '0/4465', 74: '82/5636', 75: '13835/42694', 76: '0/188', 77: '0/494', 78: '16/9170', 79: '0/73', 80: '0/2039', 81: '0/1979', 82: '0/294', 83: '0/1660', 84: '0/136', 85: '0/586'}
entered test
 Validation : Loss : 0.9814, Acc : 0.4000
Saving a better model
Epoch 0 time : 7398.09303689003
entered train
 Training : Loss : 0.9980, Acc : 0.0498, Acc_targets :{0: '0/1581', 1: '6271/194891', 2: '0/172', 3: '0/517', 4: '0/1052', 5: '0/1069', 6: '17930/19091', 7: '0/4643', 8: '0/228', 9: '277/14787', 10: '0/423', 11: '0/145', 12: '0/835', 13: '0/968', 14: '0/555', 15: '0/4514', 16: '0/6708', 17: '0/2465', 18: '0/143', 19: '0/737', 20: '0/3840', 21: '0/2271', 22: '0/2584', 23: '0/62', 24: '0/29', 25: '0/3078', 26: '0/80', 27: '0/6583', 28: '0/452', 29: '0/15426', 30: '0/543', 31: '0/3397', 32: '0/267', 33: '0/151', 34: '0/1181', 35: '0/1526', 36: '7843/143860', 37: '0/2821', 38: '0/866', 39: '0/4838', 40: '0/124', 41: '221/26402', 42: '0/1638', 43: '0/134', 44: '0/250', 45: '0/11917', 46: '0/3657', 47: '0/117', 48: '0/3104', 49: '1/3175', 50: '0/2499', 51: '0/1585', 52: '0/4062', 53: '0/191', 54: '0/5147', 55: '0/596', 56: '0/1036', 57: '199/10127', 58: '28/33674', 59: '0/7993', 60: '0/2763', 61: '0/222', 62: '0/363', 63: '0/7959', 64: '0/6588', 65: '0/301', 66: '0/1874', 67: '0/185', 68: '0/505', 69: '0/12403', 70: '0/10359', 71: '0/3538', 72: '0/1009', 73: '0/4465', 74: '0/5636', 75: '1279/42694', 76: '0/188', 77: '0/494', 78: '0/9169', 79: '0/73', 80: '0/2038', 81: '0/1979', 82: '0/294', 83: '0/1660', 84: '0/136', 85: '0/586'}
entered test
 Validation : Loss : 0.9994, Acc : 0.0275
Epoch 1 time : 6757.143278121948
entered train
 Training : Loss : 0.9994, Acc : 0.0279, Acc_targets :{0: '0/1581', 1: '0/194890', 2: '0/172', 3: '0/517', 4: '0/1053', 5: '0/1069', 6: '19093/19093', 7: '0/4643', 8: '0/228', 9: '0/14784', 10: '0/423', 11: '0/145', 12: '0/835', 13: '0/968', 14: '0/555', 15: '0/4514', 16: '0/6708', 17: '0/2465', 18: '0/143', 19: '0/737', 20: '0/3840', 21: '0/2270', 22: '0/2584', 23: '0/62', 24: '0/29', 25: '0/3078', 26: '0/80', 27: '0/6583', 28: '0/452', 29: '0/15426', 30: '0/543', 31: '0/3397', 32: '0/267', 33: '0/151', 34: '0/1181', 35: '0/1526', 36: '0/143860', 37: '0/2821', 38: '0/866', 39: '0/4838', 40: '0/124', 41: '0/26402', 42: '0/1639', 43: '0/134', 44: '0/250', 45: '0/11916', 46: '0/3657', 47: '0/117', 48: '0/3104', 49: '0/3176', 50: '0/2499', 51: '0/1585', 52: '0/4059', 53: '0/191', 54: '0/5147', 55: '0/596', 56: '0/1036', 57: '0/10127', 58: '0/33676', 59: '0/7993', 60: '0/2763', 61: '0/222', 62: '0/363', 63: '0/7959', 64: '0/6589', 65: '0/301', 66: '0/1874', 67: '0/185', 68: '0/505', 69: '0/12402', 70: '0/10359', 71: '0/3538', 72: '0/1009', 73: '0/4465', 74: '0/5636', 75: '0/42695', 76: '0/188', 77: '0/494', 78: '0/9169', 79: '0/73', 80: '0/2039', 81: '0/1979', 82: '0/294', 83: '0/1660', 84: '0/136', 85: '0/586'}
entered test
 Validation : Loss : 0.9994, Acc : 0.0275
Epoch 2 time : 6676.988005399704
entered train
 Training : Loss : 0.9994, Acc : 0.0279, Acc_targets :{0: '0/1581', 1: '0/194892', 2: '0/172', 3: '0/517', 4: '0/1053', 5: '0/1069', 6: '19091/19091', 7: '0/4643', 8: '0/228', 9: '0/14787', 10: '0/423', 11: '0/145', 12: '0/835', 13: '0/968', 14: '0/555', 15: '0/4514', 16: '0/6708', 17: '0/2465', 18: '0/143', 19: '0/737', 20: '0/3840', 21: '0/2271', 22: '0/2584', 23: '0/62', 24: '0/29', 25: '0/3077', 26: '0/80', 27: '0/6583', 28: '0/452', 29: '0/15426', 30: '0/543', 31: '0/3397', 32: '0/267', 33: '0/151', 34: '0/1181', 35: '0/1525', 36: '0/143857', 37: '0/2821', 38: '0/866', 39: '0/4838', 40: '0/124', 41: '0/26402', 42: '0/1639', 43: '0/134', 44: '0/250', 45: '0/11917', 46: '0/3657', 47: '0/117', 48: '0/3104', 49: '0/3176', 50: '0/2499', 51: '0/1585', 52: '0/4062', 53: '0/191', 54: '0/5147', 55: '0/596', 56: '0/1036', 57: '0/10127', 58: '0/33676', 59: '0/7992', 60: '0/2763', 61: '0/222', 62: '0/363', 63: '0/7958', 64: '0/6589', 65: '0/301', 66: '0/1874', 67: '0/185', 68: '0/505', 69: '0/12401', 70: '0/10359', 71: '0/3538', 72: '0/1009', 73: '0/4465', 74: '0/5636', 75: '0/42694', 76: '0/188', 77: '0/494', 78: '0/9170', 79: '0/73', 80: '0/2039', 81: '0/1979', 82: '0/294', 83: '0/1660', 84: '0/136', 85: '0/586'}
entered test
 Validation : Loss : 0.9994, Acc : 0.0275
Epoch 3 time : 6568.715982913971
entered train
 Training : Loss : 0.9994, Acc : 0.0279, Acc_targets :{0: '0/1581', 1: '0/194893', 2: '0/172', 3: '0/517', 4: '0/1053', 5: '0/1069', 6: '19093/19093', 7: '0/4643', 8: '0/228', 9: '0/14787', 10: '0/423', 11: '0/145', 12: '0/835', 13: '0/968', 14: '0/555', 15: '0/4514', 16: '0/6707', 17: '0/2464', 18: '0/143', 19: '0/737', 20: '0/3840', 21: '0/2271', 22: '0/2584', 23: '0/62', 24: '0/29', 25: '0/3078', 26: '0/80', 27: '0/6583', 28: '0/452', 29: '0/15426', 30: '0/543', 31: '0/3397', 32: '0/267', 33: '0/151', 34: '0/1181', 35: '0/1526', 36: '0/143856', 37: '0/2821', 38: '0/866', 39: '0/4838', 40: '0/124', 41: '0/26403', 42: '0/1639', 43: '0/134', 44: '0/250', 45: '0/11916', 46: '0/3657', 47: '0/117', 48: '0/3103', 49: '0/3176', 50: '0/2498', 51: '0/1585', 52: '0/4062', 53: '0/191', 54: '0/5147', 55: '0/596', 56: '0/1036', 57: '0/10126', 58: '0/33675', 59: '0/7993', 60: '0/2762', 61: '0/222', 62: '0/363', 63: '0/7959', 64: '0/6588', 65: '0/301', 66: '0/1874', 67: '0/185', 68: '0/505', 69: '0/12403', 70: '0/10359', 71: '0/3538', 72: '0/1009', 73: '0/4465', 74: '0/5636', 75: '0/42694', 76: '0/188', 77: '0/494', 78: '0/9170', 79: '0/73', 80: '0/2039', 81: '0/1979', 82: '0/294', 83: '0/1660', 84: '0/136', 85: '0/586'}
entered test
 Validation : Loss : 0.9994, Acc : 0.0275
Epoch 4 time : 6549.558261871338
learned
