True
Data loading started
Dataset Loaded
The train set contains 684315 images, in 10693 batches
The validation set contains 171079 images, in 2674 batches
initiated conv model
256
initiated linear model
Logging to ./logs/run_0
entered train
 Training : Loss : 0.9721, Acc : 0.3861
entered test
 Validation : Loss : 0.9662, Acc : 0.4210
Saving a better model
Epoch 0 time : 6732.162919521332
entered train
 Training : Loss : 0.9692, Acc : 0.4085
entered test
 Validation : Loss : 0.9716, Acc : 0.4119
Epoch 1 time : 6837.979487895966
entered train
 Training : Loss : 0.9705, Acc : 0.3991
entered test
 Validation : Loss : 0.9712, Acc : 0.3981
Epoch 2 time : 6834.180264234543
entered train
